<?xml version="1.0" encoding="UTF-8"?>
<coverage generated="1775998110030" clover="3.2.0">
  <project timestamp="1775998110030" name="All files">
    <metrics statements="1671" coveredstatements="401" conditionals="1018" coveredconditionals="106" methods="157" coveredmethods="12" elements="2846" coveredelements="519" complexity="0" loc="1671" ncloc="1671" packages="6" files="14" classes="14"/>
    <package name="configs">
      <metrics statements="15" coveredstatements="4" conditionals="11" coveredconditionals="0" methods="3" coveredmethods="0"/>
      <file name="NotificationConfig.js" path="D:\GearXpert\gearxpertbe\configs\NotificationConfig.js">
        <metrics statements="15" coveredstatements="4" conditionals="11" coveredconditionals="0" methods="3" coveredmethods="0"/>
        <line num="1" count="1" type="stmt"/>
        <line num="2" count="1" type="stmt"/>
        <line num="5" count="1" type="stmt"/>
        <line num="7" count="0" type="stmt"/>
        <line num="11" count="0" type="stmt"/>
        <line num="12" count="0" type="stmt"/>
        <line num="21" count="0" type="stmt"/>
        <line num="23" count="0" type="cond" truecount="0" falsecount="4"/>
        <line num="25" count="0" type="cond" truecount="0" falsecount="2"/>
        <line num="28" count="0" type="stmt"/>
        <line num="29" count="0" type="stmt"/>
        <line num="42" count="0" type="stmt"/>
        <line num="44" count="0" type="stmt"/>
        <line num="50" count="0" type="stmt"/>
        <line num="54" count="1" type="stmt"/>
      </file>
    </package>
    <package name="controllers.Cart">
      <metrics statements="188" coveredstatements="168" conditionals="98" coveredconditionals="79" methods="9" coveredmethods="9"/>
      <file name="CartController.js" path="D:\GearXpert\gearxpertbe\controllers\Cart\CartController.js">
        <metrics statements="188" coveredstatements="168" conditionals="98" coveredconditionals="79" methods="9" coveredmethods="9"/>
        <line num="1" count="1" type="stmt"/>
        <line num="2" count="1" type="stmt"/>
        <line num="3" count="1" type="stmt"/>
        <line num="4" count="1" type="stmt"/>
        <line num="6" count="1" type="stmt"/>
        <line num="14" count="1" type="stmt"/>
        <line num="15" count="5" type="stmt"/>
        <line num="16" count="5" type="cond" truecount="2" falsecount="0"/>
        <line num="18" count="5" type="stmt"/>
        <line num="20" count="5" type="stmt"/>
        <line num="32" count="4" type="cond" truecount="4" falsecount="0"/>
        <line num="33" count="1" type="stmt"/>
        <line num="36" count="3" type="stmt"/>
        <line num="39" count="3" type="stmt"/>
        <line num="40" count="5" type="stmt"/>
        <line num="42" count="5" type="cond" truecount="1" falsecount="1"/>
        <line num="43" count="0" type="stmt"/>
        <line num="44" count="0" type="stmt"/>
        <line num="48" count="5" type="stmt"/>
        <line num="57" count="5" type="cond" truecount="4" falsecount="0"/>
        <line num="62" count="5" type="cond" truecount="2" falsecount="0"/>
        <line num="63" count="3" type="stmt"/>
        <line num="67" count="3" type="stmt"/>
        <line num="68" count="3" type="cond" truecount="2" falsecount="0"/>
        <line num="69" count="2" type="stmt"/>
        <line num="72" count="2" type="stmt"/>
        <line num="75" count="2" type="stmt"/>
        <line num="76" count="6" type="stmt"/>
        <line num="80" count="1" type="stmt"/>
        <line num="83" count="1" type="stmt"/>
        <line num="94" count="2" type="stmt"/>
        <line num="102" count="2" type="stmt"/>
        <line num="103" count="2" type="stmt"/>
        <line num="110" count="1" type="stmt"/>
        <line num="111" count="9" type="stmt"/>
        <line num="112" count="9" type="cond" truecount="0" falsecount="1"/>
        <line num="114" count="9" type="stmt"/>
        <line num="115" count="9" type="stmt"/>
        <line num="116" count="8" type="cond" truecount="2" falsecount="0"/>
        <line num="117" count="2" type="stmt"/>
        <line num="120" count="6" type="cond" truecount="2" falsecount="0"/>
        <line num="125" count="1" type="stmt"/>
        <line num="130" count="5" type="stmt"/>
        <line num="135" count="5" type="cond" truecount="2" falsecount="0"/>
        <line num="136" count="1" type="stmt"/>
        <line num="141" count="4" type="stmt"/>
        <line num="142" count="4" type="stmt"/>
        <line num="143" count="4" type="cond" truecount="2" falsecount="0"/>
        <line num="144" count="1" type="stmt"/>
        <line num="149" count="3" type="stmt"/>
        <line num="151" count="3" type="stmt"/>
        <line num="152" count="3" type="cond" truecount="2" falsecount="0"/>
        <line num="153" count="1" type="stmt"/>
        <line num="157" count="3" type="stmt"/>
        <line num="164" count="3" type="cond" truecount="2" falsecount="0"/>
        <line num="165" count="1" type="stmt"/>
        <line num="166" count="1" type="stmt"/>
        <line num="167" count="1" type="stmt"/>
        <line num="172" count="2" type="stmt"/>
        <line num="181" count="2" type="stmt"/>
        <line num="182" count="2" type="stmt"/>
        <line num="184" count="2" type="stmt"/>
        <line num="188" count="1" type="stmt"/>
        <line num="189" count="1" type="stmt"/>
        <line num="199" count="1" type="stmt"/>
        <line num="200" count="3" type="stmt"/>
        <line num="201" count="3" type="cond" truecount="1" falsecount="0"/>
        <line num="203" count="3" type="stmt"/>
        <line num="205" count="3" type="stmt"/>
        <line num="210" count="3" type="stmt"/>
        <line num="212" count="3" type="stmt"/>
        <line num="213" count="3" type="cond" truecount="2" falsecount="0"/>
        <line num="214" count="1" type="stmt"/>
        <line num="218" count="2" type="cond" truecount="4" falsecount="0"/>
        <line num="219" count="1" type="stmt"/>
        <line num="222" count="1" type="stmt"/>
        <line num="228" count="1" type="cond" truecount="1" falsecount="1"/>
        <line num="229" count="0" type="stmt"/>
        <line num="236" count="1" type="stmt"/>
        <line num="237" count="1" type="stmt"/>
        <line num="238" count="1" type="cond" truecount="1" falsecount="1"/>
        <line num="239" count="0" type="stmt"/>
        <line num="244" count="1" type="stmt"/>
        <line num="246" count="1" type="stmt"/>
        <line num="248" count="1" type="stmt"/>
        <line num="257" count="1" type="stmt"/>
        <line num="258" count="1" type="stmt"/>
        <line num="260" count="1" type="stmt"/>
        <line num="269" count="1" type="stmt"/>
        <line num="275" count="0" type="stmt"/>
        <line num="276" count="0" type="stmt"/>
        <line num="283" count="1" type="stmt"/>
        <line num="284" count="3" type="stmt"/>
        <line num="285" count="3" type="stmt"/>
        <line num="287" count="3" type="stmt"/>
        <line num="288" count="3" type="stmt"/>
        <line num="289" count="2" type="cond" truecount="2" falsecount="0"/>
        <line num="291" count="1" type="stmt"/>
        <line num="292" count="1" type="cond" truecount="1" falsecount="1"/>
        <line num="294" count="1" type="stmt"/>
        <line num="295" count="1" type="stmt"/>
        <line num="296" count="1" type="stmt"/>
        <line num="298" count="1" type="stmt"/>
        <line num="300" count="1" type="stmt"/>
        <line num="307" count="1" type="stmt"/>
        <line num="308" count="2" type="stmt"/>
        <line num="309" count="2" type="cond" truecount="1" falsecount="1"/>
        <line num="311" count="2" type="stmt"/>
        <line num="312" count="2" type="stmt"/>
        <line num="313" count="2" type="cond" truecount="2" falsecount="0"/>
        <line num="315" count="1" type="stmt"/>
        <line num="316" count="1" type="stmt"/>
        <line num="318" count="1" type="stmt"/>
        <line num="320" count="0" type="stmt"/>
        <line num="327" count="1" type="stmt"/>
        <line num="328" count="2" type="stmt"/>
        <line num="329" count="2" type="stmt"/>
        <line num="331" count="2" type="cond" truecount="3" falsecount="1"/>
        <line num="332" count="0" type="stmt"/>
        <line num="335" count="2" type="stmt"/>
        <line num="336" count="2" type="stmt"/>
        <line num="337" count="2" type="stmt"/>
        <line num="338" count="2" type="cond" truecount="1" falsecount="1"/>
        <line num="339" count="0" type="stmt"/>
        <line num="343" count="2" type="stmt"/>
        <line num="345" count="2" type="stmt"/>
        <line num="346" count="2" type="cond" truecount="2" falsecount="0"/>
        <line num="347" count="1" type="stmt"/>
        <line num="350" count="2" type="stmt"/>
        <line num="351" count="2" type="stmt"/>
        <line num="353" count="2" type="cond" truecount="0" falsecount="1"/>
        <line num="354" count="2" type="stmt"/>
        <line num="355" count="2" type="cond" truecount="1" falsecount="1"/>
        <line num="361" count="0" type="stmt"/>
        <line num="362" count="0" type="stmt"/>
        <line num="365" count="2" type="stmt"/>
        <line num="370" count="2" type="cond" truecount="1" falsecount="1"/>
        <line num="371" count="0" type="stmt"/>
        <line num="372" count="0" type="stmt"/>
        <line num="375" count="2" type="stmt"/>
        <line num="384" count="2" type="stmt"/>
        <line num="385" count="2" type="stmt"/>
        <line num="388" count="2" type="stmt"/>
        <line num="390" count="2" type="stmt"/>
        <line num="398" count="0" type="stmt"/>
        <line num="399" count="0" type="stmt"/>
        <line num="408" count="1" type="stmt"/>
        <line num="409" count="6" type="stmt"/>
        <line num="410" count="6" type="stmt"/>
        <line num="411" count="6" type="stmt"/>
        <line num="413" count="6" type="stmt"/>
        <line num="415" count="6" type="stmt"/>
        <line num="416" count="5" type="cond" truecount="2" falsecount="0"/>
        <line num="417" count="1" type="stmt"/>
        <line num="421" count="4" type="stmt"/>
        <line num="425" count="4" type="cond" truecount="1" falsecount="1"/>
        <line num="426" count="0" type="stmt"/>
        <line num="429" count="4" type="stmt"/>
        <line num="430" count="4" type="cond" truecount="3" falsecount="1"/>
        <line num="431" count="0" type="stmt"/>
        <line num="434" count="4" type="stmt"/>
        <line num="437" count="4" type="cond" truecount="4" falsecount="0"/>
        <line num="438" count="3" type="cond" truecount="1" falsecount="1"/>
        <line num="439" count="3" type="cond" truecount="1" falsecount="1"/>
        <line num="441" count="3" type="cond" truecount="2" falsecount="0"/>
        <line num="442" count="1" type="stmt"/>
        <line num="448" count="2" type="stmt"/>
        <line num="453" count="2" type="cond" truecount="2" falsecount="0"/>
        <line num="454" count="1" type="stmt"/>
        <line num="459" count="1" type="stmt"/>
        <line num="460" count="1" type="stmt"/>
        <line num="461" count="1" type="stmt"/>
        <line num="466" count="1" type="stmt"/>
        <line num="470" count="2" type="cond" truecount="1" falsecount="1"/>
        <line num="471" count="2" type="cond" truecount="1" falsecount="1"/>
        <line num="472" count="0" type="stmt"/>
        <line num="475" count="2" type="stmt"/>
        <line num="480" count="2" type="cond" truecount="1" falsecount="1"/>
        <line num="481" count="0" type="stmt"/>
        <line num="486" count="2" type="stmt"/>
        <line num="487" count="2" type="stmt"/>
        <line num="490" count="2" type="cond" truecount="1" falsecount="1"/>
        <line num="491" count="0" type="stmt"/>
        <line num="494" count="2" type="stmt"/>
        <line num="497" count="2" type="stmt"/>
        <line num="503" count="2" type="stmt"/>
        <line num="509" count="1" type="stmt"/>
        <line num="510" count="1" type="stmt"/>
      </file>
    </package>
    <package name="controllers.Rental">
      <metrics statements="790" coveredstatements="119" conditionals="378" coveredconditionals="27" methods="74" coveredmethods="3"/>
      <file name="RentalController.js" path="D:\GearXpert\gearxpertbe\controllers\Rental\RentalController.js">
        <metrics statements="790" coveredstatements="119" conditionals="378" coveredconditionals="27" methods="74" coveredmethods="3"/>
        <line num="1" count="1" type="stmt"/>
        <line num="3" count="1" type="stmt"/>
        <line num="5" count="1" type="stmt"/>
        <line num="7" count="1" type="stmt"/>
        <line num="9" count="1" type="stmt"/>
        <line num="11" count="1" type="stmt"/>
        <line num="13" count="1" type="stmt"/>
        <line num="15" count="1" type="stmt"/>
        <line num="17" count="1" type="stmt"/>
        <line num="19" count="1" type="stmt"/>
        <line num="21" count="1" type="stmt"/>
        <line num="23" count="1" type="stmt"/>
        <line num="25" count="1" type="stmt"/>
        <line num="27" count="1" type="stmt"/>
        <line num="29" count="1" type="stmt"/>
        <line num="37" count="1" type="stmt"/>
        <line num="49" count="1" type="stmt"/>
        <line num="53" count="1" type="stmt"/>
        <line num="57" count="1" type="stmt"/>
        <line num="69" count="1" type="stmt"/>
        <line num="71" count="1" type="stmt"/>
        <line num="77" count="1" type="stmt"/>
        <line num="79" count="0" type="stmt"/>
        <line num="81" count="0" type="cond" truecount="0" falsecount="4"/>
        <line num="83" count="0" type="stmt"/>
        <line num="87" count="0" type="stmt"/>
        <line num="95" count="1" type="stmt"/>
        <line num="111" count="0" type="cond" truecount="0" falsecount="2"/>
        <line num="115" count="0" type="cond" truecount="0" falsecount="2"/>
        <line num="119" count="0" type="cond" truecount="0" falsecount="2"/>
        <line num="123" count="0" type="cond" truecount="0" falsecount="2"/>
        <line num="135" count="0" type="stmt"/>
        <line num="155" count="1" type="stmt"/>
        <line num="157" count="0" type="cond" truecount="0" falsecount="2"/>
        <line num="159" count="0" type="stmt"/>
        <line num="161" count="0" type="stmt"/>
        <line num="165" count="0" type="stmt"/>
        <line num="173" count="1" type="stmt"/>
        <line num="175" count="0" type="cond" truecount="0" falsecount="2"/>
        <line num="181" count="0" type="stmt"/>
        <line num="189" count="1" type="stmt"/>
        <line num="191" count="0" type="stmt"/>
        <line num="195" count="0" type="stmt"/>
        <line num="217" count="0" type="cond" truecount="0" falsecount="2"/>
        <line num="219" count="0" type="stmt"/>
        <line num="227" count="0" type="stmt"/>
        <line num="229" count="0" type="cond" truecount="0" falsecount="2"/>
        <line num="231" count="0" type="stmt"/>
        <line num="239" count="0" type="stmt"/>
        <line num="261" count="0" type="stmt"/>
        <line num="277" count="0" type="stmt"/>
        <line num="291" count="0" type="stmt"/>
        <line num="301" count="0" type="stmt"/>
        <line num="303" count="0" type="stmt"/>
        <line num="321" count="1" type="stmt"/>
        <line num="323" count="0" type="cond" truecount="0" falsecount="2"/>
        <line num="325" count="0" type="stmt"/>
        <line num="327" count="0" type="stmt"/>
        <line num="329" count="0" type="stmt"/>
        <line num="331" count="0" type="stmt"/>
        <line num="333" count="0" type="cond" truecount="0" falsecount="2"/>
        <line num="335" count="0" type="stmt"/>
        <line num="337" count="0" type="stmt"/>
        <line num="339" count="0" type="stmt"/>
        <line num="343" count="0" type="stmt"/>
        <line num="357" count="1" type="stmt"/>
        <line num="359" count="0" type="stmt"/>
        <line num="361" count="0" type="stmt"/>
        <line num="363" count="0" type="stmt"/>
        <line num="367" count="0" type="cond" truecount="0" falsecount="2"/>
        <line num="369" count="0" type="stmt"/>
        <line num="375" count="0" type="stmt"/>
        <line num="411" count="0" type="cond" truecount="0" falsecount="2"/>
        <line num="413" count="0" type="stmt"/>
        <line num="427" count="0" type="stmt"/>
        <line num="463" count="0" type="stmt"/>
        <line num="467" count="0" type="stmt"/>
        <line num="485" count="0" type="stmt"/>
        <line num="503" count="0" type="stmt"/>
        <line num="511" count="0" type="cond" truecount="0" falsecount="2"/>
        <line num="513" count="0" type="cond" truecount="0" falsecount="2"/>
        <line num="523" count="0" type="stmt"/>
        <line num="535" count="0" type="stmt"/>
        <line num="537" count="0" type="stmt"/>
        <line num="539" count="0" type="cond" truecount="0" falsecount="2"/>
        <line num="541" count="0" type="stmt"/>
        <line num="543" count="0" type="cond" truecount="0" falsecount="2"/>
        <line num="545" count="0" type="stmt"/>
        <line num="553" count="0" type="stmt"/>
        <line num="565" count="0" type="stmt"/>
        <line num="567" count="0" type="stmt"/>
        <line num="579" count="1" type="stmt"/>
        <line num="581" count="4" type="stmt"/>
        <line num="583" count="4" type="stmt"/>
        <line num="585" count="4" type="stmt"/>
        <line num="587" count="4" type="stmt"/>
        <line num="591" count="4" type="stmt"/>
        <line num="593" count="4" type="stmt"/>
        <line num="611" count="4" type="stmt"/>
        <line num="615" count="4" type="stmt"/>
        <line num="633" count="4" type="stmt"/>
        <line num="641" count="3" type="cond" truecount="4" falsecount="0"/>
        <line num="647" count="2" type="stmt"/>
        <line num="649" count="2" type="stmt"/>
        <line num="651" count="2" type="stmt"/>
        <line num="653" count="2" type="cond" truecount="1" falsecount="1"/>
        <line num="657" count="2" type="stmt"/>
        <line num="667" count="2" type="cond" truecount="2" falsecount="0"/>
        <line num="669" count="1" type="stmt"/>
        <line num="679" count="1" type="stmt"/>
        <line num="681" count="1" type="cond" truecount="1" falsecount="1"/>
        <line num="683" count="1" type="stmt"/>
        <line num="697" count="1" type="stmt"/>
        <line num="699" count="1" type="stmt"/>
        <line num="703" count="1" type="stmt"/>
        <line num="705" count="1" type="stmt"/>
        <line num="707" count="1" type="stmt"/>
        <line num="729" count="1" type="stmt"/>
        <line num="735" count="1" type="stmt"/>
        <line num="737" count="1" type="cond" truecount="1" falsecount="1"/>
        <line num="739" count="0" type="stmt"/>
        <line num="749" count="0" type="cond" truecount="0" falsecount="2"/>
        <line num="757" count="0" type="stmt"/>
        <line num="767" count="1" type="stmt"/>
        <line num="769" count="1" type="stmt"/>
        <line num="773" count="1" type="stmt"/>
        <line num="775" count="1" type="stmt"/>
        <line num="779" count="1" type="stmt"/>
        <line num="783" count="1" type="stmt"/>
        <line num="785" count="1" type="cond" truecount="1" falsecount="1"/>
        <line num="787" count="0" type="cond" truecount="0" falsecount="2"/>
        <line num="789" count="0" type="stmt"/>
        <line num="795" count="0" type="cond" truecount="0" falsecount="2"/>
        <line num="797" count="0" type="stmt"/>
        <line num="807" count="0" type="cond" truecount="0" falsecount="2"/>
        <line num="809" count="0" type="stmt"/>
        <line num="823" count="1" type="stmt"/>
        <line num="825" count="1" type="stmt"/>
        <line num="827" count="1" type="stmt"/>
        <line num="833" count="1" type="stmt"/>
        <line num="837" count="1" type="stmt"/>
        <line num="839" count="1" type="stmt"/>
        <line num="843" count="1" type="stmt"/>
        <line num="875" count="1" type="stmt"/>
        <line num="877" count="1" type="stmt"/>
        <line num="879" count="1" type="stmt"/>
        <line num="881" count="1" type="stmt"/>
        <line num="883" count="1" type="stmt"/>
        <line num="893" count="1" type="stmt"/>
        <line num="897" count="1" type="stmt"/>
        <line num="905" count="1" type="stmt"/>
        <line num="907" count="1" type="stmt"/>
        <line num="911" count="1" type="cond" truecount="1" falsecount="1"/>
        <line num="913" count="1" type="stmt"/>
        <line num="919" count="1" type="cond" truecount="3" falsecount="1"/>
        <line num="921" count="1" type="stmt"/>
        <line num="929" count="0" type="stmt"/>
        <line num="931" count="0" type="stmt"/>
        <line num="933" count="0" type="stmt"/>
        <line num="937" count="0" type="stmt"/>
        <line num="971" count="0" type="stmt"/>
        <line num="977" count="0" type="cond" truecount="0" falsecount="2"/>
        <line num="979" count="0" type="stmt"/>
        <line num="985" count="0" type="stmt"/>
        <line num="987" count="0" type="stmt"/>
        <line num="989" count="0" type="stmt"/>
        <line num="993" count="0" type="stmt"/>
        <line num="1025" count="0" type="stmt"/>
        <line num="1027" count="0" type="stmt"/>
        <line num="1033" count="0" type="cond" truecount="0" falsecount="2"/>
        <line num="1035" count="0" type="stmt"/>
        <line num="1051" count="0" type="cond" truecount="0" falsecount="2"/>
        <line num="1053" count="0" type="stmt"/>
        <line num="1063" count="0" type="cond" truecount="0" falsecount="2"/>
        <line num="1065" count="0" type="stmt"/>
        <line num="1073" count="0" type="stmt"/>
        <line num="1075" count="0" type="stmt"/>
        <line num="1077" count="0" type="stmt"/>
        <line num="1133" count="0" type="cond" truecount="0" falsecount="2"/>
        <line num="1135" count="0" type="stmt"/>
        <line num="1145" count="0" type="stmt"/>
        <line num="1151" count="0" type="stmt"/>
        <line num="1177" count="0" type="stmt"/>
        <line num="1183" count="0" type="stmt"/>
        <line num="1187" count="0" type="stmt"/>
        <line num="1203" count="0" type="cond" truecount="0" falsecount="2"/>
        <line num="1205" count="0" type="stmt"/>
        <line num="1207" count="0" type="stmt"/>
        <line num="1208" count="0" type="stmt"/>
        <line num="1210" count="0" type="stmt"/>
        <line num="1221" count="0" type="stmt"/>
        <line num="1222" count="0" type="stmt"/>
        <line num="1224" count="0" type="stmt"/>
        <line num="1225" count="0" type="stmt"/>
        <line num="1226" count="0" type="cond" truecount="0" falsecount="2"/>
        <line num="1227" count="0" type="stmt"/>
        <line num="1229" count="0" type="stmt"/>
        <line num="1232" count="0" type="stmt"/>
        <line num="1245" count="0" type="stmt"/>
        <line num="1248" count="0" type="stmt"/>
        <line num="1250" count="0" type="stmt"/>
        <line num="1252" count="0" type="stmt"/>
        <line num="1254" count="0" type="stmt"/>
        <line num="1256" count="0" type="stmt"/>
        <line num="1258" count="0" type="stmt"/>
        <line num="1260" count="0" type="stmt"/>
        <line num="1263" count="0" type="stmt"/>
        <line num="1266" count="0" type="stmt"/>
        <line num="1274" count="0" type="stmt"/>
        <line num="1287" count="0" type="stmt"/>
        <line num="1290" count="0" type="stmt"/>
        <line num="1292" count="0" type="stmt"/>
        <line num="1306" count="0" type="cond" truecount="0" falsecount="2"/>
        <line num="1313" count="0" type="stmt"/>
        <line num="1345" count="0" type="stmt"/>
        <line num="1368" count="0" type="stmt"/>
        <line num="1370" count="0" type="stmt"/>
        <line num="1388" count="0" type="stmt"/>
        <line num="1410" count="0" type="stmt"/>
        <line num="1412" count="0" type="stmt"/>
        <line num="1416" count="0" type="stmt"/>
        <line num="1418" count="0" type="stmt"/>
        <line num="1424" count="0" type="stmt"/>
        <line num="1426" count="0" type="cond" truecount="0" falsecount="2"/>
        <line num="1428" count="0" type="stmt"/>
        <line num="1430" count="0" type="stmt"/>
        <line num="1434" count="0" type="stmt"/>
        <line num="1450" count="0" type="stmt"/>
        <line num="1451" count="0" type="stmt"/>
        <line num="1455" count="0" type="stmt"/>
        <line num="1461" count="0" type="stmt"/>
        <line num="1463" count="0" type="stmt"/>
        <line num="1473" count="0" type="stmt"/>
        <line num="1485" count="4" type="stmt"/>
        <line num="1487" count="4" type="stmt"/>
        <line num="1489" count="4" type="cond" truecount="1" falsecount="1"/>
        <line num="1493" count="4" type="stmt"/>
        <line num="1505" count="1" type="stmt"/>
        <line num="1519" count="1" type="cond" truecount="1" falsecount="1"/>
        <line num="1521" count="0" type="stmt"/>
        <line num="1533" count="1" type="stmt"/>
        <line num="1535" count="1" type="stmt"/>
        <line num="1537" count="1" type="stmt"/>
        <line num="1546" count="1" type="stmt"/>
        <line num="1556" count="1" type="stmt"/>
        <line num="1558" count="0" type="stmt"/>
        <line num="1560" count="0" type="stmt"/>
        <line num="1562" count="0" type="stmt"/>
        <line num="1568" count="0" type="stmt"/>
        <line num="1578" count="0" type="cond" truecount="0" falsecount="2"/>
        <line num="1582" count="0" type="stmt"/>
        <line num="1590" count="1" type="stmt"/>
        <line num="1592" count="0" type="stmt"/>
        <line num="1594" count="0" type="stmt"/>
        <line num="1596" count="0" type="stmt"/>
        <line num="1598" count="0" type="stmt"/>
        <line num="1600" count="0" type="cond" truecount="0" falsecount="2"/>
        <line num="1602" count="0" type="stmt"/>
        <line num="1606" count="0" type="stmt"/>
        <line num="1608" count="0" type="cond" truecount="0" falsecount="2"/>
        <line num="1610" count="0" type="stmt"/>
        <line num="1616" count="0" type="stmt"/>
        <line num="1628" count="0" type="stmt"/>
        <line num="1632" count="0" type="stmt"/>
        <line num="1638" count="0" type="stmt"/>
        <line num="1652" count="0" type="stmt"/>
        <line num="1656" count="0" type="stmt"/>
        <line num="1658" count="0" type="stmt"/>
        <line num="1666" count="1" type="stmt"/>
        <line num="1668" count="0" type="stmt"/>
        <line num="1670" count="0" type="stmt"/>
        <line num="1674" count="0" type="cond" truecount="0" falsecount="2"/>
        <line num="1676" count="0" type="stmt"/>
        <line num="1688" count="0" type="stmt"/>
        <line num="1698" count="0" type="stmt"/>
        <line num="1702" count="0" type="stmt"/>
        <line num="1712" count="0" type="stmt"/>
        <line num="1730" count="0" type="cond" truecount="0" falsecount="2"/>
        <line num="1732" count="0" type="stmt"/>
        <line num="1736" count="0" type="stmt"/>
        <line num="1748" count="0" type="stmt"/>
        <line num="1754" count="0" type="stmt"/>
        <line num="1770" count="0" type="stmt"/>
        <line num="1774" count="0" type="stmt"/>
        <line num="1776" count="0" type="stmt"/>
        <line num="1784" count="1" type="stmt"/>
        <line num="1786" count="0" type="stmt"/>
        <line num="1788" count="0" type="stmt"/>
        <line num="1790" count="0" type="cond" truecount="0" falsecount="2"/>
        <line num="1792" count="0" type="stmt"/>
        <line num="1798" count="0" type="stmt"/>
        <line num="1808" count="0" type="stmt"/>
        <line num="1814" count="0" type="stmt"/>
        <line num="1832" count="0" type="stmt"/>
        <line num="1834" count="0" type="stmt"/>
        <line num="1836" count="0" type="stmt"/>
        <line num="1842" count="0" type="stmt"/>
        <line num="1850" count="0" type="stmt"/>
        <line num="1866" count="0" type="stmt"/>
        <line num="1870" count="0" type="stmt"/>
        <line num="1872" count="0" type="stmt"/>
        <line num="1880" count="1" type="stmt"/>
        <line num="1882" count="0" type="stmt"/>
        <line num="1884" count="0" type="stmt"/>
        <line num="1888" count="0" type="stmt"/>
        <line num="1890" count="0" type="cond" truecount="0" falsecount="2"/>
        <line num="1892" count="0" type="stmt"/>
        <line num="1898" count="0" type="stmt"/>
        <line num="1900" count="0" type="stmt"/>
        <line num="1904" count="0" type="stmt"/>
        <line num="1906" count="0" type="cond" truecount="0" falsecount="2"/>
        <line num="1908" count="0" type="stmt"/>
        <line num="1914" count="0" type="cond" truecount="0" falsecount="2"/>
        <line num="1916" count="0" type="stmt"/>
        <line num="1922" count="0" type="cond" truecount="0" falsecount="2"/>
        <line num="1924" count="0" type="stmt"/>
        <line num="1930" count="0" type="cond" truecount="0" falsecount="2"/>
        <line num="1938" count="0" type="stmt"/>
        <line num="1944" count="0" type="stmt"/>
        <line num="1978" count="0" type="cond" truecount="0" falsecount="2"/>
        <line num="1980" count="0" type="stmt"/>
        <line num="1986" count="0" type="stmt"/>
        <line num="2022" count="0" type="cond" truecount="0" falsecount="2"/>
        <line num="2024" count="0" type="stmt"/>
        <line num="2030" count="0" type="stmt"/>
        <line num="2034" count="0" type="stmt"/>
        <line num="2052" count="0" type="stmt"/>
        <line num="2066" count="0" type="stmt"/>
        <line num="2068" count="0" type="stmt"/>
        <line num="2078" count="0" type="stmt"/>
        <line num="2086" count="1" type="stmt"/>
        <line num="2088" count="0" type="stmt"/>
        <line num="2090" count="0" type="stmt"/>
        <line num="2094" count="0" type="stmt"/>
        <line num="2112" count="0" type="stmt"/>
        <line num="2116" count="0" type="stmt"/>
        <line num="2154" count="0" type="stmt"/>
        <line num="2158" count="0" type="stmt"/>
        <line num="2176" count="0" type="stmt"/>
        <line num="2194" count="0" type="stmt"/>
        <line num="2206" count="0" type="cond" truecount="0" falsecount="2"/>
        <line num="2208" count="0" type="cond" truecount="0" falsecount="2"/>
        <line num="2218" count="0" type="stmt"/>
        <line num="2232" count="0" type="stmt"/>
        <line num="2236" count="0" type="stmt"/>
        <line num="2238" count="0" type="stmt"/>
        <line num="2252" count="1" type="stmt"/>
        <line num="2254" count="0" type="stmt"/>
        <line num="2256" count="0" type="stmt"/>
        <line num="2258" count="0" type="stmt"/>
        <line num="2260" count="0" type="cond" truecount="0" falsecount="2"/>
        <line num="2262" count="0" type="stmt"/>
        <line num="2264" count="0" type="cond" truecount="0" falsecount="2"/>
        <line num="2266" count="0" type="stmt"/>
        <line num="2270" count="0" type="stmt"/>
        <line num="2272" count="0" type="stmt"/>
        <line num="2275" count="0" type="stmt"/>
        <line num="2289" count="0" type="stmt"/>
        <line num="2293" count="0" type="stmt"/>
        <line num="2295" count="0" type="stmt"/>
        <line num="2305" count="1" type="stmt"/>
        <line num="2307" count="0" type="stmt"/>
        <line num="2309" count="0" type="stmt"/>
        <line num="2313" count="0" type="stmt"/>
        <line num="2315" count="0" type="stmt"/>
        <line num="2317" count="0" type="stmt"/>
        <line num="2321" count="0" type="stmt"/>
        <line num="2325" count="0" type="stmt"/>
        <line num="2327" count="0" type="cond" truecount="0" falsecount="2"/>
        <line num="2331" count="0" type="cond" truecount="0" falsecount="2"/>
        <line num="2333" count="0" type="stmt"/>
        <line num="2339" count="0" type="cond" truecount="0" falsecount="2"/>
        <line num="2341" count="0" type="stmt"/>
        <line num="2347" count="0" type="stmt"/>
        <line num="2349" count="0" type="cond" truecount="0" falsecount="2"/>
        <line num="2351" count="0" type="cond" truecount="0" falsecount="2"/>
        <line num="2353" count="0" type="stmt"/>
        <line num="2357" count="0" type="stmt"/>
        <line num="2361" count="0" type="stmt"/>
        <line num="2365" count="0" type="stmt"/>
        <line num="2387" count="0" type="stmt"/>
        <line num="2393" count="0" type="stmt"/>
        <line num="2395" count="0" type="cond" truecount="0" falsecount="4"/>
        <line num="2397" count="0" type="stmt"/>
        <line num="2407" count="0" type="stmt"/>
        <line num="2417" count="0" type="cond" truecount="0" falsecount="2"/>
        <line num="2419" count="0" type="stmt"/>
        <line num="2425" count="0" type="cond" truecount="0" falsecount="2"/>
        <line num="2427" count="0" type="stmt"/>
        <line num="2429" count="0" type="stmt"/>
        <line num="2431" count="0" type="stmt"/>
        <line num="2435" count="0" type="stmt"/>
        <line num="2475" count="0" type="stmt"/>
        <line num="2477" count="0" type="stmt"/>
        <line num="2483" count="0" type="stmt"/>
        <line num="2487" count="0" type="stmt"/>
        <line num="2499" count="0" type="stmt"/>
        <line num="2501" count="0" type="stmt"/>
        <line num="2503" count="0" type="stmt"/>
        <line num="2513" count="0" type="stmt"/>
        <line num="2519" count="1" type="stmt"/>
        <line num="2521" count="0" type="stmt"/>
        <line num="2529" count="1" type="stmt"/>
        <line num="2531" count="0" type="stmt"/>
        <line num="2535" count="1" type="stmt"/>
        <line num="2539" count="1" type="stmt"/>
        <line num="2541" count="0" type="stmt"/>
        <line num="2543" count="1" type="stmt"/>
        <line num="2545" count="0" type="stmt"/>
        <line num="2565" count="1" type="stmt"/>
        <line num="2567" count="0" type="stmt"/>
        <line num="2575" count="0" type="cond" truecount="0" falsecount="2"/>
        <line num="2583" count="1" type="stmt"/>
        <line num="2585" count="0" type="stmt"/>
        <line num="2587" count="0" type="stmt"/>
        <line num="2589" count="0" type="cond" truecount="0" falsecount="2"/>
        <line num="2591" count="0" type="stmt"/>
        <line num="2597" count="0" type="stmt"/>
        <line num="2599" count="0" type="stmt"/>
        <line num="2603" count="0" type="stmt"/>
        <line num="2607" count="0" type="stmt"/>
        <line num="2615" count="0" type="stmt"/>
        <line num="2623" count="0" type="stmt"/>
        <line num="2633" count="0" type="stmt"/>
        <line num="2645" count="0" type="stmt"/>
        <line num="2659" count="0" type="stmt"/>
        <line num="2669" count="0" type="stmt"/>
        <line num="2677" count="0" type="cond" truecount="0" falsecount="2"/>
        <line num="2681" count="0" type="stmt"/>
        <line num="2689" count="0" type="stmt"/>
        <line num="2691" count="0" type="stmt"/>
        <line num="2693" count="0" type="cond" truecount="0" falsecount="2"/>
        <line num="2699" count="0" type="stmt"/>
        <line num="2719" count="0" type="stmt"/>
        <line num="2729" count="0" type="stmt"/>
        <line num="2731" count="0" type="stmt"/>
        <line num="2743" count="0" type="stmt"/>
        <line num="2745" count="0" type="stmt"/>
        <line num="2747" count="0" type="stmt"/>
        <line num="2749" count="0" type="stmt"/>
        <line num="2763" count="0" type="stmt"/>
        <line num="2765" count="0" type="stmt"/>
        <line num="2767" count="0" type="stmt"/>
        <line num="2797" count="0" type="stmt"/>
        <line num="2799" count="0" type="stmt"/>
        <line num="2801" count="0" type="stmt"/>
        <line num="2803" count="0" type="stmt"/>
        <line num="2817" count="0" type="stmt"/>
        <line num="2819" count="0" type="stmt"/>
        <line num="2821" count="0" type="stmt"/>
        <line num="2823" count="0" type="stmt"/>
        <line num="2825" count="0" type="stmt"/>
        <line num="2829" count="0" type="stmt"/>
        <line num="2831" count="0" type="cond" truecount="0" falsecount="2"/>
        <line num="2839" count="0" type="cond" truecount="0" falsecount="2"/>
        <line num="2841" count="0" type="stmt"/>
        <line num="2843" count="0" type="stmt"/>
        <line num="2845" count="0" type="cond" truecount="0" falsecount="2"/>
        <line num="2847" count="0" type="stmt"/>
        <line num="2857" count="0" type="stmt"/>
        <line num="2875" count="0" type="stmt"/>
        <line num="2877" count="0" type="stmt"/>
        <line num="2887" count="0" type="stmt"/>
        <line num="2897" count="0" type="stmt"/>
        <line num="2911" count="0" type="stmt"/>
        <line num="2923" count="0" type="stmt"/>
        <line num="2997" count="0" type="stmt"/>
        <line num="3013" count="0" type="stmt"/>
        <line num="3043" count="0" type="stmt"/>
        <line num="3073" count="0" type="stmt"/>
        <line num="3075" count="0" type="stmt"/>
        <line num="3085" count="1" type="stmt"/>
        <line num="3087" count="0" type="stmt"/>
        <line num="3089" count="0" type="stmt"/>
        <line num="3093" count="0" type="stmt"/>
        <line num="3095" count="0" type="stmt"/>
        <line num="3097" count="0" type="stmt"/>
        <line num="3103" count="0" type="stmt"/>
        <line num="3113" count="0" type="cond" truecount="0" falsecount="2"/>
        <line num="3115" count="0" type="stmt"/>
        <line num="3121" count="0" type="cond" truecount="0" falsecount="2"/>
        <line num="3123" count="0" type="stmt"/>
        <line num="3129" count="0" type="cond" truecount="0" falsecount="2"/>
        <line num="3135" count="0" type="cond" truecount="0" falsecount="4"/>
        <line num="3137" count="0" type="stmt"/>
        <line num="3143" count="0" type="cond" truecount="0" falsecount="2"/>
        <line num="3145" count="0" type="stmt"/>
        <line num="3147" count="0" type="stmt"/>
        <line num="3149" count="0" type="stmt"/>
        <line num="3153" count="0" type="stmt"/>
        <line num="3195" count="0" type="cond" truecount="0" falsecount="2"/>
        <line num="3197" count="0" type="stmt"/>
        <line num="3203" count="0" type="cond" truecount="0" falsecount="2"/>
        <line num="3205" count="0" type="stmt"/>
        <line num="3207" count="0" type="stmt"/>
        <line num="3209" count="0" type="stmt"/>
        <line num="3213" count="0" type="stmt"/>
        <line num="3259" count="0" type="stmt"/>
        <line num="3265" count="0" type="stmt"/>
        <line num="3267" count="0" type="cond" truecount="0" falsecount="4"/>
        <line num="3269" count="0" type="stmt"/>
        <line num="3281" count="0" type="stmt"/>
        <line num="3291" count="0" type="stmt"/>
        <line num="3319" count="0" type="stmt"/>
        <line num="3333" count="0" type="stmt"/>
        <line num="3351" count="0" type="stmt"/>
        <line num="3355" count="0" type="stmt"/>
        <line num="3357" count="0" type="stmt"/>
        <line num="3369" count="0" type="stmt"/>
        <line num="3375" count="0" type="stmt"/>
        <line num="3377" count="0" type="stmt"/>
        <line num="3387" count="0" type="stmt"/>
        <line num="3393" count="0" type="stmt"/>
        <line num="3403" count="0" type="stmt"/>
        <line num="3405" count="0" type="stmt"/>
        <line num="3407" count="0" type="stmt"/>
        <line num="3417" count="0" type="stmt"/>
        <line num="3425" count="1" type="stmt"/>
        <line num="3427" count="0" type="stmt"/>
        <line num="3429" count="0" type="stmt"/>
        <line num="3431" count="0" type="stmt"/>
        <line num="3433" count="0" type="stmt"/>
        <line num="3435" count="0" type="stmt"/>
        <line num="3437" count="0" type="stmt"/>
        <line num="3441" count="0" type="cond" truecount="0" falsecount="2"/>
        <line num="3443" count="0" type="stmt"/>
        <line num="3449" count="0" type="cond" truecount="0" falsecount="2"/>
        <line num="3451" count="0" type="stmt"/>
        <line num="3457" count="0" type="cond" truecount="0" falsecount="2"/>
        <line num="3459" count="0" type="stmt"/>
        <line num="3465" count="0" type="cond" truecount="0" falsecount="2"/>
        <line num="3467" count="0" type="stmt"/>
        <line num="3473" count="0" type="stmt"/>
        <line num="3475" count="0" type="stmt"/>
        <line num="3477" count="0" type="stmt"/>
        <line num="3481" count="0" type="stmt"/>
        <line num="3495" count="0" type="stmt"/>
        <line num="3509" count="0" type="stmt"/>
        <line num="3511" count="0" type="stmt"/>
        <line num="3515" count="0" type="stmt"/>
        <line num="3517" count="0" type="cond" truecount="0" falsecount="2"/>
        <line num="3521" count="0" type="stmt"/>
        <line num="3527" count="1" type="stmt"/>
        <line num="3535" count="1" type="stmt"/>
        <line num="3537" count="0" type="stmt"/>
        <line num="3539" count="0" type="stmt"/>
        <line num="3543" count="0" type="stmt"/>
        <line num="3545" count="0" type="stmt"/>
        <line num="3547" count="0" type="cond" truecount="0" falsecount="2"/>
        <line num="3548" count="0" type="cond" truecount="0" falsecount="2"/>
        <line num="3552" count="0" type="stmt"/>
        <line num="3560" count="0" type="cond" truecount="0" falsecount="2"/>
        <line num="3564" count="0" type="cond" truecount="0" falsecount="2"/>
        <line num="3566" count="0" type="stmt"/>
        <line num="3574" count="0" type="stmt"/>
        <line num="3576" count="0" type="cond" truecount="0" falsecount="2"/>
        <line num="3578" count="0" type="stmt"/>
        <line num="3580" count="0" type="stmt"/>
        <line num="3586" count="0" type="stmt"/>
        <line num="3588" count="0" type="stmt"/>
        <line num="3592" count="0" type="cond" truecount="0" falsecount="2"/>
        <line num="3594" count="0" type="stmt"/>
        <line num="3596" count="0" type="stmt"/>
        <line num="3602" count="0" type="cond" truecount="0" falsecount="2"/>
        <line num="3604" count="0" type="stmt"/>
        <line num="3606" count="0" type="stmt"/>
        <line num="3612" count="0" type="cond" truecount="0" falsecount="2"/>
        <line num="3614" count="0" type="stmt"/>
        <line num="3620" count="0" type="stmt"/>
        <line num="3628" count="0" type="cond" truecount="0" falsecount="2"/>
        <line num="3630" count="0" type="stmt"/>
        <line num="3638" count="0" type="stmt"/>
        <line num="3672" count="0" type="stmt"/>
        <line num="3686" count="0" type="stmt"/>
        <line num="3708" count="0" type="stmt"/>
        <line num="3712" count="0" type="stmt"/>
        <line num="3724" count="0" type="stmt"/>
        <line num="3726" count="0" type="stmt"/>
        <line num="3728" count="0" type="stmt"/>
        <line num="3738" count="0" type="stmt"/>
        <line num="3744" count="1" type="stmt"/>
        <line num="3746" count="0" type="stmt"/>
        <line num="3748" count="0" type="stmt"/>
        <line num="3750" count="0" type="stmt"/>
        <line num="3754" count="0" type="stmt"/>
        <line num="3756" count="0" type="cond" truecount="0" falsecount="2"/>
        <line num="3758" count="0" type="stmt"/>
        <line num="3764" count="0" type="cond" truecount="0" falsecount="2"/>
        <line num="3766" count="0" type="stmt"/>
        <line num="3776" count="0" type="cond" truecount="0" falsecount="2"/>
        <line num="3778" count="0" type="stmt"/>
        <line num="3788" count="0" type="cond" truecount="0" falsecount="2"/>
        <line num="3790" count="0" type="stmt"/>
        <line num="3800" count="0" type="stmt"/>
        <line num="3802" count="0" type="cond" truecount="0" falsecount="2"/>
        <line num="3804" count="0" type="stmt"/>
        <line num="3810" count="0" type="cond" truecount="0" falsecount="2"/>
        <line num="3812" count="0" type="stmt"/>
        <line num="3826" count="0" type="stmt"/>
        <line num="3828" count="0" type="stmt"/>
        <line num="3830" count="0" type="stmt"/>
        <line num="3832" count="0" type="stmt"/>
        <line num="3835" count="0" type="stmt"/>
        <line num="3837" count="0" type="stmt"/>
        <line num="3839" count="0" type="stmt"/>
        <line num="3843" count="0" type="stmt"/>
        <line num="3862" count="0" type="stmt"/>
        <line num="3879" count="0" type="stmt"/>
        <line num="3893" count="0" type="stmt"/>
        <line num="3909" count="0" type="stmt"/>
        <line num="3923" count="0" type="stmt"/>
        <line num="3927" count="0" type="stmt"/>
        <line num="3939" count="0" type="stmt"/>
        <line num="3941" count="0" type="cond" truecount="0" falsecount="2"/>
        <line num="3943" count="0" type="stmt"/>
        <line num="3947" count="0" type="stmt"/>
        <line num="3959" count="0" type="stmt"/>
        <line num="3971" count="0" type="stmt"/>
        <line num="3983" count="0" type="stmt"/>
        <line num="3985" count="0" type="stmt"/>
        <line num="3987" count="0" type="stmt"/>
        <line num="3989" count="0" type="stmt"/>
        <line num="4003" count="1" type="stmt"/>
        <line num="4005" count="0" type="stmt"/>
        <line num="4007" count="0" type="stmt"/>
        <line num="4009" count="0" type="stmt"/>
        <line num="4011" count="0" type="stmt"/>
        <line num="4015" count="0" type="stmt"/>
        <line num="4017" count="0" type="cond" truecount="0" falsecount="2"/>
        <line num="4021" count="0" type="cond" truecount="0" falsecount="2"/>
        <line num="4023" count="0" type="cond" truecount="0" falsecount="2"/>
        <line num="4025" count="0" type="stmt"/>
        <line num="4031" count="0" type="cond" truecount="0" falsecount="2"/>
        <line num="4033" count="0" type="stmt"/>
        <line num="4041" count="0" type="cond" truecount="0" falsecount="2"/>
        <line num="4043" count="0" type="stmt"/>
        <line num="4049" count="0" type="cond" truecount="0" falsecount="2"/>
        <line num="4051" count="0" type="stmt"/>
        <line num="4055" count="0" type="stmt"/>
        <line num="4057" count="0" type="stmt"/>
        <line num="4061" count="0" type="stmt"/>
        <line num="4093" count="0" type="stmt"/>
        <line num="4107" count="0" type="stmt"/>
        <line num="4121" count="0" type="stmt"/>
        <line num="4137" count="0" type="stmt"/>
        <line num="4139" count="0" type="stmt"/>
        <line num="4147" count="1" type="stmt"/>
        <line num="4149" count="0" type="stmt"/>
        <line num="4151" count="0" type="stmt"/>
        <line num="4155" count="0" type="stmt"/>
        <line num="4157" count="0" type="stmt"/>
        <line num="4159" count="0" type="stmt"/>
        <line num="4161" count="0" type="stmt"/>
        <line num="4163" count="0" type="stmt"/>
        <line num="4167" count="0" type="cond" truecount="0" falsecount="2"/>
        <line num="4171" count="0" type="cond" truecount="0" falsecount="2"/>
        <line num="4173" count="0" type="cond" truecount="0" falsecount="2"/>
        <line num="4175" count="0" type="stmt"/>
        <line num="4179" count="0" type="cond" truecount="0" falsecount="2"/>
        <line num="4181" count="0" type="stmt"/>
        <line num="4189" count="0" type="cond" truecount="0" falsecount="2"/>
        <line num="4191" count="0" type="stmt"/>
        <line num="4197" count="0" type="cond" truecount="0" falsecount="2"/>
        <line num="4199" count="0" type="stmt"/>
        <line num="4201" count="0" type="stmt"/>
        <line num="4203" count="0" type="stmt"/>
        <line num="4207" count="0" type="stmt"/>
        <line num="4225" count="0" type="stmt"/>
        <line num="4227" count="0" type="stmt"/>
        <line num="4229" count="0" type="stmt"/>
        <line num="4231" count="0" type="stmt"/>
        <line num="4233" count="0" type="stmt"/>
        <line num="4239" count="0" type="cond" truecount="0" falsecount="2"/>
        <line num="4243" count="0" type="stmt"/>
        <line num="4245" count="0" type="stmt"/>
        <line num="4247" count="0" type="stmt"/>
        <line num="4251" count="0" type="stmt"/>
        <line num="4291" count="0" type="cond" truecount="0" falsecount="2"/>
        <line num="4293" count="0" type="stmt"/>
        <line num="4299" count="0" type="cond" truecount="0" falsecount="2"/>
        <line num="4301" count="0" type="stmt"/>
        <line num="4303" count="0" type="stmt"/>
        <line num="4305" count="0" type="stmt"/>
        <line num="4309" count="0" type="stmt"/>
        <line num="4349" count="0" type="stmt"/>
        <line num="4351" count="0" type="cond" truecount="0" falsecount="2"/>
        <line num="4355" count="0" type="stmt"/>
        <line num="4357" count="0" type="stmt"/>
        <line num="4361" count="0" type="cond" truecount="0" falsecount="2"/>
        <line num="4363" count="0" type="stmt"/>
        <line num="4369" count="0" type="stmt"/>
        <line num="4371" count="0" type="stmt"/>
        <line num="4377" count="0" type="stmt"/>
        <line num="4439" count="0" type="stmt"/>
        <line num="4441" count="0" type="stmt"/>
        <line num="4443" count="0" type="stmt"/>
        <line num="4445" count="0" type="stmt"/>
        <line num="4451" count="0" type="stmt"/>
        <line num="4465" count="0" type="stmt"/>
        <line num="4471" count="0" type="stmt"/>
        <line num="4473" count="0" type="stmt"/>
        <line num="4475" count="0" type="cond" truecount="0" falsecount="4"/>
        <line num="4477" count="0" type="stmt"/>
        <line num="4493" count="0" type="stmt"/>
        <line num="4541" count="0" type="stmt"/>
        <line num="4555" count="0" type="stmt"/>
        <line num="4573" count="0" type="stmt"/>
        <line num="4577" count="0" type="stmt"/>
        <line num="4591" count="0" type="stmt"/>
        <line num="4605" count="0" type="stmt"/>
        <line num="4607" count="0" type="stmt"/>
        <line num="4609" count="0" type="stmt"/>
        <line num="4617" count="0" type="stmt"/>
        <line num="4623" count="1" type="stmt"/>
        <line num="4625" count="0" type="stmt"/>
        <line num="4627" count="0" type="stmt"/>
        <line num="4631" count="0" type="stmt"/>
        <line num="4633" count="0" type="stmt"/>
        <line num="4635" count="0" type="stmt"/>
        <line num="4641" count="0" type="stmt"/>
        <line num="4655" count="0" type="cond" truecount="0" falsecount="2"/>
        <line num="4657" count="0" type="stmt"/>
        <line num="4663" count="0" type="stmt"/>
        <line num="4665" count="0" type="stmt"/>
        <line num="4671" count="0" type="cond" truecount="0" falsecount="2"/>
        <line num="4673" count="0" type="stmt"/>
        <line num="4687" count="0" type="stmt"/>
        <line num="4695" count="0" type="stmt"/>
        <line num="4701" count="0" type="stmt"/>
        <line num="4721" count="0" type="cond" truecount="0" falsecount="2"/>
        <line num="4723" count="0" type="stmt"/>
        <line num="4731" count="0" type="stmt"/>
        <line num="4733" count="0" type="stmt"/>
        <line num="4743" count="0" type="stmt"/>
        <line num="4747" count="0" type="stmt"/>
        <line num="4767" count="0" type="stmt"/>
        <line num="4769" count="0" type="stmt"/>
        <line num="4771" count="0" type="stmt"/>
        <line num="4781" count="0" type="stmt"/>
        <line num="4787" count="1" type="stmt"/>
        <line num="4789" count="0" type="stmt"/>
        <line num="4791" count="0" type="stmt"/>
        <line num="4795" count="0" type="stmt"/>
        <line num="4797" count="0" type="stmt"/>
        <line num="4799" count="0" type="stmt"/>
        <line num="4805" count="0" type="stmt"/>
        <line num="4815" count="0" type="cond" truecount="0" falsecount="2"/>
        <line num="4817" count="0" type="stmt"/>
        <line num="4825" count="0" type="stmt"/>
        <line num="4827" count="0" type="cond" truecount="0" falsecount="2"/>
        <line num="4829" count="0" type="stmt"/>
        <line num="4843" count="0" type="cond" truecount="0" falsecount="2"/>
        <line num="4845" count="0" type="stmt"/>
        <line num="4853" count="0" type="stmt"/>
        <line num="4855" count="0" type="stmt"/>
        <line num="4873" count="0" type="stmt"/>
        <line num="4877" count="0" type="stmt"/>
        <line num="4879" count="0" type="stmt"/>
        <line num="4881" count="0" type="stmt"/>
        <line num="4891" count="0" type="stmt"/>
        <line num="4897" count="0" type="stmt"/>
        <line num="4899" count="0" type="stmt"/>
        <line num="4909" count="0" type="stmt"/>
        <line num="4917" count="0" type="stmt"/>
        <line num="4927" count="0" type="stmt"/>
        <line num="4929" count="0" type="stmt"/>
        <line num="4931" count="0" type="stmt"/>
        <line num="4941" count="0" type="stmt"/>
        <line num="4947" count="1" type="stmt"/>
        <line num="4949" count="0" type="stmt"/>
        <line num="4951" count="0" type="stmt"/>
        <line num="4955" count="0" type="stmt"/>
        <line num="4957" count="0" type="stmt"/>
        <line num="4959" count="0" type="stmt"/>
        <line num="4965" count="0" type="stmt"/>
        <line num="4979" count="0" type="cond" truecount="0" falsecount="2"/>
        <line num="4981" count="0" type="stmt"/>
        <line num="4989" count="0" type="stmt"/>
        <line num="4991" count="0" type="stmt"/>
        <line num="4997" count="0" type="stmt"/>
        <line num="5003" count="0" type="stmt"/>
        <line num="5019" count="0" type="cond" truecount="0" falsecount="2"/>
        <line num="5021" count="0" type="stmt"/>
        <line num="5031" count="0" type="stmt"/>
        <line num="5043" count="0" type="stmt"/>
        <line num="5047" count="0" type="stmt"/>
        <line num="5067" count="0" type="stmt"/>
        <line num="5069" count="0" type="stmt"/>
        <line num="5071" count="0" type="stmt"/>
        <line num="5081" count="0" type="stmt"/>
      </file>
    </package>
    <package name="models">
      <metrics statements="40" coveredstatements="40" conditionals="0" coveredconditionals="0" methods="0" coveredmethods="0"/>
      <file name="ContractFile.js" path="D:\GearXpert\gearxpertbe\models\ContractFile.js">
        <metrics statements="3" coveredstatements="3" conditionals="0" coveredconditionals="0" methods="0" coveredmethods="0"/>
        <line num="1" count="1" type="stmt"/>
        <line num="3" count="1" type="stmt"/>
        <line num="30" count="1" type="stmt"/>
      </file>
      <file name="ContractItem.js" path="D:\GearXpert\gearxpertbe\models\ContractItem.js">
        <metrics statements="3" coveredstatements="3" conditionals="0" coveredconditionals="0" methods="0" coveredmethods="0"/>
        <line num="1" count="1" type="stmt"/>
        <line num="3" count="1" type="stmt"/>
        <line num="39" count="1" type="stmt"/>
      </file>
      <file name="DeliveryIssueReport.js" path="D:\GearXpert\gearxpertbe\models\DeliveryIssueReport.js">
        <metrics statements="3" coveredstatements="3" conditionals="0" coveredconditionals="0" methods="0" coveredmethods="0"/>
        <line num="1" count="1" type="stmt"/>
        <line num="3" count="1" type="stmt"/>
        <line num="107" count="1" type="stmt"/>
      </file>
      <file name="DeliveryTask.js" path="D:\GearXpert\gearxpertbe\models\DeliveryTask.js">
        <metrics statements="3" coveredstatements="3" conditionals="0" coveredconditionals="0" methods="0" coveredmethods="0"/>
        <line num="1" count="1" type="stmt"/>
        <line num="3" count="1" type="stmt"/>
        <line num="39" count="1" type="stmt"/>
      </file>
      <file name="ExtensionRequest.js" path="D:\GearXpert\gearxpertbe\models\ExtensionRequest.js">
        <metrics statements="5" coveredstatements="5" conditionals="0" coveredconditionals="0" methods="0" coveredmethods="0"/>
        <line num="1" count="1" type="stmt"/>
        <line num="3" count="1" type="stmt"/>
        <line num="69" count="1" type="stmt"/>
        <line num="70" count="1" type="stmt"/>
        <line num="72" count="1" type="stmt"/>
      </file>
      <file name="HandoverRecord.js" path="D:\GearXpert\gearxpertbe\models\HandoverRecord.js">
        <metrics statements="12" coveredstatements="12" conditionals="0" coveredconditionals="0" methods="0" coveredmethods="0"/>
        <line num="1" count="1" type="stmt"/>
        <line num="3" count="1" type="stmt"/>
        <line num="11" count="1" type="stmt"/>
        <line num="17" count="1" type="stmt"/>
        <line num="28" count="1" type="stmt"/>
        <line num="39" count="1" type="stmt"/>
        <line num="80" count="1" type="stmt"/>
        <line num="190" count="1" type="stmt"/>
        <line num="191" count="1" type="stmt"/>
        <line num="192" count="1" type="stmt"/>
        <line num="194" count="1" type="stmt"/>
        <line num="205" count="1" type="stmt"/>
      </file>
      <file name="ReturnRecord.js" path="D:\GearXpert\gearxpertbe\models\ReturnRecord.js">
        <metrics statements="11" coveredstatements="11" conditionals="0" coveredconditionals="0" methods="0" coveredmethods="0"/>
        <line num="1" count="1" type="stmt"/>
        <line num="3" count="1" type="stmt"/>
        <line num="12" count="1" type="stmt"/>
        <line num="19" count="1" type="stmt"/>
        <line num="30" count="1" type="stmt"/>
        <line num="41" count="1" type="stmt"/>
        <line num="77" count="1" type="stmt"/>
        <line num="176" count="1" type="stmt"/>
        <line num="177" count="1" type="stmt"/>
        <line num="178" count="1" type="stmt"/>
        <line num="189" count="1" type="stmt"/>
      </file>
    </package>
    <package name="services">
      <metrics statements="618" coveredstatements="61" conditionals="526" coveredconditionals="0" methods="62" coveredmethods="0"/>
      <file name="HandoverService.js" path="D:\GearXpert\gearxpertbe\services\HandoverService.js">
        <metrics statements="323" coveredstatements="33" conditionals="265" coveredconditionals="0" methods="31" coveredmethods="0"/>
        <line num="1" count="1" type="stmt"/>
        <line num="2" count="1" type="stmt"/>
        <line num="3" count="1" type="stmt"/>
        <line num="4" count="1" type="stmt"/>
        <line num="5" count="1" type="stmt"/>
        <line num="6" count="1" type="stmt"/>
        <line num="12" count="1" type="stmt"/>
        <line num="16" count="0" type="stmt"/>
        <line num="17" count="0" type="stmt"/>
        <line num="18" count="0" type="stmt"/>
        <line num="19" count="0" type="stmt"/>
        <line num="23" count="1" type="stmt"/>
        <line num="24" count="0" type="cond" truecount="0" falsecount="2"/>
        <line num="25" count="0" type="stmt"/>
        <line num="29" count="1" type="stmt"/>
        <line num="30" count="1" type="stmt"/>
        <line num="36" count="1" type="stmt"/>
        <line num="41" count="1" type="stmt"/>
        <line num="42" count="0" type="cond" truecount="0" falsecount="5"/>
        <line num="44" count="0" type="stmt"/>
        <line num="47" count="0" type="stmt"/>
        <line num="49" count="0" type="stmt"/>
        <line num="51" count="0" type="stmt"/>
        <line num="59" count="1" type="stmt"/>
        <line num="60" count="0" type="cond" truecount="0" falsecount="2"/>
        <line num="61" count="0" type="cond" truecount="0" falsecount="4"/>
        <line num="62" count="0" type="stmt"/>
        <line num="65" count="1" type="stmt"/>
        <line num="66" count="0" type="cond" truecount="0" falsecount="7"/>
        <line num="68" count="0" type="stmt"/>
        <line num="70" count="0" type="stmt"/>
        <line num="72" count="0" type="stmt"/>
        <line num="74" count="0" type="stmt"/>
        <line num="76" count="0" type="stmt"/>
        <line num="78" count="0" type="stmt"/>
        <line num="80" count="0" type="stmt"/>
        <line num="84" count="1" type="stmt"/>
        <line num="85" count="0" type="stmt"/>
        <line num="88" count="0" type="cond" truecount="0" falsecount="2"/>
        <line num="89" count="0" type="stmt"/>
        <line num="91" count="0" type="stmt"/>
        <line num="92" count="0" type="stmt"/>
        <line num="94" count="0" type="cond" truecount="0" falsecount="5"/>
        <line num="98" count="0" type="cond" truecount="0" falsecount="2"/>
        <line num="99" count="0" type="stmt"/>
        <line num="106" count="0" type="stmt"/>
        <line num="112" count="0" type="cond" truecount="0" falsecount="2"/>
        <line num="115" count="0" type="cond" truecount="0" falsecount="5"/>
        <line num="128" count="1" type="stmt"/>
        <line num="129" count="0" type="stmt"/>
        <line num="132" count="0" type="cond" truecount="0" falsecount="2"/>
        <line num="133" count="0" type="stmt"/>
        <line num="135" count="0" type="cond" truecount="0" falsecount="2"/>
        <line num="138" count="1" type="stmt"/>
        <line num="139" count="0" type="cond" truecount="0" falsecount="2"/>
        <line num="140" count="0" type="stmt"/>
        <line num="141" count="0" type="cond" truecount="0" falsecount="2"/>
        <line num="142" count="0" type="stmt"/>
        <line num="143" count="0" type="cond" truecount="0" falsecount="2"/>
        <line num="144" count="0" type="stmt"/>
        <line num="146" count="0" type="stmt"/>
        <line num="149" count="1" type="stmt"/>
        <line num="150" count="0" type="cond" truecount="0" falsecount="2"/>
        <line num="151" count="0" type="stmt"/>
        <line num="172" count="1" type="stmt"/>
        <line num="173" count="0" type="cond" truecount="0" falsecount="2"/>
        <line num="174" count="0" type="cond" truecount="0" falsecount="2"/>
        <line num="175" count="0" type="stmt"/>
        <line num="179" count="1" type="stmt"/>
        <line num="180" count="0" type="cond" truecount="0" falsecount="2"/>
        <line num="181" count="0" type="stmt"/>
        <line num="184" count="0" type="cond" truecount="0" falsecount="2"/>
        <line num="185" count="0" type="stmt"/>
        <line num="193" count="1" type="stmt"/>
        <line num="200" count="0" type="stmt"/>
        <line num="201" count="0" type="cond" truecount="0" falsecount="2"/>
        <line num="202" count="0" type="cond" truecount="0" falsecount="2"/>
        <line num="208" count="0" type="cond" truecount="0" falsecount="2"/>
        <line num="210" count="0" type="stmt"/>
        <line num="211" count="0" type="stmt"/>
        <line num="212" count="0" type="cond" truecount="0" falsecount="2"/>
        <line num="213" count="0" type="stmt"/>
        <line num="214" count="0" type="stmt"/>
        <line num="216" count="0" type="stmt"/>
        <line num="217" count="0" type="cond" truecount="0" falsecount="4"/>
        <line num="218" count="0" type="stmt"/>
        <line num="221" count="0" type="stmt"/>
        <line num="225" count="0" type="cond" truecount="0" falsecount="2"/>
        <line num="226" count="0" type="stmt"/>
        <line num="228" count="0" type="cond" truecount="0" falsecount="2"/>
        <line num="229" count="0" type="stmt"/>
        <line num="232" count="0" type="stmt"/>
        <line num="233" count="0" type="stmt"/>
        <line num="235" count="0" type="cond" truecount="0" falsecount="2"/>
        <line num="236" count="0" type="stmt"/>
        <line num="261" count="0" type="stmt"/>
        <line num="263" count="0" type="cond" truecount="0" falsecount="2"/>
        <line num="264" count="0" type="stmt"/>
        <line num="271" count="0" type="cond" truecount="0" falsecount="2"/>
        <line num="274" count="0" type="stmt"/>
        <line num="278" count="1" type="stmt"/>
        <line num="279" count="0" type="stmt"/>
        <line num="281" count="0" type="stmt"/>
        <line num="282" count="0" type="cond" truecount="0" falsecount="2"/>
        <line num="283" count="0" type="stmt"/>
        <line num="286" count="0" type="cond" truecount="0" falsecount="2"/>
        <line num="290" count="0" type="stmt"/>
        <line num="293" count="0" type="stmt"/>
        <line num="300" count="0" type="stmt"/>
        <line num="303" count="1" type="stmt"/>
        <line num="304" count="0" type="stmt"/>
        <line num="305" count="0" type="stmt"/>
        <line num="315" count="0" type="cond" truecount="0" falsecount="2"/>
        <line num="316" count="0" type="stmt"/>
        <line num="318" count="0" type="stmt"/>
        <line num="321" count="1" type="stmt"/>
        <line num="322" count="0" type="stmt"/>
        <line num="323" count="0" type="stmt"/>
        <line num="326" count="0" type="stmt"/>
        <line num="329" count="1" type="stmt"/>
        <line num="330" count="0" type="stmt"/>
        <line num="331" count="0" type="stmt"/>
        <line num="333" count="0" type="stmt"/>
        <line num="334" count="0" type="stmt"/>
        <line num="336" count="0" type="stmt"/>
        <line num="337" count="0" type="stmt"/>
        <line num="338" count="0" type="cond" truecount="0" falsecount="2"/>
        <line num="339" count="0" type="stmt"/>
        <line num="342" count="0" type="stmt"/>
        <line num="344" count="0" type="cond" truecount="0" falsecount="2"/>
        <line num="345" count="0" type="stmt"/>
        <line num="346" count="0" type="stmt"/>
        <line num="349" count="0" type="cond" truecount="0" falsecount="2"/>
        <line num="350" count="0" type="stmt"/>
        <line num="353" count="0" type="stmt"/>
        <line num="354" count="0" type="stmt"/>
        <line num="356" count="0" type="stmt"/>
        <line num="372" count="0" type="cond" truecount="0" falsecount="2"/>
        <line num="373" count="0" type="stmt"/>
        <line num="374" count="0" type="cond" truecount="0" falsecount="4"/>
        <line num="375" count="0" type="stmt"/>
        <line num="376" count="0" type="stmt"/>
        <line num="378" count="0" type="stmt"/>
        <line num="381" count="0" type="stmt"/>
        <line num="382" count="0" type="stmt"/>
        <line num="384" count="0" type="stmt"/>
        <line num="385" count="0" type="stmt"/>
        <line num="387" count="0" type="stmt"/>
        <line num="391" count="1" type="stmt"/>
        <line num="392" count="0" type="cond" truecount="0" falsecount="4"/>
        <line num="393" count="0" type="stmt"/>
        <line num="396" count="0" type="cond" truecount="0" falsecount="2"/>
        <line num="397" count="0" type="cond" truecount="0" falsecount="2"/>
        <line num="398" count="0" type="stmt"/>
        <line num="401" count="0" type="stmt"/>
        <line num="402" count="0" type="cond" truecount="0" falsecount="4"/>
        <line num="403" count="0" type="stmt"/>
        <line num="408" count="1" type="stmt"/>
        <line num="409" count="0" type="stmt"/>
        <line num="410" count="0" type="stmt"/>
        <line num="411" count="0" type="stmt"/>
        <line num="413" count="0" type="stmt"/>
        <line num="414" count="0" type="stmt"/>
        <line num="416" count="0" type="stmt"/>
        <line num="417" count="0" type="stmt"/>
        <line num="418" count="0" type="cond" truecount="0" falsecount="2"/>
        <line num="419" count="0" type="stmt"/>
        <line num="422" count="0" type="stmt"/>
        <line num="424" count="0" type="cond" truecount="0" falsecount="2"/>
        <line num="425" count="0" type="stmt"/>
        <line num="428" count="0" type="stmt"/>
        <line num="429" count="0" type="cond" truecount="0" falsecount="4"/>
        <line num="430" count="0" type="stmt"/>
        <line num="433" count="0" type="stmt"/>
        <line num="444" count="0" type="stmt"/>
        <line num="458" count="0" type="cond" truecount="0" falsecount="2"/>
        <line num="459" count="0" type="stmt"/>
        <line num="462" count="0" type="stmt"/>
        <line num="463" count="0" type="stmt"/>
        <line num="465" count="0" type="stmt"/>
        <line num="466" count="0" type="stmt"/>
        <line num="468" count="0" type="stmt"/>
        <line num="472" count="1" type="stmt"/>
        <line num="473" count="0" type="stmt"/>
        <line num="474" count="0" type="stmt"/>
        <line num="475" count="0" type="cond" truecount="0" falsecount="2"/>
        <line num="476" count="0" type="stmt"/>
        <line num="480" count="0" type="cond" truecount="0" falsecount="2"/>
        <line num="482" count="0" type="stmt"/>
        <line num="483" count="0" type="stmt"/>
        <line num="484" count="0" type="cond" truecount="0" falsecount="2"/>
        <line num="485" count="0" type="stmt"/>
        <line num="489" count="1" type="stmt"/>
        <line num="496" count="0" type="stmt"/>
        <line num="497" count="0" type="stmt"/>
        <line num="499" count="0" type="cond" truecount="0" falsecount="2"/>
        <line num="500" count="0" type="stmt"/>
        <line num="503" count="0" type="cond" truecount="0" falsecount="2"/>
        <line num="504" count="0" type="stmt"/>
        <line num="507" count="0" type="stmt"/>
        <line num="508" count="0" type="stmt"/>
        <line num="510" count="0" type="stmt"/>
        <line num="511" count="0" type="stmt"/>
        <line num="512" count="0" type="cond" truecount="0" falsecount="2"/>
        <line num="513" count="0" type="stmt"/>
        <line num="516" count="0" type="stmt"/>
        <line num="518" count="0" type="cond" truecount="0" falsecount="2"/>
        <line num="519" count="0" type="stmt"/>
        <line num="520" count="0" type="stmt"/>
        <line num="523" count="0" type="cond" truecount="0" falsecount="2"/>
        <line num="524" count="0" type="stmt"/>
        <line num="527" count="0" type="cond" truecount="0" falsecount="2"/>
        <line num="528" count="0" type="stmt"/>
        <line num="529" count="0" type="stmt"/>
        <line num="531" count="0" type="stmt"/>
        <line num="542" count="0" type="cond" truecount="0" falsecount="2"/>
        <line num="543" count="0" type="stmt"/>
        <line num="545" count="0" type="cond" truecount="0" falsecount="2"/>
        <line num="546" count="0" type="stmt"/>
        <line num="547" count="0" type="cond" truecount="0" falsecount="2"/>
        <line num="548" count="0" type="stmt"/>
        <line num="549" count="0" type="stmt"/>
        <line num="553" count="0" type="cond" truecount="0" falsecount="2"/>
        <line num="554" count="0" type="stmt"/>
        <line num="557" count="0" type="stmt"/>
        <line num="560" count="0" type="stmt"/>
        <line num="587" count="0" type="cond" truecount="0" falsecount="2"/>
        <line num="588" count="0" type="stmt"/>
        <line num="591" count="0" type="stmt"/>
        <line num="592" count="0" type="stmt"/>
        <line num="594" count="0" type="stmt"/>
        <line num="595" count="0" type="stmt"/>
        <line num="597" count="0" type="stmt"/>
        <line num="601" count="1" type="stmt"/>
        <line num="608" count="0" type="stmt"/>
        <line num="609" count="0" type="stmt"/>
        <line num="611" count="0" type="cond" truecount="0" falsecount="2"/>
        <line num="612" count="0" type="stmt"/>
        <line num="615" count="0" type="cond" truecount="0" falsecount="2"/>
        <line num="616" count="0" type="stmt"/>
        <line num="619" count="0" type="cond" truecount="0" falsecount="4"/>
        <line num="620" count="0" type="stmt"/>
        <line num="623" count="0" type="stmt"/>
        <line num="624" count="0" type="stmt"/>
        <line num="626" count="0" type="stmt"/>
        <line num="627" count="0" type="stmt"/>
        <line num="628" count="0" type="cond" truecount="0" falsecount="2"/>
        <line num="629" count="0" type="stmt"/>
        <line num="632" count="0" type="stmt"/>
        <line num="634" count="0" type="cond" truecount="0" falsecount="2"/>
        <line num="635" count="0" type="stmt"/>
        <line num="636" count="0" type="stmt"/>
        <line num="639" count="0" type="cond" truecount="0" falsecount="2"/>
        <line num="640" count="0" type="stmt"/>
        <line num="643" count="0" type="cond" truecount="0" falsecount="2"/>
        <line num="644" count="0" type="stmt"/>
        <line num="645" count="0" type="stmt"/>
        <line num="648" count="0" type="stmt"/>
        <line num="666" count="0" type="stmt"/>
        <line num="688" count="0" type="cond" truecount="0" falsecount="2"/>
        <line num="689" count="0" type="stmt"/>
        <line num="692" count="0" type="stmt"/>
        <line num="705" count="0" type="stmt"/>
        <line num="710" count="0" type="cond" truecount="0" falsecount="2"/>
        <line num="711" count="0" type="cond" truecount="0" falsecount="2"/>
        <line num="712" count="0" type="stmt"/>
        <line num="718" count="0" type="stmt"/>
        <line num="719" count="0" type="stmt"/>
        <line num="720" count="0" type="stmt"/>
        <line num="724" count="0" type="stmt"/>
        <line num="725" count="0" type="stmt"/>
        <line num="726" count="0" type="stmt"/>
        <line num="735" count="0" type="stmt"/>
        <line num="739" count="0" type="stmt"/>
        <line num="740" count="0" type="stmt"/>
        <line num="753" count="0" type="stmt"/>
        <line num="754" count="0" type="stmt"/>
        <line num="756" count="0" type="stmt"/>
        <line num="757" count="0" type="stmt"/>
        <line num="759" count="0" type="stmt"/>
        <line num="763" count="1" type="stmt"/>
        <line num="769" count="0" type="stmt"/>
        <line num="770" count="0" type="cond" truecount="0" falsecount="2"/>
        <line num="771" count="0" type="stmt"/>
        <line num="773" count="0" type="stmt"/>
        <line num="774" count="0" type="cond" truecount="0" falsecount="2"/>
        <line num="775" count="0" type="stmt"/>
        <line num="778" count="0" type="cond" truecount="0" falsecount="2"/>
        <line num="779" count="0" type="stmt"/>
        <line num="786" count="0" type="stmt"/>
        <line num="791" count="0" type="cond" truecount="0" falsecount="2"/>
        <line num="792" count="0" type="stmt"/>
        <line num="795" count="0" type="stmt"/>
        <line num="796" count="0" type="cond" truecount="0" falsecount="4"/>
        <line num="797" count="0" type="stmt"/>
        <line num="800" count="0" type="stmt"/>
        <line num="801" count="0" type="stmt"/>
        <line num="803" count="0" type="stmt"/>
        <line num="804" count="0" type="stmt"/>
        <line num="826" count="0" type="stmt"/>
        <line num="828" count="0" type="cond" truecount="0" falsecount="2"/>
        <line num="829" count="0" type="stmt"/>
        <line num="835" count="0" type="cond" truecount="0" falsecount="2"/>
        <line num="837" count="0" type="stmt"/>
        <line num="841" count="1" type="stmt"/>
        <line num="842" count="0" type="stmt"/>
        <line num="844" count="0" type="stmt"/>
        <line num="845" count="0" type="stmt"/>
        <line num="847" count="0" type="stmt"/>
        <line num="848" count="0" type="stmt"/>
        <line num="849" count="0" type="cond" truecount="0" falsecount="2"/>
        <line num="850" count="0" type="stmt"/>
        <line num="853" count="0" type="cond" truecount="0" falsecount="2"/>
        <line num="854" count="0" type="stmt"/>
        <line num="857" count="0" type="stmt"/>
        <line num="859" count="0" type="stmt"/>
        <line num="876" count="0" type="stmt"/>
        <line num="901" count="0" type="stmt"/>
        <line num="903" count="0" type="stmt"/>
        <line num="908" count="0" type="stmt"/>
        <line num="909" count="0" type="stmt"/>
        <line num="911" count="0" type="stmt"/>
        <line num="915" count="1" type="stmt"/>
      </file>
      <file name="ReturnService.js" path="D:\GearXpert\gearxpertbe\services\ReturnService.js">
        <metrics statements="295" coveredstatements="28" conditionals="261" coveredconditionals="0" methods="31" coveredmethods="0"/>
        <line num="1" count="1" type="stmt"/>
        <line num="2" count="1" type="stmt"/>
        <line num="3" count="1" type="stmt"/>
        <line num="4" count="1" type="stmt"/>
        <line num="5" count="1" type="stmt"/>
        <line num="11" count="1" type="stmt"/>
        <line num="15" count="0" type="stmt"/>
        <line num="16" count="0" type="stmt"/>
        <line num="17" count="0" type="stmt"/>
        <line num="18" count="0" type="stmt"/>
        <line num="22" count="1" type="stmt"/>
        <line num="25" count="1" type="stmt"/>
        <line num="26" count="0" type="cond" truecount="0" falsecount="2"/>
        <line num="27" count="0" type="cond" truecount="0" falsecount="4"/>
        <line num="28" count="0" type="stmt"/>
        <line num="31" count="1" type="stmt"/>
        <line num="32" count="0" type="cond" truecount="0" falsecount="8"/>
        <line num="34" count="0" type="stmt"/>
        <line num="36" count="0" type="stmt"/>
        <line num="38" count="0" type="stmt"/>
        <line num="44" count="0" type="stmt"/>
        <line num="48" count="1" type="stmt"/>
        <line num="49" count="0" type="cond" truecount="0" falsecount="9"/>
        <line num="51" count="0" type="stmt"/>
        <line num="53" count="0" type="stmt"/>
        <line num="55" count="0" type="stmt"/>
        <line num="57" count="0" type="stmt"/>
        <line num="59" count="0" type="stmt"/>
        <line num="61" count="0" type="stmt"/>
        <line num="63" count="0" type="stmt"/>
        <line num="65" count="0" type="stmt"/>
        <line num="67" count="0" type="stmt"/>
        <line num="71" count="1" type="stmt"/>
        <line num="72" count="0" type="cond" truecount="0" falsecount="2"/>
        <line num="73" count="0" type="stmt"/>
        <line num="77" count="1" type="stmt"/>
        <line num="78" count="0" type="cond" truecount="0" falsecount="2"/>
        <line num="79" count="0" type="cond" truecount="0" falsecount="2"/>
        <line num="80" count="0" type="stmt"/>
        <line num="84" count="1" type="stmt"/>
        <line num="85" count="0" type="cond" truecount="0" falsecount="2"/>
        <line num="86" count="0" type="stmt"/>
        <line num="107" count="1" type="stmt"/>
        <line num="108" count="0" type="stmt"/>
        <line num="111" count="0" type="cond" truecount="0" falsecount="2"/>
        <line num="112" count="0" type="stmt"/>
        <line num="114" count="0" type="cond" truecount="0" falsecount="2"/>
        <line num="117" count="1" type="stmt"/>
        <line num="118" count="0" type="stmt"/>
        <line num="121" count="0" type="cond" truecount="0" falsecount="2"/>
        <line num="122" count="0" type="stmt"/>
        <line num="124" count="0" type="stmt"/>
        <line num="130" count="0" type="cond" truecount="0" falsecount="2"/>
        <line num="131" count="0" type="stmt"/>
        <line num="133" count="0" type="stmt"/>
        <line num="134" count="0" type="cond" truecount="0" falsecount="2"/>
        <line num="137" count="0" type="stmt"/>
        <line num="138" count="0" type="stmt"/>
        <line num="139" count="0" type="stmt"/>
        <line num="141" count="0" type="cond" truecount="0" falsecount="5"/>
        <line num="145" count="0" type="cond" truecount="0" falsecount="2"/>
        <line num="146" count="0" type="stmt"/>
        <line num="153" count="0" type="stmt"/>
        <line num="159" count="0" type="stmt"/>
        <line num="163" count="0" type="cond" truecount="0" falsecount="5"/>
        <line num="178" count="1" type="stmt"/>
        <line num="179" count="0" type="cond" truecount="0" falsecount="4"/>
        <line num="180" count="0" type="stmt"/>
        <line num="184" count="1" type="stmt"/>
        <line num="185" count="0" type="cond" truecount="0" falsecount="2"/>
        <line num="186" count="0" type="stmt"/>
        <line num="189" count="0" type="cond" truecount="0" falsecount="2"/>
        <line num="190" count="0" type="stmt"/>
        <line num="198" count="1" type="stmt"/>
        <line num="199" count="0" type="stmt"/>
        <line num="200" count="0" type="cond" truecount="0" falsecount="2"/>
        <line num="202" count="0" type="cond" truecount="0" falsecount="2"/>
        <line num="204" count="0" type="stmt"/>
        <line num="205" count="0" type="cond" truecount="0" falsecount="2"/>
        <line num="206" count="0" type="stmt"/>
        <line num="207" count="0" type="stmt"/>
        <line num="209" count="0" type="stmt"/>
        <line num="213" count="0" type="cond" truecount="0" falsecount="2"/>
        <line num="214" count="0" type="stmt"/>
        <line num="216" count="0" type="cond" truecount="0" falsecount="2"/>
        <line num="217" count="0" type="stmt"/>
        <line num="220" count="0" type="stmt"/>
        <line num="221" count="0" type="stmt"/>
        <line num="223" count="0" type="cond" truecount="0" falsecount="2"/>
        <line num="224" count="0" type="stmt"/>
        <line num="225" count="0" type="stmt"/>
        <line num="263" count="0" type="stmt"/>
        <line num="265" count="0" type="cond" truecount="0" falsecount="2"/>
        <line num="266" count="0" type="stmt"/>
        <line num="272" count="0" type="cond" truecount="0" falsecount="2"/>
        <line num="274" count="0" type="stmt"/>
        <line num="278" count="1" type="stmt"/>
        <line num="279" count="0" type="stmt"/>
        <line num="280" count="0" type="stmt"/>
        <line num="283" count="1" type="stmt"/>
        <line num="284" count="0" type="stmt"/>
        <line num="285" count="0" type="stmt"/>
        <line num="295" count="0" type="cond" truecount="0" falsecount="2"/>
        <line num="296" count="0" type="stmt"/>
        <line num="298" count="0" type="stmt"/>
        <line num="301" count="1" type="stmt"/>
        <line num="302" count="0" type="stmt"/>
        <line num="303" count="0" type="stmt"/>
        <line num="305" count="0" type="stmt"/>
        <line num="306" count="0" type="stmt"/>
        <line num="308" count="0" type="stmt"/>
        <line num="309" count="0" type="stmt"/>
        <line num="310" count="0" type="cond" truecount="0" falsecount="2"/>
        <line num="311" count="0" type="stmt"/>
        <line num="314" count="0" type="stmt"/>
        <line num="316" count="0" type="cond" truecount="0" falsecount="2"/>
        <line num="317" count="0" type="stmt"/>
        <line num="318" count="0" type="stmt"/>
        <line num="321" count="0" type="cond" truecount="0" falsecount="2"/>
        <line num="322" count="0" type="stmt"/>
        <line num="325" count="0" type="stmt"/>
        <line num="338" count="0" type="cond" truecount="0" falsecount="2"/>
        <line num="339" count="0" type="stmt"/>
        <line num="342" count="0" type="stmt"/>
        <line num="347" count="0" type="stmt"/>
        <line num="348" count="0" type="stmt"/>
        <line num="350" count="0" type="stmt"/>
        <line num="354" count="0" type="stmt"/>
        <line num="355" count="0" type="stmt"/>
        <line num="374" count="0" type="stmt"/>
        <line num="375" count="0" type="stmt"/>
        <line num="377" count="0" type="stmt"/>
        <line num="378" count="0" type="stmt"/>
        <line num="380" count="0" type="stmt"/>
        <line num="384" count="1" type="stmt"/>
        <line num="385" count="0" type="stmt"/>
        <line num="386" count="0" type="stmt"/>
        <line num="387" count="0" type="stmt"/>
        <line num="389" count="0" type="stmt"/>
        <line num="390" count="0" type="stmt"/>
        <line num="392" count="0" type="stmt"/>
        <line num="393" count="0" type="stmt"/>
        <line num="394" count="0" type="cond" truecount="0" falsecount="2"/>
        <line num="395" count="0" type="stmt"/>
        <line num="398" count="0" type="stmt"/>
        <line num="400" count="0" type="cond" truecount="0" falsecount="2"/>
        <line num="401" count="0" type="stmt"/>
        <line num="404" count="0" type="stmt"/>
        <line num="433" count="0" type="cond" truecount="0" falsecount="2"/>
        <line num="434" count="0" type="stmt"/>
        <line num="437" count="0" type="stmt"/>
        <line num="438" count="0" type="stmt"/>
        <line num="440" count="0" type="stmt"/>
        <line num="441" count="0" type="stmt"/>
        <line num="443" count="0" type="stmt"/>
        <line num="447" count="1" type="stmt"/>
        <line num="448" count="0" type="stmt"/>
        <line num="449" count="0" type="stmt"/>
        <line num="451" count="0" type="cond" truecount="0" falsecount="2"/>
        <line num="452" count="0" type="stmt"/>
        <line num="454" count="0" type="stmt"/>
        <line num="455" count="0" type="cond" truecount="0" falsecount="2"/>
        <line num="457" count="0" type="stmt"/>
        <line num="458" count="0" type="cond" truecount="0" falsecount="2"/>
        <line num="459" count="0" type="stmt"/>
        <line num="462" count="0" type="stmt"/>
        <line num="464" count="0" type="cond" truecount="0" falsecount="2"/>
        <line num="465" count="0" type="cond" truecount="0" falsecount="2"/>
        <line num="466" count="0" type="stmt"/>
        <line num="469" count="0" type="cond" truecount="0" falsecount="2"/>
        <line num="470" count="0" type="stmt"/>
        <line num="473" count="0" type="stmt"/>
        <line num="492" count="0" type="cond" truecount="0" falsecount="2"/>
        <line num="493" count="0" type="stmt"/>
        <line num="496" count="0" type="cond" truecount="0" falsecount="2"/>
        <line num="497" count="0" type="stmt"/>
        <line num="499" count="0" type="cond" truecount="0" falsecount="2"/>
        <line num="500" count="0" type="stmt"/>
        <line num="502" count="0" type="cond" truecount="0" falsecount="2"/>
        <line num="506" count="1" type="stmt"/>
        <line num="507" count="0" type="stmt"/>
        <line num="508" count="0" type="stmt"/>
        <line num="510" count="0" type="cond" truecount="0" falsecount="2"/>
        <line num="511" count="0" type="stmt"/>
        <line num="513" count="0" type="stmt"/>
        <line num="514" count="0" type="cond" truecount="0" falsecount="2"/>
        <line num="516" count="0" type="stmt"/>
        <line num="517" count="0" type="cond" truecount="0" falsecount="2"/>
        <line num="518" count="0" type="stmt"/>
        <line num="521" count="0" type="stmt"/>
        <line num="523" count="0" type="cond" truecount="0" falsecount="2"/>
        <line num="524" count="0" type="cond" truecount="0" falsecount="2"/>
        <line num="525" count="0" type="stmt"/>
        <line num="528" count="0" type="cond" truecount="0" falsecount="2"/>
        <line num="529" count="0" type="stmt"/>
        <line num="532" count="0" type="stmt"/>
        <line num="558" count="0" type="cond" truecount="0" falsecount="2"/>
        <line num="559" count="0" type="stmt"/>
        <line num="562" count="0" type="cond" truecount="0" falsecount="2"/>
        <line num="563" count="0" type="stmt"/>
        <line num="565" count="0" type="cond" truecount="0" falsecount="2"/>
        <line num="566" count="0" type="stmt"/>
        <line num="568" count="0" type="cond" truecount="0" falsecount="2"/>
        <line num="572" count="1" type="stmt"/>
        <line num="573" count="0" type="stmt"/>
        <line num="574" count="0" type="stmt"/>
        <line num="576" count="0" type="cond" truecount="0" falsecount="4"/>
        <line num="577" count="0" type="stmt"/>
        <line num="580" count="0" type="stmt"/>
        <line num="581" count="0" type="stmt"/>
        <line num="583" count="0" type="stmt"/>
        <line num="584" count="0" type="stmt"/>
        <line num="585" count="0" type="cond" truecount="0" falsecount="2"/>
        <line num="586" count="0" type="stmt"/>
        <line num="589" count="0" type="stmt"/>
        <line num="591" count="0" type="cond" truecount="0" falsecount="2"/>
        <line num="592" count="0" type="stmt"/>
        <line num="593" count="0" type="stmt"/>
        <line num="596" count="0" type="cond" truecount="0" falsecount="2"/>
        <line num="597" count="0" type="stmt"/>
        <line num="600" count="0" type="stmt"/>
        <line num="624" count="0" type="cond" truecount="0" falsecount="2"/>
        <line num="625" count="0" type="stmt"/>
        <line num="628" count="0" type="stmt"/>
        <line num="629" count="0" type="cond" truecount="0" falsecount="2"/>
        <line num="630" count="0" type="stmt"/>
        <line num="633" count="0" type="stmt"/>
        <line num="634" count="0" type="stmt"/>
        <line num="635" count="0" type="stmt"/>
        <line num="637" count="0" type="stmt"/>
        <line num="642" count="0" type="cond" truecount="0" falsecount="2"/>
        <line num="643" count="0" type="cond" truecount="0" falsecount="2"/>
        <line num="644" count="0" type="stmt"/>
        <line num="650" count="0" type="stmt"/>
        <line num="651" count="0" type="stmt"/>
        <line num="652" count="0" type="stmt"/>
        <line num="656" count="0" type="stmt"/>
        <line num="657" count="0" type="stmt"/>
        <line num="659" count="0" type="stmt"/>
        <line num="663" count="0" type="stmt"/>
        <line num="664" count="0" type="stmt"/>
        <line num="683" count="0" type="stmt"/>
        <line num="684" count="0" type="stmt"/>
        <line num="686" count="0" type="stmt"/>
        <line num="687" count="0" type="stmt"/>
        <line num="689" count="0" type="stmt"/>
        <line num="693" count="1" type="stmt"/>
        <line num="694" count="0" type="stmt"/>
        <line num="695" count="0" type="stmt"/>
        <line num="697" count="0" type="stmt"/>
        <line num="698" count="0" type="stmt"/>
        <line num="700" count="0" type="stmt"/>
        <line num="701" count="0" type="stmt"/>
        <line num="702" count="0" type="cond" truecount="0" falsecount="2"/>
        <line num="703" count="0" type="stmt"/>
        <line num="706" count="0" type="cond" truecount="0" falsecount="2"/>
        <line num="707" count="0" type="stmt"/>
        <line num="714" count="0" type="stmt"/>
        <line num="721" count="0" type="cond" truecount="0" falsecount="2"/>
        <line num="722" count="0" type="stmt"/>
        <line num="725" count="0" type="stmt"/>
        <line num="726" count="0" type="stmt"/>
        <line num="728" count="0" type="stmt"/>
        <line num="766" count="0" type="stmt"/>
        <line num="767" count="0" type="stmt"/>
        <line num="769" count="0" type="stmt"/>
        <line num="770" count="0" type="stmt"/>
        <line num="772" count="0" type="stmt"/>
        <line num="776" count="1" type="stmt"/>
        <line num="777" count="0" type="stmt"/>
        <line num="779" count="0" type="stmt"/>
        <line num="780" count="0" type="stmt"/>
        <line num="782" count="0" type="stmt"/>
        <line num="783" count="0" type="stmt"/>
        <line num="784" count="0" type="cond" truecount="0" falsecount="2"/>
        <line num="785" count="0" type="stmt"/>
        <line num="788" count="0" type="cond" truecount="0" falsecount="2"/>
        <line num="789" count="0" type="stmt"/>
        <line num="796" count="0" type="stmt"/>
        <line num="801" count="0" type="cond" truecount="0" falsecount="2"/>
        <line num="802" count="0" type="stmt"/>
        <line num="803" count="0" type="stmt"/>
        <line num="806" count="0" type="stmt"/>
        <line num="807" count="0" type="stmt"/>
        <line num="808" count="0" type="cond" truecount="0" falsecount="2"/>
        <line num="809" count="0" type="stmt"/>
        <line num="810" count="0" type="cond" truecount="0" falsecount="2"/>
        <line num="811" count="0" type="stmt"/>
        <line num="812" count="0" type="stmt"/>
        <line num="814" count="0" type="stmt"/>
        <line num="815" count="0" type="stmt"/>
        <line num="817" count="0" type="stmt"/>
        <line num="818" count="0" type="stmt"/>
        <line num="820" count="0" type="stmt"/>
        <line num="824" count="1" type="stmt"/>
      </file>
    </package>
    <package name="utils">
      <metrics statements="20" coveredstatements="9" conditionals="5" coveredconditionals="0" methods="9" coveredmethods="0"/>
      <file name="operationStaffSocket.js" path="D:\GearXpert\gearxpertbe\utils\operationStaffSocket.js">
        <metrics statements="8" coveredstatements="3" conditionals="3" coveredconditionals="0" methods="2" coveredmethods="0"/>
        <line num="6" count="1" type="stmt"/>
        <line num="8" count="1" type="stmt"/>
        <line num="11" count="0" type="stmt"/>
        <line num="15" count="0" type="cond" truecount="0" falsecount="2"/>
        <line num="16" count="0" type="stmt"/>
        <line num="17" count="0" type="stmt"/>
        <line num="22" count="0" type="stmt"/>
        <line num="26" count="1" type="stmt"/>
      </file>
      <file name="socketUser.js" path="D:\GearXpert\gearxpertbe\utils\socketUser.js">
        <metrics statements="12" coveredstatements="6" conditionals="2" coveredconditionals="0" methods="7" coveredmethods="0"/>
        <line num="1" count="1" type="stmt"/>
        <line num="4" count="1" type="stmt"/>
        <line num="5" count="0" type="stmt"/>
        <line num="6" count="0" type="cond" truecount="0" falsecount="2"/>
        <line num="7" count="0" type="stmt"/>
        <line num="9" count="0" type="stmt"/>
        <line num="14" count="1" type="stmt"/>
        <line num="15" count="0" type="stmt"/>
        <line num="19" count="1" type="stmt"/>
        <line num="20" count="0" type="stmt"/>
        <line num="24" count="1" type="stmt"/>
        <line num="26" count="1" type="stmt"/>
      </file>
    </package>
  </project>
</coverage>
