{"D:\\GearXpert\\gearxpertbe\\controllers\\Auth\\AuthController.js": {"path":"D:\\GearXpert\\gearxpertbe\\controllers\\Auth\\AuthController.js","statementMap":{"0":{"start":{"line":1,"column":121},"end":{"line":1,"column":158}},"1":{"start":{"line":2,"column":15},"end":{"line":2,"column":34}},"2":{"start":{"line":3,"column":20},"end":{"line":3,"column":61}},"3":{"start":{"line":4,"column":21},"end":{"line":4,"column":54}},"4":{"start":{"line":5,"column":83},"end":{"line":5,"column":120}},"5":{"start":{"line":7,"column":13},"end":{"line":7,"column":41}},"6":{"start":{"line":8,"column":15},"end":{"line":8,"column":45}},"7":{"start":{"line":9,"column":29},"end":{"line":9,"column":68}},"8":{"start":{"line":10,"column":0},"end":{"line":10,"column":27}},"9":{"start":{"line":12,"column":17},"end":{"line":70,"column":1}},"10":{"start":{"line":13,"column":4},"end":{"line":69,"column":5}},"11":{"start":{"line":14,"column":36},"end":{"line":14,"column":44}},"12":{"start":{"line":16,"column":27},"end":{"line":16,"column":56}},"13":{"start":{"line":17,"column":8},"end":{"line":17,"column":104}},"14":{"start":{"line":17,"column":25},"end":{"line":17,"column":104}},"15":{"start":{"line":19,"column":8},"end":{"line":24,"column":9}},"16":{"start":{"line":20,"column":12},"end":{"line":23,"column":15}},"17":{"start":{"line":26,"column":32},"end":{"line":26,"column":74}},"18":{"start":{"line":27,"column":8},"end":{"line":29,"column":9}},"19":{"start":{"line":28,"column":12},"end":{"line":28,"column":87}},"20":{"start":{"line":31,"column":24},"end":{"line":35,"column":9}},"21":{"start":{"line":37,"column":28},"end":{"line":37,"column":46}},"22":{"start":{"line":38,"column":29},"end":{"line":38,"column":56}},"23":{"start":{"line":41,"column":23},"end":{"line":41,"column":69}},"24":{"start":{"line":42,"column":8},"end":{"line":44,"column":9}},"25":{"start":{"line":43,"column":12},"end":{"line":43,"column":89}},"26":{"start":{"line":45,"column":30},"end":{"line":45,"column":57}},"27":{"start":{"line":46,"column":8},"end":{"line":65,"column":11}},"28":{"start":{"line":67,"column":8},"end":{"line":67,"column":47}},"29":{"start":{"line":68,"column":8},"end":{"line":68,"column":78}},"30":{"start":{"line":72,"column":20},"end":{"line":164,"column":1}},"31":{"start":{"line":73,"column":4},"end":{"line":163,"column":5}},"32":{"start":{"line":74,"column":8},"end":{"line":159,"column":11}},"33":{"start":{"line":75,"column":12},"end":{"line":158,"column":15}},"34":{"start":{"line":76,"column":16},"end":{"line":157,"column":17}},"35":{"start":{"line":77,"column":20},"end":{"line":80,"column":21}},"36":{"start":{"line":78,"column":24},"end":{"line":78,"column":104}},"37":{"start":{"line":79,"column":24},"end":{"line":79,"column":41}},"38":{"start":{"line":82,"column":95},"end":{"line":82,"column":103}},"39":{"start":{"line":83,"column":35},"end":{"line":83,"column":64}},"40":{"start":{"line":85,"column":20},"end":{"line":88,"column":21}},"41":{"start":{"line":86,"column":24},"end":{"line":86,"column":103}},"42":{"start":{"line":87,"column":24},"end":{"line":87,"column":41}},"43":{"start":{"line":90,"column":20},"end":{"line":93,"column":21}},"44":{"start":{"line":91,"column":24},"end":{"line":91,"column":114}},"45":{"start":{"line":92,"column":24},"end":{"line":92,"column":41}},"46":{"start":{"line":95,"column":42},"end":{"line":95,"column":81}},"47":{"start":{"line":96,"column":20},"end":{"line":102,"column":21}},"48":{"start":{"line":97,"column":24},"end":{"line":100,"column":27}},"49":{"start":{"line":101,"column":24},"end":{"line":101,"column":41}},"50":{"start":{"line":104,"column":41},"end":{"line":104,"column":70}},"51":{"start":{"line":105,"column":20},"end":{"line":108,"column":21}},"52":{"start":{"line":106,"column":24},"end":{"line":106,"column":96}},"53":{"start":{"line":107,"column":24},"end":{"line":107,"column":41}},"54":{"start":{"line":110,"column":36},"end":{"line":114,"column":22}},"55":{"start":{"line":116,"column":20},"end":{"line":116,"column":41}},"56":{"start":{"line":119,"column":20},"end":{"line":119,"column":56}},"57":{"start":{"line":122,"column":40},"end":{"line":122,"column":103}},"58":{"start":{"line":123,"column":39},"end":{"line":123,"column":104}},"59":{"start":{"line":125,"column":41},"end":{"line":125,"column":83}},"60":{"start":{"line":128,"column":20},"end":{"line":133,"column":93}},"61":{"start":{"line":130,"column":28},"end":{"line":131,"column":107}},"62":{"start":{"line":130,"column":38},"end":{"line":130,"column":100}},"63":{"start":{"line":131,"column":33},"end":{"line":131,"column":107}},"64":{"start":{"line":133,"column":38},"end":{"line":133,"column":91}},"65":{"start":{"line":135,"column":20},"end":{"line":145,"column":39}},"66":{"start":{"line":136,"column":24},"end":{"line":144,"column":25}},"67":{"start":{"line":137,"column":46},"end":{"line":137,"column":78}},"68":{"start":{"line":138,"column":28},"end":{"line":141,"column":29}},"69":{"start":{"line":139,"column":32},"end":{"line":139,"column":74}},"70":{"start":{"line":140,"column":32},"end":{"line":140,"column":109}},"71":{"start":{"line":143,"column":28},"end":{"line":143,"column":89}},"72":{"start":{"line":147,"column":20},"end":{"line":151,"column":23}},"73":{"start":{"line":152,"column":20},"end":{"line":152,"column":30}},"74":{"start":{"line":154,"column":20},"end":{"line":154,"column":73}},"75":{"start":{"line":155,"column":20},"end":{"line":155,"column":90}},"76":{"start":{"line":156,"column":20},"end":{"line":156,"column":30}},"77":{"start":{"line":161,"column":8},"end":{"line":161,"column":56}},"78":{"start":{"line":162,"column":8},"end":{"line":162,"column":85}},"79":{"start":{"line":167,"column":29},"end":{"line":183,"column":1}},"80":{"start":{"line":168,"column":4},"end":{"line":182,"column":5}},"81":{"start":{"line":169,"column":26},"end":{"line":169,"column":34}},"82":{"start":{"line":170,"column":27},"end":{"line":170,"column":56}},"83":{"start":{"line":171,"column":8},"end":{"line":171,"column":99}},"84":{"start":{"line":171,"column":25},"end":{"line":171,"column":99}},"85":{"start":{"line":173,"column":27},"end":{"line":173,"column":98}},"86":{"start":{"line":174,"column":26},"end":{"line":174,"column":90}},"87":{"start":{"line":176,"column":29},"end":{"line":176,"column":82}},"88":{"start":{"line":177,"column":8},"end":{"line":177,"column":74}},"89":{"start":{"line":179,"column":8},"end":{"line":179,"column":83}},"90":{"start":{"line":181,"column":8},"end":{"line":181,"column":86}},"91":{"start":{"line":187,"column":33},"end":{"line":236,"column":1}},"92":{"start":{"line":188,"column":4},"end":{"line":235,"column":5}},"93":{"start":{"line":189,"column":23},"end":{"line":189,"column":34}},"94":{"start":{"line":190,"column":32},"end":{"line":190,"column":40}},"95":{"start":{"line":192,"column":8},"end":{"line":194,"column":9}},"96":{"start":{"line":193,"column":12},"end":{"line":193,"column":95}},"97":{"start":{"line":197,"column":27},"end":{"line":197,"column":54}},"98":{"start":{"line":198,"column":8},"end":{"line":200,"column":9}},"99":{"start":{"line":199,"column":12},"end":{"line":199,"column":85}},"100":{"start":{"line":202,"column":24},"end":{"line":202,"column":69}},"101":{"start":{"line":203,"column":8},"end":{"line":205,"column":9}},"102":{"start":{"line":204,"column":12},"end":{"line":204,"column":96}},"103":{"start":{"line":208,"column":20},"end":{"line":208,"column":68}},"104":{"start":{"line":211,"column":24},"end":{"line":211,"column":50}},"105":{"start":{"line":214,"column":26},"end":{"line":218,"column":10}},"106":{"start":{"line":221,"column":29},"end":{"line":221,"column":80}},"107":{"start":{"line":222,"column":8},"end":{"line":222,"column":90}},"108":{"start":{"line":224,"column":8},"end":{"line":231,"column":11}},"109":{"start":{"line":233,"column":8},"end":{"line":233,"column":48}},"110":{"start":{"line":234,"column":8},"end":{"line":234,"column":85}},"111":{"start":{"line":240,"column":22},"end":{"line":266,"column":1}},"112":{"start":{"line":241,"column":4},"end":{"line":265,"column":5}},"113":{"start":{"line":242,"column":39},"end":{"line":242,"column":47}},"114":{"start":{"line":243,"column":24},"end":{"line":243,"column":48}},"115":{"start":{"line":244,"column":8},"end":{"line":244,"column":94}},"116":{"start":{"line":244,"column":22},"end":{"line":244,"column":94}},"117":{"start":{"line":246,"column":27},"end":{"line":246,"column":58}},"118":{"start":{"line":247,"column":8},"end":{"line":247,"column":98}},"119":{"start":{"line":247,"column":25},"end":{"line":247,"column":98}},"120":{"start":{"line":249,"column":8},"end":{"line":249,"column":98}},"121":{"start":{"line":249,"column":25},"end":{"line":249,"column":98}},"122":{"start":{"line":251,"column":30},"end":{"line":251,"column":69}},"123":{"start":{"line":252,"column":8},"end":{"line":257,"column":9}},"124":{"start":{"line":253,"column":12},"end":{"line":256,"column":15}},"125":{"start":{"line":259,"column":8},"end":{"line":259,"column":42}},"126":{"start":{"line":260,"column":8},"end":{"line":260,"column":32}},"127":{"start":{"line":262,"column":8},"end":{"line":262,"column":89}},"128":{"start":{"line":264,"column":8},"end":{"line":264,"column":87}},"129":{"start":{"line":268,"column":23},"end":{"line":317,"column":1}},"130":{"start":{"line":269,"column":4},"end":{"line":316,"column":5}},"131":{"start":{"line":270,"column":23},"end":{"line":270,"column":34}},"132":{"start":{"line":271,"column":65},"end":{"line":271,"column":73}},"133":{"start":{"line":274,"column":8},"end":{"line":276,"column":9}},"134":{"start":{"line":275,"column":12},"end":{"line":275,"column":97}},"135":{"start":{"line":278,"column":8},"end":{"line":280,"column":9}},"136":{"start":{"line":279,"column":12},"end":{"line":279,"column":93}},"137":{"start":{"line":283,"column":24},"end":{"line":283,"column":52}},"138":{"start":{"line":284,"column":8},"end":{"line":286,"column":9}},"139":{"start":{"line":285,"column":12},"end":{"line":285,"column":97}},"140":{"start":{"line":289,"column":27},"end":{"line":289,"column":69}},"141":{"start":{"line":290,"column":8},"end":{"line":292,"column":9}},"142":{"start":{"line":291,"column":12},"end":{"line":291,"column":82}},"143":{"start":{"line":295,"column":27},"end":{"line":295,"column":54}},"144":{"start":{"line":296,"column":8},"end":{"line":298,"column":9}},"145":{"start":{"line":297,"column":12},"end":{"line":297,"column":85}},"146":{"start":{"line":301,"column":30},"end":{"line":301,"column":69}},"147":{"start":{"line":302,"column":8},"end":{"line":307,"column":9}},"148":{"start":{"line":303,"column":12},"end":{"line":306,"column":15}},"149":{"start":{"line":309,"column":8},"end":{"line":309,"column":42}},"150":{"start":{"line":310,"column":8},"end":{"line":310,"column":32}},"151":{"start":{"line":312,"column":8},"end":{"line":312,"column":96}},"152":{"start":{"line":314,"column":8},"end":{"line":314,"column":55}},"153":{"start":{"line":315,"column":8},"end":{"line":315,"column":92}},"154":{"start":{"line":319,"column":28},"end":{"line":330,"column":1}},"155":{"start":{"line":320,"column":4},"end":{"line":329,"column":5}},"156":{"start":{"line":321,"column":26},"end":{"line":321,"column":35}},"157":{"start":{"line":322,"column":24},"end":{"line":322,"column":48}},"158":{"start":{"line":323,"column":8},"end":{"line":323,"column":94}},"159":{"start":{"line":323,"column":22},"end":{"line":323,"column":94}},"160":{"start":{"line":325,"column":8},"end":{"line":325,"column":71}},"161":{"start":{"line":326,"column":8},"end":{"line":326,"column":88}},"162":{"start":{"line":328,"column":8},"end":{"line":328,"column":90}},"163":{"start":{"line":332,"column":23},"end":{"line":364,"column":1}},"164":{"start":{"line":333,"column":4},"end":{"line":363,"column":5}},"165":{"start":{"line":334,"column":23},"end":{"line":334,"column":34}},"166":{"start":{"line":335,"column":27},"end":{"line":335,"column":54}},"167":{"start":{"line":336,"column":8},"end":{"line":336,"column":98}},"168":{"start":{"line":336,"column":25},"end":{"line":336,"column":98}},"169":{"start":{"line":339,"column":23},"end":{"line":339,"column":61}},"170":{"start":{"line":340,"column":30},"end":{"line":340,"column":57}},"171":{"start":{"line":342,"column":8},"end":{"line":360,"column":11}},"172":{"start":{"line":362,"column":8},"end":{"line":362,"column":81}},"173":{"start":{"line":366,"column":22},"end":{"line":438,"column":1}},"174":{"start":{"line":367,"column":4},"end":{"line":437,"column":5}},"175":{"start":{"line":368,"column":8},"end":{"line":433,"column":11}},"176":{"start":{"line":369,"column":12},"end":{"line":432,"column":15}},"177":{"start":{"line":370,"column":16},"end":{"line":431,"column":17}},"178":{"start":{"line":371,"column":20},"end":{"line":374,"column":21}},"179":{"start":{"line":372,"column":24},"end":{"line":372,"column":104}},"180":{"start":{"line":373,"column":24},"end":{"line":373,"column":41}},"181":{"start":{"line":376,"column":35},"end":{"line":376,"column":46}},"182":{"start":{"line":377,"column":72},"end":{"line":377,"column":80}},"183":{"start":{"line":378,"column":35},"end":{"line":378,"column":71}},"184":{"start":{"line":380,"column":39},"end":{"line":380,"column":66}},"185":{"start":{"line":381,"column":20},"end":{"line":384,"column":21}},"186":{"start":{"line":382,"column":24},"end":{"line":382,"column":90}},"187":{"start":{"line":383,"column":24},"end":{"line":383,"column":41}},"188":{"start":{"line":387,"column":20},"end":{"line":387,"column":65}},"189":{"start":{"line":387,"column":34},"end":{"line":387,"column":65}},"190":{"start":{"line":388,"column":20},"end":{"line":388,"column":56}},"191":{"start":{"line":388,"column":31},"end":{"line":388,"column":56}},"192":{"start":{"line":389,"column":20},"end":{"line":389,"column":59}},"193":{"start":{"line":389,"column":32},"end":{"line":389,"column":59}},"194":{"start":{"line":392,"column":20},"end":{"line":399,"column":21}},"195":{"start":{"line":393,"column":24},"end":{"line":398,"column":26}},"196":{"start":{"line":401,"column":20},"end":{"line":401,"column":44}},"197":{"start":{"line":404,"column":35},"end":{"line":404,"column":73}},"198":{"start":{"line":405,"column":42},"end":{"line":405,"column":69}},"199":{"start":{"line":407,"column":20},"end":{"line":425,"column":23}},"200":{"start":{"line":426,"column":20},"end":{"line":426,"column":30}},"201":{"start":{"line":428,"column":20},"end":{"line":428,"column":79}},"202":{"start":{"line":429,"column":20},"end":{"line":429,"column":92}},"203":{"start":{"line":430,"column":20},"end":{"line":430,"column":30}},"204":{"start":{"line":435,"column":8},"end":{"line":435,"column":62}},"205":{"start":{"line":436,"column":8},"end":{"line":436,"column":87}},"206":{"start":{"line":440,"column":0},"end":{"line":444,"column":2}}},"fnMap":{"0":{"name":"(anonymous_0)","decl":{"start":{"line":12,"column":17},"end":{"line":12,"column":18}},"loc":{"start":{"line":12,"column":37},"end":{"line":70,"column":1}},"line":12},"1":{"name":"(anonymous_1)","decl":{"start":{"line":72,"column":20},"end":{"line":72,"column":21}},"loc":{"start":{"line":72,"column":40},"end":{"line":164,"column":1}},"line":72},"2":{"name":"(anonymous_2)","decl":{"start":{"line":74,"column":26},"end":{"line":74,"column":27}},"loc":{"start":{"line":74,"column":39},"end":{"line":159,"column":9}},"line":74},"3":{"name":"(anonymous_3)","decl":{"start":{"line":75,"column":51},"end":{"line":75,"column":52}},"loc":{"start":{"line":75,"column":66},"end":{"line":158,"column":13}},"line":75},"4":{"name":"(anonymous_4)","decl":{"start":{"line":129,"column":30},"end":{"line":129,"column":31}},"loc":{"start":{"line":129,"column":38},"end":{"line":132,"column":25}},"line":129},"5":{"name":"(anonymous_5)","decl":{"start":{"line":133,"column":31},"end":{"line":133,"column":32}},"loc":{"start":{"line":133,"column":38},"end":{"line":133,"column":91}},"line":133},"6":{"name":"(anonymous_6)","decl":{"start":{"line":135,"column":31},"end":{"line":135,"column":32}},"loc":{"start":{"line":135,"column":43},"end":{"line":145,"column":21}},"line":135},"7":{"name":"(anonymous_7)","decl":{"start":{"line":167,"column":29},"end":{"line":167,"column":30}},"loc":{"start":{"line":167,"column":49},"end":{"line":183,"column":1}},"line":167},"8":{"name":"(anonymous_8)","decl":{"start":{"line":187,"column":33},"end":{"line":187,"column":34}},"loc":{"start":{"line":187,"column":53},"end":{"line":236,"column":1}},"line":187},"9":{"name":"(anonymous_9)","decl":{"start":{"line":240,"column":22},"end":{"line":240,"column":23}},"loc":{"start":{"line":240,"column":42},"end":{"line":266,"column":1}},"line":240},"10":{"name":"(anonymous_10)","decl":{"start":{"line":268,"column":23},"end":{"line":268,"column":24}},"loc":{"start":{"line":268,"column":43},"end":{"line":317,"column":1}},"line":268},"11":{"name":"(anonymous_11)","decl":{"start":{"line":319,"column":28},"end":{"line":319,"column":29}},"loc":{"start":{"line":319,"column":48},"end":{"line":330,"column":1}},"line":319},"12":{"name":"(anonymous_12)","decl":{"start":{"line":332,"column":23},"end":{"line":332,"column":24}},"loc":{"start":{"line":332,"column":43},"end":{"line":364,"column":1}},"line":332},"13":{"name":"(anonymous_13)","decl":{"start":{"line":366,"column":22},"end":{"line":366,"column":23}},"loc":{"start":{"line":366,"column":42},"end":{"line":438,"column":1}},"line":366},"14":{"name":"(anonymous_14)","decl":{"start":{"line":368,"column":26},"end":{"line":368,"column":27}},"loc":{"start":{"line":368,"column":39},"end":{"line":433,"column":9}},"line":368},"15":{"name":"(anonymous_15)","decl":{"start":{"line":369,"column":51},"end":{"line":369,"column":52}},"loc":{"start":{"line":369,"column":66},"end":{"line":432,"column":13}},"line":369}},"branchMap":{"0":{"loc":{"start":{"line":17,"column":8},"end":{"line":17,"column":104}},"type":"if","locations":[{"start":{"line":17,"column":8},"end":{"line":17,"column":104}},{"start":{},"end":{}}],"line":17},"1":{"loc":{"start":{"line":19,"column":8},"end":{"line":24,"column":9}},"type":"if","locations":[{"start":{"line":19,"column":8},"end":{"line":24,"column":9}},{"start":{},"end":{}}],"line":19},"2":{"loc":{"start":{"line":27,"column":8},"end":{"line":29,"column":9}},"type":"if","locations":[{"start":{"line":27,"column":8},"end":{"line":29,"column":9}},{"start":{},"end":{}}],"line":27},"3":{"loc":{"start":{"line":42,"column":8},"end":{"line":44,"column":9}},"type":"if","locations":[{"start":{"line":42,"column":8},"end":{"line":44,"column":9}},{"start":{},"end":{}}],"line":42},"4":{"loc":{"start":{"line":45,"column":30},"end":{"line":45,"column":57}},"type":"cond-expr","locations":[{"start":{"line":45,"column":39},"end":{"line":45,"column":53}},{"start":{"line":45,"column":56},"end":{"line":45,"column":57}}],"line":45},"5":{"loc":{"start":{"line":77,"column":20},"end":{"line":80,"column":21}},"type":"if","locations":[{"start":{"line":77,"column":20},"end":{"line":80,"column":21}},{"start":{},"end":{}}],"line":77},"6":{"loc":{"start":{"line":83,"column":35},"end":{"line":83,"column":64}},"type":"cond-expr","locations":[{"start":{"line":83,"column":46},"end":{"line":83,"column":59}},{"start":{"line":83,"column":62},"end":{"line":83,"column":64}}],"line":83},"7":{"loc":{"start":{"line":85,"column":20},"end":{"line":88,"column":21}},"type":"if","locations":[{"start":{"line":85,"column":20},"end":{"line":88,"column":21}},{"start":{},"end":{}}],"line":85},"8":{"loc":{"start":{"line":85,"column":24},"end":{"line":85,"column":66}},"type":"binary-expr","locations":[{"start":{"line":85,"column":24},"end":{"line":85,"column":33}},{"start":{"line":85,"column":37},"end":{"line":85,"column":43}},{"start":{"line":85,"column":47},"end":{"line":85,"column":56}},{"start":{"line":85,"column":60},"end":{"line":85,"column":66}}],"line":85},"9":{"loc":{"start":{"line":90,"column":20},"end":{"line":93,"column":21}},"type":"if","locations":[{"start":{"line":90,"column":20},"end":{"line":93,"column":21}},{"start":{},"end":{}}],"line":90},"10":{"loc":{"start":{"line":96,"column":20},"end":{"line":102,"column":21}},"type":"if","locations":[{"start":{"line":96,"column":20},"end":{"line":102,"column":21}},{"start":{},"end":{}}],"line":96},"11":{"loc":{"start":{"line":105,"column":20},"end":{"line":108,"column":21}},"type":"if","locations":[{"start":{"line":105,"column":20},"end":{"line":108,"column":21}},{"start":{},"end":{}}],"line":105},"12":{"loc":{"start":{"line":112,"column":30},"end":{"line":112,"column":48}},"type":"binary-expr","locations":[{"start":{"line":112,"column":30},"end":{"line":112,"column":34}},{"start":{"line":112,"column":38},"end":{"line":112,"column":48}}],"line":112},"13":{"loc":{"start":{"line":130,"column":28},"end":{"line":131,"column":107}},"type":"if","locations":[{"start":{"line":130,"column":28},"end":{"line":131,"column":107}},{"start":{"line":131,"column":33},"end":{"line":131,"column":107}}],"line":130},"14":{"loc":{"start":{"line":138,"column":28},"end":{"line":141,"column":29}},"type":"if","locations":[{"start":{"line":138,"column":28},"end":{"line":141,"column":29}},{"start":{},"end":{}}],"line":138},"15":{"loc":{"start":{"line":138,"column":32},"end":{"line":138,"column":66}},"type":"binary-expr","locations":[{"start":{"line":138,"column":32},"end":{"line":138,"column":41}},{"start":{"line":138,"column":45},"end":{"line":138,"column":66}}],"line":138},"16":{"loc":{"start":{"line":171,"column":8},"end":{"line":171,"column":99}},"type":"if","locations":[{"start":{"line":171,"column":8},"end":{"line":171,"column":99}},{"start":{},"end":{}}],"line":171},"17":{"loc":{"start":{"line":192,"column":8},"end":{"line":194,"column":9}},"type":"if","locations":[{"start":{"line":192,"column":8},"end":{"line":194,"column":9}},{"start":{},"end":{}}],"line":192},"18":{"loc":{"start":{"line":198,"column":8},"end":{"line":200,"column":9}},"type":"if","locations":[{"start":{"line":198,"column":8},"end":{"line":200,"column":9}},{"start":{},"end":{}}],"line":198},"19":{"loc":{"start":{"line":203,"column":8},"end":{"line":205,"column":9}},"type":"if","locations":[{"start":{"line":203,"column":8},"end":{"line":205,"column":9}},{"start":{},"end":{}}],"line":203},"20":{"loc":{"start":{"line":244,"column":8},"end":{"line":244,"column":94}},"type":"if","locations":[{"start":{"line":244,"column":8},"end":{"line":244,"column":94}},{"start":{},"end":{}}],"line":244},"21":{"loc":{"start":{"line":247,"column":8},"end":{"line":247,"column":98}},"type":"if","locations":[{"start":{"line":247,"column":8},"end":{"line":247,"column":98}},{"start":{},"end":{}}],"line":247},"22":{"loc":{"start":{"line":249,"column":8},"end":{"line":249,"column":98}},"type":"if","locations":[{"start":{"line":249,"column":8},"end":{"line":249,"column":98}},{"start":{},"end":{}}],"line":249},"23":{"loc":{"start":{"line":252,"column":8},"end":{"line":257,"column":9}},"type":"if","locations":[{"start":{"line":252,"column":8},"end":{"line":257,"column":9}},{"start":{},"end":{}}],"line":252},"24":{"loc":{"start":{"line":274,"column":8},"end":{"line":276,"column":9}},"type":"if","locations":[{"start":{"line":274,"column":8},"end":{"line":276,"column":9}},{"start":{},"end":{}}],"line":274},"25":{"loc":{"start":{"line":274,"column":12},"end":{"line":274,"column":30}},"type":"binary-expr","locations":[{"start":{"line":274,"column":12},"end":{"line":274,"column":16}},{"start":{"line":274,"column":20},"end":{"line":274,"column":30}}],"line":274},"26":{"loc":{"start":{"line":278,"column":8},"end":{"line":280,"column":9}},"type":"if","locations":[{"start":{"line":278,"column":8},"end":{"line":280,"column":9}},{"start":{},"end":{}}],"line":278},"27":{"loc":{"start":{"line":284,"column":8},"end":{"line":286,"column":9}},"type":"if","locations":[{"start":{"line":284,"column":8},"end":{"line":286,"column":9}},{"start":{},"end":{}}],"line":284},"28":{"loc":{"start":{"line":284,"column":12},"end":{"line":284,"column":90}},"type":"binary-expr","locations":[{"start":{"line":284,"column":12},"end":{"line":284,"column":20}},{"start":{"line":284,"column":24},"end":{"line":284,"column":61}},{"start":{"line":284,"column":65},"end":{"line":284,"column":90}}],"line":284},"29":{"loc":{"start":{"line":290,"column":8},"end":{"line":292,"column":9}},"type":"if","locations":[{"start":{"line":290,"column":8},"end":{"line":292,"column":9}},{"start":{},"end":{}}],"line":290},"30":{"loc":{"start":{"line":296,"column":8},"end":{"line":298,"column":9}},"type":"if","locations":[{"start":{"line":296,"column":8},"end":{"line":298,"column":9}},{"start":{},"end":{}}],"line":296},"31":{"loc":{"start":{"line":302,"column":8},"end":{"line":307,"column":9}},"type":"if","locations":[{"start":{"line":302,"column":8},"end":{"line":307,"column":9}},{"start":{},"end":{}}],"line":302},"32":{"loc":{"start":{"line":323,"column":8},"end":{"line":323,"column":94}},"type":"if","locations":[{"start":{"line":323,"column":8},"end":{"line":323,"column":94}},{"start":{},"end":{}}],"line":323},"33":{"loc":{"start":{"line":336,"column":8},"end":{"line":336,"column":98}},"type":"if","locations":[{"start":{"line":336,"column":8},"end":{"line":336,"column":98}},{"start":{},"end":{}}],"line":336},"34":{"loc":{"start":{"line":340,"column":30},"end":{"line":340,"column":57}},"type":"cond-expr","locations":[{"start":{"line":340,"column":39},"end":{"line":340,"column":53}},{"start":{"line":340,"column":56},"end":{"line":340,"column":57}}],"line":340},"35":{"loc":{"start":{"line":353,"column":25},"end":{"line":353,"column":49}},"type":"binary-expr","locations":[{"start":{"line":353,"column":25},"end":{"line":353,"column":43}},{"start":{"line":353,"column":47},"end":{"line":353,"column":49}}],"line":353},"36":{"loc":{"start":{"line":371,"column":20},"end":{"line":374,"column":21}},"type":"if","locations":[{"start":{"line":371,"column":20},"end":{"line":374,"column":21}},{"start":{},"end":{}}],"line":371},"37":{"loc":{"start":{"line":378,"column":35},"end":{"line":378,"column":71}},"type":"cond-expr","locations":[{"start":{"line":378,"column":46},"end":{"line":378,"column":59}},{"start":{"line":378,"column":62},"end":{"line":378,"column":71}}],"line":378},"38":{"loc":{"start":{"line":381,"column":20},"end":{"line":384,"column":21}},"type":"if","locations":[{"start":{"line":381,"column":20},"end":{"line":384,"column":21}},{"start":{},"end":{}}],"line":381},"39":{"loc":{"start":{"line":387,"column":20},"end":{"line":387,"column":65}},"type":"if","locations":[{"start":{"line":387,"column":20},"end":{"line":387,"column":65}},{"start":{},"end":{}}],"line":387},"40":{"loc":{"start":{"line":388,"column":20},"end":{"line":388,"column":56}},"type":"if","locations":[{"start":{"line":388,"column":20},"end":{"line":388,"column":56}},{"start":{},"end":{}}],"line":388},"41":{"loc":{"start":{"line":389,"column":20},"end":{"line":389,"column":59}},"type":"if","locations":[{"start":{"line":389,"column":20},"end":{"line":389,"column":59}},{"start":{},"end":{}}],"line":389},"42":{"loc":{"start":{"line":392,"column":20},"end":{"line":399,"column":21}},"type":"if","locations":[{"start":{"line":392,"column":20},"end":{"line":399,"column":21}},{"start":{},"end":{}}],"line":392},"43":{"loc":{"start":{"line":392,"column":24},"end":{"line":392,"column":50}},"type":"binary-expr","locations":[{"start":{"line":392,"column":24},"end":{"line":392,"column":30}},{"start":{"line":392,"column":34},"end":{"line":392,"column":42}},{"start":{"line":392,"column":46},"end":{"line":392,"column":50}}],"line":392},"44":{"loc":{"start":{"line":394,"column":36},"end":{"line":394,"column":78}},"type":"binary-expr","locations":[{"start":{"line":394,"column":36},"end":{"line":394,"column":42}},{"start":{"line":394,"column":46},"end":{"line":394,"column":72}},{"start":{"line":394,"column":76},"end":{"line":394,"column":78}}],"line":394},"45":{"loc":{"start":{"line":395,"column":38},"end":{"line":395,"column":84}},"type":"binary-expr","locations":[{"start":{"line":395,"column":38},"end":{"line":395,"column":46}},{"start":{"line":395,"column":50},"end":{"line":395,"column":78}},{"start":{"line":395,"column":82},"end":{"line":395,"column":84}}],"line":395},"46":{"loc":{"start":{"line":396,"column":34},"end":{"line":396,"column":72}},"type":"binary-expr","locations":[{"start":{"line":396,"column":34},"end":{"line":396,"column":38}},{"start":{"line":396,"column":42},"end":{"line":396,"column":66}},{"start":{"line":396,"column":70},"end":{"line":396,"column":72}}],"line":396},"47":{"loc":{"start":{"line":397,"column":44},"end":{"line":397,"column":86}},"type":"binary-expr","locations":[{"start":{"line":397,"column":44},"end":{"line":397,"column":50}},{"start":{"line":397,"column":54},"end":{"line":397,"column":80}},{"start":{"line":397,"column":84},"end":{"line":397,"column":86}}],"line":397},"48":{"loc":{"start":{"line":397,"column":91},"end":{"line":397,"column":137}},"type":"binary-expr","locations":[{"start":{"line":397,"column":91},"end":{"line":397,"column":99}},{"start":{"line":397,"column":103},"end":{"line":397,"column":131}},{"start":{"line":397,"column":135},"end":{"line":397,"column":137}}],"line":397},"49":{"loc":{"start":{"line":397,"column":142},"end":{"line":397,"column":180}},"type":"binary-expr","locations":[{"start":{"line":397,"column":142},"end":{"line":397,"column":146}},{"start":{"line":397,"column":150},"end":{"line":397,"column":174}},{"start":{"line":397,"column":178},"end":{"line":397,"column":180}}],"line":397},"50":{"loc":{"start":{"line":405,"column":42},"end":{"line":405,"column":69}},"type":"cond-expr","locations":[{"start":{"line":405,"column":51},"end":{"line":405,"column":65}},{"start":{"line":405,"column":68},"end":{"line":405,"column":69}}],"line":405},"51":{"loc":{"start":{"line":418,"column":37},"end":{"line":418,"column":61}},"type":"binary-expr","locations":[{"start":{"line":418,"column":37},"end":{"line":418,"column":55}},{"start":{"line":418,"column":59},"end":{"line":418,"column":61}}],"line":418}},"s":{"0":1,"1":1,"2":1,"3":1,"4":1,"5":1,"6":1,"7":1,"8":1,"9":1,"10":6,"11":6,"12":6,"13":5,"14":1,"15":4,"16":1,"17":3,"18":3,"19":1,"20":2,"21":2,"22":2,"23":2,"24":2,"25":1,"26":2,"27":2,"28":1,"29":1,"30":1,"31":9,"32":9,"33":9,"34":9,"35":9,"36":1,"37":1,"38":8,"39":8,"40":8,"41":1,"42":1,"43":7,"44":1,"45":1,"46":6,"47":6,"48":1,"49":1,"50":5,"51":5,"52":1,"53":1,"54":4,"55":4,"56":3,"57":1,"58":1,"59":1,"60":1,"61":1,"62":1,"63":0,"64":0,"65":1,"66":0,"67":0,"68":0,"69":0,"70":0,"71":0,"72":1,"73":1,"74":3,"75":3,"76":3,"77":0,"78":0,"79":1,"80":3,"81":3,"82":3,"83":2,"84":1,"85":1,"86":1,"87":1,"88":1,"89":1,"90":1,"91":1,"92":4,"93":4,"94":4,"95":4,"96":1,"97":3,"98":3,"99":1,"100":2,"101":2,"102":1,"103":1,"104":1,"105":1,"106":1,"107":1,"108":1,"109":0,"110":0,"111":1,"112":4,"113":4,"114":4,"115":4,"116":1,"117":3,"118":3,"119":1,"120":2,"121":0,"122":2,"123":2,"124":1,"125":1,"126":1,"127":1,"128":0,"129":1,"130":5,"131":5,"132":5,"133":5,"134":1,"135":4,"136":1,"137":3,"138":3,"139":1,"140":2,"141":2,"142":1,"143":1,"144":1,"145":0,"146":1,"147":1,"148":0,"149":1,"150":1,"151":1,"152":0,"153":0,"154":1,"155":2,"156":2,"157":2,"158":2,"159":1,"160":1,"161":1,"162":0,"163":1,"164":2,"165":2,"166":2,"167":2,"168":1,"169":1,"170":1,"171":1,"172":0,"173":1,"174":4,"175":4,"176":4,"177":4,"178":4,"179":1,"180":1,"181":3,"182":3,"183":3,"184":3,"185":2,"186":1,"187":1,"188":1,"189":1,"190":1,"191":0,"192":1,"193":0,"194":1,"195":1,"196":1,"197":1,"198":1,"199":1,"200":1,"201":1,"202":1,"203":1,"204":0,"205":0,"206":1},"f":{"0":6,"1":9,"2":9,"3":9,"4":1,"5":0,"6":0,"7":3,"8":4,"9":4,"10":5,"11":2,"12":2,"13":4,"14":4,"15":4},"b":{"0":[1,4],"1":[1,3],"2":[1,2],"3":[1,1],"4":[1,1],"5":[1,8],"6":[0,8],"7":[1,7],"8":[8,7,7,7],"9":[1,6],"10":[1,5],"11":[1,4],"12":[4,4],"13":[1,0],"14":[0,0],"15":[0,0],"16":[1,1],"17":[1,3],"18":[1,2],"19":[1,1],"20":[1,3],"21":[1,2],"22":[0,2],"23":[1,1],"24":[1,4],"25":[5,4],"26":[1,3],"27":[1,2],"28":[3,2,2],"29":[1,1],"30":[0,1],"31":[0,1],"32":[1,1],"33":[1,1],"34":[1,0],"35":[1,1],"36":[1,3],"37":[0,3],"38":[1,1],"39":[1,0],"40":[0,1],"41":[0,1],"42":[1,0],"43":[1,0,0],"44":[1,0,0],"45":[1,1,1],"46":[1,1,1],"47":[1,0,0],"48":[1,1,1],"49":[1,1,1],"50":[1,0],"51":[1,0]},"_coverageSchema":"1a1c01bbd47fc00a2c39e90264f33305004495a9","hash":"1f88a2b19d405753d384a336168eaa019186f8f9"}
}
