{"D:\\GearXpert\\gearxpertbe\\configs\\NotificationConfig.js": {"path":"D:\\GearXpert\\gearxpertbe\\configs\\NotificationConfig.js","statementMap":{"0":{"start":{"line":1,"column":21},"end":{"line":1,"column":54}},"1":{"start":{"line":2,"column":20},"end":{"line":2,"column":50}},"2":{"start":{"line":5,"column":27},"end":{"line":52,"column":1}},"3":{"start":{"line":7,"column":4},"end":{"line":7,"column":20}},"4":{"start":{"line":11,"column":4},"end":{"line":45,"column":5}},"5":{"start":{"line":12,"column":23},"end":{"line":19,"column":8}},"6":{"start":{"line":21,"column":29},"end":{"line":21,"column":60}},"7":{"start":{"line":23,"column":6},"end":{"line":40,"column":7}},"8":{"start":{"line":25,"column":10},"end":{"line":27,"column":29}},"9":{"start":{"line":28,"column":8},"end":{"line":28,"column":78}},"10":{"start":{"line":29,"column":8},"end":{"line":39,"column":11}},"11":{"start":{"line":42,"column":6},"end":{"line":42,"column":22}},"12":{"start":{"line":44,"column":6},"end":{"line":44,"column":49}},"13":{"start":{"line":50,"column":6},"end":{"line":50,"column":85}},"14":{"start":{"line":54,"column":0},"end":{"line":54,"column":36}}},"fnMap":{"0":{"name":"(anonymous_0)","decl":{"start":{"line":6,"column":8},"end":{"line":6,"column":9}},"loc":{"start":{"line":6,"column":16},"end":{"line":8,"column":3}},"line":6},"1":{"name":"(anonymous_1)","decl":{"start":{"line":10,"column":20},"end":{"line":10,"column":21}},"loc":{"start":{"line":10,"column":95},"end":{"line":46,"column":3}},"line":10},"2":{"name":"(anonymous_2)","decl":{"start":{"line":49,"column":20},"end":{"line":49,"column":21}},"loc":{"start":{"line":49,"column":38},"end":{"line":51,"column":3}},"line":49}},"branchMap":{"0":{"loc":{"start":{"line":10,"column":73},"end":{"line":10,"column":88}},"type":"default-arg","locations":[{"start":{"line":10,"column":80},"end":{"line":10,"column":88}}],"line":10},"1":{"loc":{"start":{"line":23,"column":6},"end":{"line":40,"column":7}},"type":"if","locations":[{"start":{"line":23,"column":6},"end":{"line":40,"column":7}},{"start":{},"end":{}}],"line":23},"2":{"loc":{"start":{"line":23,"column":10},"end":{"line":23,"column":38}},"type":"binary-expr","locations":[{"start":{"line":23,"column":10},"end":{"line":23,"column":24}},{"start":{"line":23,"column":28},"end":{"line":23,"column":38}}],"line":23},"3":{"loc":{"start":{"line":25,"column":10},"end":{"line":27,"column":29}},"type":"cond-expr","locations":[{"start":{"line":26,"column":14},"end":{"line":26,"column":33}},{"start":{"line":27,"column":14},"end":{"line":27,"column":29}}],"line":25},"4":{"loc":{"start":{"line":35,"column":17},"end":{"line":35,"column":34}},"type":"binary-expr","locations":[{"start":{"line":35,"column":17},"end":{"line":35,"column":28}},{"start":{"line":35,"column":32},"end":{"line":35,"column":34}}],"line":35},"5":{"loc":{"start":{"line":36,"column":16},"end":{"line":36,"column":32}},"type":"binary-expr","locations":[{"start":{"line":36,"column":16},"end":{"line":36,"column":26}},{"start":{"line":36,"column":30},"end":{"line":36,"column":32}}],"line":36}},"s":{"0":1,"1":1,"2":1,"3":0,"4":0,"5":0,"6":0,"7":0,"8":0,"9":0,"10":0,"11":0,"12":0,"13":0,"14":1},"f":{"0":0,"1":0,"2":0},"b":{"0":[0],"1":[0,0],"2":[0,0],"3":[0,0],"4":[0,0],"5":[0,0]},"_coverageSchema":"1a1c01bbd47fc00a2c39e90264f33305004495a9","hash":"fc4d6599a619cf549bfefe914e37d8b7e57b351d"}
,"D:\\GearXpert\\gearxpertbe\\controllers\\Cart\\CartController.js": {"path":"D:\\GearXpert\\gearxpertbe\\controllers\\Cart\\CartController.js","statementMap":{"0":{"start":{"line":1,"column":13},"end":{"line":1,"column":41}},"1":{"start":{"line":2,"column":17},"end":{"line":2,"column":49}},"2":{"start":{"line":3,"column":15},"end":{"line":3,"column":45}},"3":{"start":{"line":4,"column":19},"end":{"line":4,"column":53}},"4":{"start":{"line":6,"column":12},"end":{"line":6,"column":31}},"5":{"start":{"line":14,"column":0},"end":{"line":105,"column":2}},"6":{"start":{"line":15,"column":21},"end":{"line":15,"column":32}},"7":{"start":{"line":16,"column":19},"end":{"line":16,"column":45}},"8":{"start":{"line":18,"column":2},"end":{"line":104,"column":3}},"9":{"start":{"line":20,"column":15},"end":{"line":30,"column":6}},"10":{"start":{"line":32,"column":4},"end":{"line":34,"column":5}},"11":{"start":{"line":33,"column":6},"end":{"line":33,"column":64}},"12":{"start":{"line":36,"column":27},"end":{"line":36,"column":29}},"13":{"start":{"line":39,"column":4},"end":{"line":65,"column":5}},"14":{"start":{"line":40,"column":21},"end":{"line":40,"column":34}},"15":{"start":{"line":42,"column":6},"end":{"line":45,"column":7}},"16":{"start":{"line":43,"column":8},"end":{"line":43,"column":38}},"17":{"start":{"line":44,"column":8},"end":{"line":44,"column":17}},"18":{"start":{"line":48,"column":29},"end":{"line":51,"column":8}},"19":{"start":{"line":57,"column":8},"end":{"line":60,"column":38}},"20":{"start":{"line":62,"column":6},"end":{"line":64,"column":7}},"21":{"start":{"line":63,"column":8},"end":{"line":63,"column":38}},"22":{"start":{"line":67,"column":18},"end":{"line":67,"column":23}},"23":{"start":{"line":68,"column":4},"end":{"line":91,"column":5}},"24":{"start":{"line":69,"column":6},"end":{"line":69,"column":21}},"25":{"start":{"line":72,"column":6},"end":{"line":72,"column":66}},"26":{"start":{"line":75,"column":6},"end":{"line":77,"column":8}},"27":{"start":{"line":76,"column":18},"end":{"line":76,"column":67}},"28":{"start":{"line":76,"column":47},"end":{"line":76,"column":66}},"29":{"start":{"line":80,"column":6},"end":{"line":80,"column":24}},"30":{"start":{"line":83,"column":6},"end":{"line":90,"column":9}},"31":{"start":{"line":94,"column":4},"end":{"line":100,"column":7}},"32":{"start":{"line":102,"column":4},"end":{"line":102,"column":42}},"33":{"start":{"line":103,"column":4},"end":{"line":103,"column":62}},"34":{"start":{"line":110,"column":0},"end":{"line":191,"column":2}},"35":{"start":{"line":111,"column":21},"end":{"line":111,"column":32}},"36":{"start":{"line":112,"column":69},"end":{"line":112,"column":77}},"37":{"start":{"line":114,"column":2},"end":{"line":190,"column":3}},"38":{"start":{"line":115,"column":19},"end":{"line":115,"column":50}},"39":{"start":{"line":116,"column":4},"end":{"line":118,"column":5}},"40":{"start":{"line":117,"column":6},"end":{"line":117,"column":73}},"41":{"start":{"line":120,"column":4},"end":{"line":128,"column":5}},"42":{"start":{"line":125,"column":6},"end":{"line":127,"column":75}},"43":{"start":{"line":130,"column":27},"end":{"line":133,"column":6}},"44":{"start":{"line":135,"column":4},"end":{"line":139,"column":5}},"45":{"start":{"line":136,"column":6},"end":{"line":138,"column":9}},"46":{"start":{"line":141,"column":18},"end":{"line":141,"column":43}},"47":{"start":{"line":142,"column":16},"end":{"line":142,"column":39}},"48":{"start":{"line":143,"column":4},"end":{"line":147,"column":5}},"49":{"start":{"line":144,"column":6},"end":{"line":146,"column":66}},"50":{"start":{"line":149,"column":22},"end":{"line":149,"column":65}},"51":{"start":{"line":151,"column":15},"end":{"line":151,"column":69}},"52":{"start":{"line":152,"column":4},"end":{"line":154,"column":5}},"53":{"start":{"line":153,"column":6},"end":{"line":153,"column":67}},"54":{"start":{"line":157,"column":25},"end":{"line":162,"column":6}},"55":{"start":{"line":164,"column":4},"end":{"line":170,"column":5}},"56":{"start":{"line":165,"column":6},"end":{"line":165,"column":40}},"57":{"start":{"line":166,"column":6},"end":{"line":166,"column":32}},"58":{"start":{"line":167,"column":6},"end":{"line":169,"column":61}},"59":{"start":{"line":172,"column":17},"end":{"line":179,"column":6}},"60":{"start":{"line":181,"column":4},"end":{"line":181,"column":30}},"61":{"start":{"line":182,"column":4},"end":{"line":182,"column":22}},"62":{"start":{"line":184,"column":4},"end":{"line":186,"column":71}},"63":{"start":{"line":188,"column":4},"end":{"line":188,"column":45}},"64":{"start":{"line":189,"column":4},"end":{"line":189,"column":67}},"65":{"start":{"line":199,"column":0},"end":{"line":278,"column":2}},"66":{"start":{"line":200,"column":21},"end":{"line":200,"column":32}},"67":{"start":{"line":201,"column":69},"end":{"line":201,"column":77}},"68":{"start":{"line":203,"column":2},"end":{"line":277,"column":3}},"69":{"start":{"line":205,"column":4},"end":{"line":209,"column":7}},"70":{"start":{"line":210,"column":4},"end":{"line":210,"column":63}},"71":{"start":{"line":212,"column":19},"end":{"line":212,"column":50}},"72":{"start":{"line":213,"column":4},"end":{"line":215,"column":5}},"73":{"start":{"line":214,"column":6},"end":{"line":214,"column":73}},"74":{"start":{"line":218,"column":4},"end":{"line":220,"column":5}},"75":{"start":{"line":219,"column":6},"end":{"line":219,"column":88}},"76":{"start":{"line":222,"column":27},"end":{"line":225,"column":6}},"77":{"start":{"line":228,"column":4},"end":{"line":234,"column":5}},"78":{"start":{"line":229,"column":6},"end":{"line":233,"column":9}},"79":{"start":{"line":236,"column":18},"end":{"line":236,"column":43}},"80":{"start":{"line":237,"column":16},"end":{"line":237,"column":39}},"81":{"start":{"line":238,"column":4},"end":{"line":242,"column":5}},"82":{"start":{"line":239,"column":6},"end":{"line":241,"column":66}},"83":{"start":{"line":244,"column":22},"end":{"line":244,"column":65}},"84":{"start":{"line":246,"column":17},"end":{"line":246,"column":71}},"85":{"start":{"line":248,"column":17},"end":{"line":255,"column":6}},"86":{"start":{"line":257,"column":4},"end":{"line":257,"column":30}},"87":{"start":{"line":258,"column":4},"end":{"line":258,"column":22}},"88":{"start":{"line":260,"column":26},"end":{"line":267,"column":6}},"89":{"start":{"line":269,"column":4},"end":{"line":273,"column":7}},"90":{"start":{"line":275,"column":4},"end":{"line":275,"column":52}},"91":{"start":{"line":276,"column":4},"end":{"line":276,"column":52}},"92":{"start":{"line":283,"column":0},"end":{"line":302,"column":2}},"93":{"start":{"line":284,"column":21},"end":{"line":284,"column":32}},"94":{"start":{"line":285,"column":25},"end":{"line":285,"column":35}},"95":{"start":{"line":287,"column":2},"end":{"line":301,"column":3}},"96":{"start":{"line":288,"column":17},"end":{"line":288,"column":52}},"97":{"start":{"line":289,"column":4},"end":{"line":289,"column":78}},"98":{"start":{"line":289,"column":15},"end":{"line":289,"column":78}},"99":{"start":{"line":291,"column":17},"end":{"line":291,"column":69}},"100":{"start":{"line":292,"column":4},"end":{"line":292,"column":74}},"101":{"start":{"line":292,"column":15},"end":{"line":292,"column":74}},"102":{"start":{"line":294,"column":4},"end":{"line":294,"column":50}},"103":{"start":{"line":295,"column":4},"end":{"line":295,"column":32}},"104":{"start":{"line":296,"column":4},"end":{"line":296,"column":22}},"105":{"start":{"line":298,"column":4},"end":{"line":298,"column":55}},"106":{"start":{"line":300,"column":4},"end":{"line":300,"column":52}},"107":{"start":{"line":307,"column":0},"end":{"line":322,"column":2}},"108":{"start":{"line":308,"column":21},"end":{"line":308,"column":32}},"109":{"start":{"line":309,"column":19},"end":{"line":309,"column":45}},"110":{"start":{"line":311,"column":2},"end":{"line":321,"column":3}},"111":{"start":{"line":312,"column":17},"end":{"line":312,"column":61}},"112":{"start":{"line":313,"column":4},"end":{"line":313,"column":65}},"113":{"start":{"line":313,"column":15},"end":{"line":313,"column":65}},"114":{"start":{"line":315,"column":4},"end":{"line":315,"column":52}},"115":{"start":{"line":316,"column":4},"end":{"line":316,"column":44}},"116":{"start":{"line":318,"column":4},"end":{"line":318,"column":53}},"117":{"start":{"line":320,"column":4},"end":{"line":320,"column":52}},"118":{"start":{"line":327,"column":0},"end":{"line":401,"column":2}},"119":{"start":{"line":328,"column":21},"end":{"line":328,"column":32}},"120":{"start":{"line":329,"column":57},"end":{"line":329,"column":65}},"121":{"start":{"line":331,"column":2},"end":{"line":333,"column":3}},"122":{"start":{"line":332,"column":4},"end":{"line":332,"column":78}},"123":{"start":{"line":335,"column":2},"end":{"line":400,"column":3}},"124":{"start":{"line":336,"column":18},"end":{"line":336,"column":43}},"125":{"start":{"line":337,"column":16},"end":{"line":337,"column":39}},"126":{"start":{"line":338,"column":4},"end":{"line":342,"column":5}},"127":{"start":{"line":339,"column":6},"end":{"line":341,"column":66}},"128":{"start":{"line":343,"column":22},"end":{"line":343,"column":65}},"129":{"start":{"line":345,"column":15},"end":{"line":345,"column":69}},"130":{"start":{"line":346,"column":4},"end":{"line":348,"column":5}},"131":{"start":{"line":347,"column":6},"end":{"line":347,"column":67}},"132":{"start":{"line":350,"column":18},"end":{"line":350,"column":20}},"133":{"start":{"line":351,"column":19},"end":{"line":351,"column":21}},"134":{"start":{"line":353,"column":4},"end":{"line":386,"column":5}},"135":{"start":{"line":354,"column":21},"end":{"line":354,"column":52}},"136":{"start":{"line":355,"column":6},"end":{"line":363,"column":7}},"137":{"start":{"line":361,"column":8},"end":{"line":361,"column":60}},"138":{"start":{"line":362,"column":8},"end":{"line":362,"column":17}},"139":{"start":{"line":365,"column":20},"end":{"line":368,"column":8}},"140":{"start":{"line":370,"column":6},"end":{"line":373,"column":7}},"141":{"start":{"line":371,"column":8},"end":{"line":371,"column":71}},"142":{"start":{"line":372,"column":8},"end":{"line":372,"column":17}},"143":{"start":{"line":375,"column":23},"end":{"line":382,"column":8}},"144":{"start":{"line":384,"column":6},"end":{"line":384,"column":36}},"145":{"start":{"line":385,"column":6},"end":{"line":385,"column":31}},"146":{"start":{"line":388,"column":4},"end":{"line":388,"column":22}},"147":{"start":{"line":390,"column":4},"end":{"line":396,"column":7}},"148":{"start":{"line":398,"column":4},"end":{"line":398,"column":50}},"149":{"start":{"line":399,"column":4},"end":{"line":399,"column":52}},"150":{"start":{"line":408,"column":0},"end":{"line":512,"column":2}},"151":{"start":{"line":409,"column":21},"end":{"line":409,"column":32}},"152":{"start":{"line":410,"column":25},"end":{"line":410,"column":35}},"153":{"start":{"line":411,"column":55},"end":{"line":411,"column":63}},"154":{"start":{"line":413,"column":2},"end":{"line":511,"column":3}},"155":{"start":{"line":415,"column":21},"end":{"line":415,"column":56}},"156":{"start":{"line":416,"column":4},"end":{"line":418,"column":5}},"157":{"start":{"line":417,"column":6},"end":{"line":417,"column":84}},"158":{"start":{"line":421,"column":17},"end":{"line":424,"column":6}},"159":{"start":{"line":425,"column":4},"end":{"line":427,"column":5}},"160":{"start":{"line":426,"column":6},"end":{"line":426,"column":88}},"161":{"start":{"line":429,"column":19},"end":{"line":429,"column":59}},"162":{"start":{"line":430,"column":4},"end":{"line":432,"column":5}},"163":{"start":{"line":431,"column":6},"end":{"line":431,"column":79}},"164":{"start":{"line":434,"column":18},"end":{"line":434,"column":23}},"165":{"start":{"line":437,"column":4},"end":{"line":467,"column":5}},"166":{"start":{"line":438,"column":20},"end":{"line":438,"column":90}},"167":{"start":{"line":439,"column":18},"end":{"line":439,"column":82}},"168":{"start":{"line":441,"column":6},"end":{"line":445,"column":7}},"169":{"start":{"line":442,"column":8},"end":{"line":444,"column":11}},"170":{"start":{"line":448,"column":29},"end":{"line":451,"column":8}},"171":{"start":{"line":453,"column":6},"end":{"line":457,"column":7}},"172":{"start":{"line":454,"column":8},"end":{"line":456,"column":11}},"173":{"start":{"line":459,"column":6},"end":{"line":459,"column":39}},"174":{"start":{"line":460,"column":6},"end":{"line":460,"column":35}},"175":{"start":{"line":461,"column":6},"end":{"line":464,"column":8}},"176":{"start":{"line":466,"column":6},"end":{"line":466,"column":21}},"177":{"start":{"line":470,"column":4},"end":{"line":488,"column":5}},"178":{"start":{"line":471,"column":6},"end":{"line":473,"column":7}},"179":{"start":{"line":472,"column":8},"end":{"line":472,"column":76}},"180":{"start":{"line":475,"column":29},"end":{"line":478,"column":8}},"181":{"start":{"line":480,"column":6},"end":{"line":484,"column":7}},"182":{"start":{"line":481,"column":8},"end":{"line":483,"column":11}},"183":{"start":{"line":486,"column":6},"end":{"line":486,"column":35}},"184":{"start":{"line":487,"column":6},"end":{"line":487,"column":21}},"185":{"start":{"line":490,"column":4},"end":{"line":492,"column":5}},"186":{"start":{"line":491,"column":6},"end":{"line":491,"column":87}},"187":{"start":{"line":494,"column":4},"end":{"line":494,"column":26}},"188":{"start":{"line":497,"column":26},"end":{"line":501,"column":6}},"189":{"start":{"line":503,"column":4},"end":{"line":507,"column":7}},"190":{"start":{"line":509,"column":4},"end":{"line":509,"column":50}},"191":{"start":{"line":510,"column":4},"end":{"line":510,"column":74}}},"fnMap":{"0":{"name":"(anonymous_0)","decl":{"start":{"line":14,"column":18},"end":{"line":14,"column":19}},"loc":{"start":{"line":14,"column":38},"end":{"line":105,"column":1}},"line":14},"1":{"name":"(anonymous_1)","decl":{"start":{"line":76,"column":8},"end":{"line":76,"column":9}},"loc":{"start":{"line":76,"column":18},"end":{"line":76,"column":67}},"line":76},"2":{"name":"(anonymous_2)","decl":{"start":{"line":76,"column":39},"end":{"line":76,"column":40}},"loc":{"start":{"line":76,"column":47},"end":{"line":76,"column":66}},"line":76},"3":{"name":"(anonymous_3)","decl":{"start":{"line":110,"column":20},"end":{"line":110,"column":21}},"loc":{"start":{"line":110,"column":40},"end":{"line":191,"column":1}},"line":110},"4":{"name":"(anonymous_4)","decl":{"start":{"line":199,"column":27},"end":{"line":199,"column":28}},"loc":{"start":{"line":199,"column":47},"end":{"line":278,"column":1}},"line":199},"5":{"name":"(anonymous_5)","decl":{"start":{"line":283,"column":25},"end":{"line":283,"column":26}},"loc":{"start":{"line":283,"column":45},"end":{"line":302,"column":1}},"line":283},"6":{"name":"(anonymous_6)","decl":{"start":{"line":307,"column":20},"end":{"line":307,"column":21}},"loc":{"start":{"line":307,"column":40},"end":{"line":322,"column":1}},"line":307},"7":{"name":"(anonymous_7)","decl":{"start":{"line":327,"column":25},"end":{"line":327,"column":26}},"loc":{"start":{"line":327,"column":45},"end":{"line":401,"column":1}},"line":327},"8":{"name":"(anonymous_8)","decl":{"start":{"line":408,"column":25},"end":{"line":408,"column":26}},"loc":{"start":{"line":408,"column":45},"end":{"line":512,"column":1}},"line":408}},"branchMap":{"0":{"loc":{"start":{"line":16,"column":19},"end":{"line":16,"column":45}},"type":"binary-expr","locations":[{"start":{"line":16,"column":19},"end":{"line":16,"column":33}},{"start":{"line":16,"column":37},"end":{"line":16,"column":45}}],"line":16},"1":{"loc":{"start":{"line":32,"column":4},"end":{"line":34,"column":5}},"type":"if","locations":[{"start":{"line":32,"column":4},"end":{"line":34,"column":5}},{"start":{},"end":{}}],"line":32},"2":{"loc":{"start":{"line":32,"column":8},"end":{"line":32,"column":40}},"type":"binary-expr","locations":[{"start":{"line":32,"column":8},"end":{"line":32,"column":13}},{"start":{"line":32,"column":17},"end":{"line":32,"column":40}}],"line":32},"3":{"loc":{"start":{"line":42,"column":6},"end":{"line":45,"column":7}},"type":"if","locations":[{"start":{"line":42,"column":6},"end":{"line":45,"column":7}},{"start":{},"end":{}}],"line":42},"4":{"loc":{"start":{"line":57,"column":8},"end":{"line":60,"column":38}},"type":"binary-expr","locations":[{"start":{"line":57,"column":8},"end":{"line":57,"column":35}},{"start":{"line":58,"column":8},"end":{"line":58,"column":40}},{"start":{"line":59,"column":8},"end":{"line":59,"column":38}},{"start":{"line":60,"column":8},"end":{"line":60,"column":38}}],"line":57},"5":{"loc":{"start":{"line":62,"column":6},"end":{"line":64,"column":7}},"type":"if","locations":[{"start":{"line":62,"column":6},"end":{"line":64,"column":7}},{"start":{},"end":{}}],"line":62},"6":{"loc":{"start":{"line":68,"column":4},"end":{"line":91,"column":5}},"type":"if","locations":[{"start":{"line":68,"column":4},"end":{"line":91,"column":5}},{"start":{},"end":{}}],"line":68},"7":{"loc":{"start":{"line":97,"column":15},"end":{"line":99,"column":29}},"type":"cond-expr","locations":[{"start":{"line":98,"column":10},"end":{"line":98,"column":79}},{"start":{"line":99,"column":10},"end":{"line":99,"column":29}}],"line":97},"8":{"loc":{"start":{"line":112,"column":20},"end":{"line":112,"column":32}},"type":"default-arg","locations":[{"start":{"line":112,"column":31},"end":{"line":112,"column":32}}],"line":112},"9":{"loc":{"start":{"line":116,"column":4},"end":{"line":118,"column":5}},"type":"if","locations":[{"start":{"line":116,"column":4},"end":{"line":118,"column":5}},{"start":{},"end":{}}],"line":116},"10":{"loc":{"start":{"line":120,"column":4},"end":{"line":128,"column":5}},"type":"if","locations":[{"start":{"line":120,"column":4},"end":{"line":128,"column":5}},{"start":{},"end":{}}],"line":120},"11":{"loc":{"start":{"line":121,"column":6},"end":{"line":123,"column":36}},"type":"binary-expr","locations":[{"start":{"line":121,"column":6},"end":{"line":121,"column":33}},{"start":{"line":122,"column":6},"end":{"line":122,"column":38}},{"start":{"line":123,"column":6},"end":{"line":123,"column":36}}],"line":121},"12":{"loc":{"start":{"line":135,"column":4},"end":{"line":139,"column":5}},"type":"if","locations":[{"start":{"line":135,"column":4},"end":{"line":139,"column":5}},{"start":{},"end":{}}],"line":135},"13":{"loc":{"start":{"line":143,"column":4},"end":{"line":147,"column":5}},"type":"if","locations":[{"start":{"line":143,"column":4},"end":{"line":147,"column":5}},{"start":{},"end":{}}],"line":143},"14":{"loc":{"start":{"line":152,"column":4},"end":{"line":154,"column":5}},"type":"if","locations":[{"start":{"line":152,"column":4},"end":{"line":154,"column":5}},{"start":{},"end":{}}],"line":152},"15":{"loc":{"start":{"line":164,"column":4},"end":{"line":170,"column":5}},"type":"if","locations":[{"start":{"line":164,"column":4},"end":{"line":170,"column":5}},{"start":{},"end":{}}],"line":164},"16":{"loc":{"start":{"line":201,"column":20},"end":{"line":201,"column":32}},"type":"default-arg","locations":[{"start":{"line":201,"column":31},"end":{"line":201,"column":32}}],"line":201},"17":{"loc":{"start":{"line":213,"column":4},"end":{"line":215,"column":5}},"type":"if","locations":[{"start":{"line":213,"column":4},"end":{"line":215,"column":5}},{"start":{},"end":{}}],"line":213},"18":{"loc":{"start":{"line":218,"column":4},"end":{"line":220,"column":5}},"type":"if","locations":[{"start":{"line":218,"column":4},"end":{"line":220,"column":5}},{"start":{},"end":{}}],"line":218},"19":{"loc":{"start":{"line":218,"column":8},"end":{"line":218,"column":69}},"type":"binary-expr","locations":[{"start":{"line":218,"column":8},"end":{"line":218,"column":36}},{"start":{"line":218,"column":40},"end":{"line":218,"column":69}}],"line":218},"20":{"loc":{"start":{"line":228,"column":4},"end":{"line":234,"column":5}},"type":"if","locations":[{"start":{"line":228,"column":4},"end":{"line":234,"column":5}},{"start":{},"end":{}}],"line":228},"21":{"loc":{"start":{"line":238,"column":4},"end":{"line":242,"column":5}},"type":"if","locations":[{"start":{"line":238,"column":4},"end":{"line":242,"column":5}},{"start":{},"end":{}}],"line":238},"22":{"loc":{"start":{"line":289,"column":4},"end":{"line":289,"column":78}},"type":"if","locations":[{"start":{"line":289,"column":4},"end":{"line":289,"column":78}},{"start":{},"end":{}}],"line":289},"23":{"loc":{"start":{"line":292,"column":4},"end":{"line":292,"column":74}},"type":"if","locations":[{"start":{"line":292,"column":4},"end":{"line":292,"column":74}},{"start":{},"end":{}}],"line":292},"24":{"loc":{"start":{"line":309,"column":19},"end":{"line":309,"column":45}},"type":"binary-expr","locations":[{"start":{"line":309,"column":19},"end":{"line":309,"column":33}},{"start":{"line":309,"column":37},"end":{"line":309,"column":45}}],"line":309},"25":{"loc":{"start":{"line":313,"column":4},"end":{"line":313,"column":65}},"type":"if","locations":[{"start":{"line":313,"column":4},"end":{"line":313,"column":65}},{"start":{},"end":{}}],"line":313},"26":{"loc":{"start":{"line":331,"column":2},"end":{"line":333,"column":3}},"type":"if","locations":[{"start":{"line":331,"column":2},"end":{"line":333,"column":3}},{"start":{},"end":{}}],"line":331},"27":{"loc":{"start":{"line":331,"column":6},"end":{"line":331,"column":59}},"type":"binary-expr","locations":[{"start":{"line":331,"column":6},"end":{"line":331,"column":32}},{"start":{"line":331,"column":36},"end":{"line":331,"column":59}}],"line":331},"28":{"loc":{"start":{"line":338,"column":4},"end":{"line":342,"column":5}},"type":"if","locations":[{"start":{"line":338,"column":4},"end":{"line":342,"column":5}},{"start":{},"end":{}}],"line":338},"29":{"loc":{"start":{"line":346,"column":4},"end":{"line":348,"column":5}},"type":"if","locations":[{"start":{"line":346,"column":4},"end":{"line":348,"column":5}},{"start":{},"end":{}}],"line":346},"30":{"loc":{"start":{"line":353,"column":27},"end":{"line":353,"column":39}},"type":"default-arg","locations":[{"start":{"line":353,"column":38},"end":{"line":353,"column":39}}],"line":353},"31":{"loc":{"start":{"line":355,"column":6},"end":{"line":363,"column":7}},"type":"if","locations":[{"start":{"line":355,"column":6},"end":{"line":363,"column":7}},{"start":{},"end":{}}],"line":355},"32":{"loc":{"start":{"line":356,"column":8},"end":{"line":359,"column":38}},"type":"binary-expr","locations":[{"start":{"line":356,"column":8},"end":{"line":356,"column":15}},{"start":{"line":357,"column":8},"end":{"line":357,"column":35}},{"start":{"line":358,"column":8},"end":{"line":358,"column":40}},{"start":{"line":359,"column":8},"end":{"line":359,"column":38}}],"line":356},"33":{"loc":{"start":{"line":370,"column":6},"end":{"line":373,"column":7}},"type":"if","locations":[{"start":{"line":370,"column":6},"end":{"line":373,"column":7}},{"start":{},"end":{}}],"line":370},"34":{"loc":{"start":{"line":416,"column":4},"end":{"line":418,"column":5}},"type":"if","locations":[{"start":{"line":416,"column":4},"end":{"line":418,"column":5}},{"start":{},"end":{}}],"line":416},"35":{"loc":{"start":{"line":425,"column":4},"end":{"line":427,"column":5}},"type":"if","locations":[{"start":{"line":425,"column":4},"end":{"line":427,"column":5}},{"start":{},"end":{}}],"line":425},"36":{"loc":{"start":{"line":430,"column":4},"end":{"line":432,"column":5}},"type":"if","locations":[{"start":{"line":430,"column":4},"end":{"line":432,"column":5}},{"start":{},"end":{}}],"line":430},"37":{"loc":{"start":{"line":430,"column":8},"end":{"line":430,"column":84}},"type":"binary-expr","locations":[{"start":{"line":430,"column":8},"end":{"line":430,"column":15}},{"start":{"line":430,"column":19},"end":{"line":430,"column":84}}],"line":430},"38":{"loc":{"start":{"line":437,"column":4},"end":{"line":467,"column":5}},"type":"if","locations":[{"start":{"line":437,"column":4},"end":{"line":467,"column":5}},{"start":{},"end":{}}],"line":437},"39":{"loc":{"start":{"line":437,"column":8},"end":{"line":437,"column":40}},"type":"binary-expr","locations":[{"start":{"line":437,"column":8},"end":{"line":437,"column":23}},{"start":{"line":437,"column":27},"end":{"line":437,"column":40}}],"line":437},"40":{"loc":{"start":{"line":438,"column":20},"end":{"line":438,"column":90}},"type":"cond-expr","locations":[{"start":{"line":438,"column":38},"end":{"line":438,"column":63}},{"start":{"line":438,"column":66},"end":{"line":438,"column":90}}],"line":438},"41":{"loc":{"start":{"line":439,"column":18},"end":{"line":439,"column":82}},"type":"cond-expr","locations":[{"start":{"line":439,"column":34},"end":{"line":439,"column":57}},{"start":{"line":439,"column":60},"end":{"line":439,"column":82}}],"line":439},"42":{"loc":{"start":{"line":441,"column":6},"end":{"line":445,"column":7}},"type":"if","locations":[{"start":{"line":441,"column":6},"end":{"line":445,"column":7}},{"start":{},"end":{}}],"line":441},"43":{"loc":{"start":{"line":453,"column":6},"end":{"line":457,"column":7}},"type":"if","locations":[{"start":{"line":453,"column":6},"end":{"line":457,"column":7}},{"start":{},"end":{}}],"line":453},"44":{"loc":{"start":{"line":470,"column":4},"end":{"line":488,"column":5}},"type":"if","locations":[{"start":{"line":470,"column":4},"end":{"line":488,"column":5}},{"start":{},"end":{}}],"line":470},"45":{"loc":{"start":{"line":471,"column":6},"end":{"line":473,"column":7}},"type":"if","locations":[{"start":{"line":471,"column":6},"end":{"line":473,"column":7}},{"start":{},"end":{}}],"line":471},"46":{"loc":{"start":{"line":480,"column":6},"end":{"line":484,"column":7}},"type":"if","locations":[{"start":{"line":480,"column":6},"end":{"line":484,"column":7}},{"start":{},"end":{}}],"line":480},"47":{"loc":{"start":{"line":490,"column":4},"end":{"line":492,"column":5}},"type":"if","locations":[{"start":{"line":490,"column":4},"end":{"line":492,"column":5}},{"start":{},"end":{}}],"line":490}},"s":{"0":1,"1":1,"2":1,"3":1,"4":1,"5":1,"6":5,"7":5,"8":5,"9":5,"10":4,"11":1,"12":3,"13":3,"14":5,"15":5,"16":0,"17":0,"18":5,"19":5,"20":5,"21":3,"22":3,"23":3,"24":2,"25":2,"26":2,"27":4,"28":6,"29":1,"30":1,"31":2,"32":2,"33":2,"34":1,"35":9,"36":9,"37":9,"38":9,"39":8,"40":2,"41":6,"42":1,"43":5,"44":5,"45":1,"46":4,"47":4,"48":4,"49":1,"50":3,"51":3,"52":3,"53":1,"54":3,"55":3,"56":1,"57":1,"58":1,"59":2,"60":2,"61":2,"62":2,"63":1,"64":1,"65":1,"66":3,"67":3,"68":3,"69":3,"70":3,"71":3,"72":3,"73":1,"74":2,"75":1,"76":1,"77":1,"78":0,"79":1,"80":1,"81":1,"82":0,"83":1,"84":1,"85":1,"86":1,"87":1,"88":1,"89":1,"90":0,"91":0,"92":1,"93":3,"94":3,"95":3,"96":3,"97":2,"98":1,"99":1,"100":1,"101":0,"102":1,"103":1,"104":1,"105":1,"106":1,"107":1,"108":2,"109":2,"110":2,"111":2,"112":2,"113":1,"114":1,"115":1,"116":1,"117":0,"118":1,"119":2,"120":2,"121":2,"122":0,"123":2,"124":2,"125":2,"126":2,"127":0,"128":2,"129":2,"130":2,"131":1,"132":2,"133":2,"134":2,"135":2,"136":2,"137":0,"138":0,"139":2,"140":2,"141":0,"142":0,"143":2,"144":2,"145":2,"146":2,"147":2,"148":0,"149":0,"150":1,"151":6,"152":6,"153":6,"154":6,"155":6,"156":5,"157":1,"158":4,"159":4,"160":0,"161":4,"162":4,"163":0,"164":4,"165":4,"166":3,"167":3,"168":3,"169":1,"170":2,"171":2,"172":1,"173":1,"174":1,"175":1,"176":1,"177":2,"178":2,"179":0,"180":2,"181":2,"182":0,"183":2,"184":2,"185":2,"186":0,"187":2,"188":2,"189":2,"190":1,"191":1},"f":{"0":5,"1":4,"2":6,"3":9,"4":3,"5":3,"6":2,"7":2,"8":6},"b":{"0":[5,4],"1":[1,3],"2":[4,3],"3":[0,5],"4":[5,3,3,3],"5":[3,2],"6":[2,1],"7":[1,1],"8":[0],"9":[2,6],"10":[1,5],"11":[6,5,5],"12":[1,4],"13":[1,3],"14":[1,2],"15":[1,2],"16":[2],"17":[1,2],"18":[1,1],"19":[2,1],"20":[0,1],"21":[0,1],"22":[1,1],"23":[0,1],"24":[2,0],"25":[1,1],"26":[0,2],"27":[2,2],"28":[0,2],"29":[1,1],"30":[0],"31":[0,2],"32":[2,2,2,2],"33":[0,2],"34":[1,4],"35":[0,4],"36":[0,4],"37":[4,4],"38":[3,1],"39":[4,1],"40":[3,0],"41":[3,0],"42":[1,2],"43":[1,1],"44":[2,0],"45":[0,2],"46":[0,2],"47":[0,2]},"_coverageSchema":"1a1c01bbd47fc00a2c39e90264f33305004495a9","hash":"8e1c3e5f57093837226a7e6cbc77f7ba107f5dc3"}
,"D:\\GearXpert\\gearxpertbe\\controllers\\Rental\\RentalController.js": {"path":"D:\\GearXpert\\gearxpertbe\\controllers\\Rental\\RentalController.js","statementMap":{"0":{"start":{"line":1,"column":13},"end":{"line":1,"column":41}},"1":{"start":{"line":3,"column":17},"end":{"line":3,"column":49}},"2":{"start":{"line":5,"column":15},"end":{"line":5,"column":45}},"3":{"start":{"line":7,"column":17},"end":{"line":7,"column":49}},"4":{"start":{"line":9,"column":21},"end":{"line":9,"column":57}},"5":{"start":{"line":11,"column":19},"end":{"line":11,"column":53}},"6":{"start":{"line":13,"column":15},"end":{"line":13,"column":45}},"7":{"start":{"line":15,"column":16},"end":{"line":15,"column":47}},"8":{"start":{"line":17,"column":15},"end":{"line":17,"column":45}},"9":{"start":{"line":19,"column":26},"end":{"line":19,"column":67}},"10":{"start":{"line":21,"column":19},"end":{"line":21,"column":53}},"11":{"start":{"line":23,"column":21},"end":{"line":23,"column":57}},"12":{"start":{"line":25,"column":17},"end":{"line":25,"column":36}},"13":{"start":{"line":27,"column":19},"end":{"line":27,"column":43}},"14":{"start":{"line":29,"column":21},"end":{"line":29,"column":57}},"15":{"start":{"line":37,"column":4},"end":{"line":37,"column":45}},"16":{"start":{"line":49,"column":4},"end":{"line":49,"column":43}},"17":{"start":{"line":53,"column":18},"end":{"line":53,"column":40}},"18":{"start":{"line":57,"column":14},"end":{"line":65,"column":1}},"19":{"start":{"line":69,"column":27},"end":{"line":69,"column":70}},"20":{"start":{"line":71,"column":37},"end":{"line":71,"column":80}},"21":{"start":{"line":77,"column":20},"end":{"line":89,"column":1}},"22":{"start":{"line":79,"column":23},"end":{"line":79,"column":53}},"23":{"start":{"line":81,"column":2},"end":{"line":85,"column":3}},"24":{"start":{"line":83,"column":4},"end":{"line":83,"column":45}},"25":{"start":{"line":87,"column":2},"end":{"line":87,"column":16}},"26":{"start":{"line":95,"column":31},"end":{"line":151,"column":1}},"27":{"start":{"line":111,"column":4},"end":{"line":111,"column":71}},"28":{"start":{"line":115,"column":4},"end":{"line":115,"column":71}},"29":{"start":{"line":119,"column":14},"end":{"line":119,"column":52}},"30":{"start":{"line":123,"column":4},"end":{"line":131,"column":30}},"31":{"start":{"line":135,"column":2},"end":{"line":149,"column":5}},"32":{"start":{"line":155,"column":26},"end":{"line":169,"column":1}},"33":{"start":{"line":157,"column":2},"end":{"line":157,"column":46}},"34":{"start":{"line":157,"column":33},"end":{"line":157,"column":46}},"35":{"start":{"line":159,"column":2},"end":{"line":167,"column":3}},"36":{"start":{"line":161,"column":4},"end":{"line":161,"column":29}},"37":{"start":{"line":165,"column":4},"end":{"line":165,"column":17}},"38":{"start":{"line":173,"column":28},"end":{"line":183,"column":1}},"39":{"start":{"line":175,"column":16},"end":{"line":179,"column":44}},"40":{"start":{"line":181,"column":2},"end":{"line":181,"column":57}},"41":{"start":{"line":181,"column":29},"end":{"line":181,"column":39}},"42":{"start":{"line":189,"column":31},"end":{"line":307,"column":1}},"43":{"start":{"line":191,"column":2},"end":{"line":305,"column":3}},"44":{"start":{"line":195,"column":19},"end":{"line":213,"column":8}},"45":{"start":{"line":217,"column":4},"end":{"line":221,"column":5}},"46":{"start":{"line":219,"column":6},"end":{"line":219,"column":42}},"47":{"start":{"line":227,"column":25},"end":{"line":227,"column":95}},"48":{"start":{"line":229,"column":4},"end":{"line":233,"column":5}},"49":{"start":{"line":231,"column":6},"end":{"line":231,"column":53}},"50":{"start":{"line":239,"column":25},"end":{"line":255,"column":5}},"51":{"start":{"line":261,"column":21},"end":{"line":271,"column":6}},"52":{"start":{"line":277,"column":4},"end":{"line":287,"column":7}},"53":{"start":{"line":291,"column":4},"end":{"line":297,"column":6}},"54":{"start":{"line":301,"column":4},"end":{"line":301,"column":55}},"55":{"start":{"line":303,"column":4},"end":{"line":303,"column":51}},"56":{"start":{"line":321,"column":43},"end":{"line":345,"column":1}},"57":{"start":{"line":323,"column":2},"end":{"line":323,"column":41}},"58":{"start":{"line":323,"column":28},"end":{"line":323,"column":41}},"59":{"start":{"line":325,"column":14},"end":{"line":325,"column":24}},"60":{"start":{"line":327,"column":21},"end":{"line":327,"column":22}},"61":{"start":{"line":329,"column":2},"end":{"line":341,"column":3}},"62":{"start":{"line":331,"column":14},"end":{"line":331,"column":40}},"63":{"start":{"line":333,"column":4},"end":{"line":333,"column":44}},"64":{"start":{"line":333,"column":35},"end":{"line":333,"column":44}},"65":{"start":{"line":335,"column":16},"end":{"line":335,"column":27}},"66":{"start":{"line":337,"column":4},"end":{"line":337,"column":34}},"67":{"start":{"line":339,"column":4},"end":{"line":339,"column":57}},"68":{"start":{"line":343,"column":2},"end":{"line":343,"column":29}},"69":{"start":{"line":357,"column":0},"end":{"line":577,"column":2}},"70":{"start":{"line":359,"column":2},"end":{"line":575,"column":3}},"71":{"start":{"line":361,"column":25},"end":{"line":361,"column":35}},"72":{"start":{"line":363,"column":19},"end":{"line":363,"column":30}},"73":{"start":{"line":367,"column":4},"end":{"line":371,"column":5}},"74":{"start":{"line":369,"column":6},"end":{"line":369,"column":73}},"75":{"start":{"line":375,"column":19},"end":{"line":407,"column":13}},"76":{"start":{"line":411,"column":4},"end":{"line":421,"column":5}},"77":{"start":{"line":413,"column":6},"end":{"line":419,"column":9}},"78":{"start":{"line":427,"column":24},"end":{"line":457,"column":13}},"79":{"start":{"line":463,"column":29},"end":{"line":519,"column":5}},"80":{"start":{"line":467,"column":31},"end":{"line":481,"column":17}},"81":{"start":{"line":485,"column":30},"end":{"line":499,"column":17}},"82":{"start":{"line":503,"column":8},"end":{"line":515,"column":10}},"83":{"start":{"line":511,"column":56},"end":{"line":511,"column":70}},"84":{"start":{"line":513,"column":53},"end":{"line":513,"column":64}},"85":{"start":{"line":523,"column":19},"end":{"line":529,"column":5}},"86":{"start":{"line":535,"column":21},"end":{"line":535,"column":76}},"87":{"start":{"line":537,"column":22},"end":{"line":537,"column":26}},"88":{"start":{"line":539,"column":4},"end":{"line":549,"column":5}},"89":{"start":{"line":541,"column":27},"end":{"line":541,"column":90}},"90":{"start":{"line":543,"column":6},"end":{"line":547,"column":7}},"91":{"start":{"line":545,"column":8},"end":{"line":545,"column":43}},"92":{"start":{"line":553,"column":4},"end":{"line":561,"column":7}},"93":{"start":{"line":565,"column":4},"end":{"line":565,"column":49}},"94":{"start":{"line":567,"column":4},"end":{"line":573,"column":7}},"95":{"start":{"line":579,"column":0},"end":{"line":1497,"column":2}},"96":{"start":{"line":581,"column":18},"end":{"line":581,"column":47}},"97":{"start":{"line":583,"column":2},"end":{"line":583,"column":29}},"98":{"start":{"line":585,"column":25},"end":{"line":585,"column":26}},"99":{"start":{"line":587,"column":28},"end":{"line":587,"column":31}},"100":{"start":{"line":591,"column":2},"end":{"line":1495,"column":3}},"101":{"start":{"line":593,"column":23},"end":{"line":593,"column":34}},"102":{"start":{"line":611,"column":8},"end":{"line":611,"column":16}},"103":{"start":{"line":615,"column":29},"end":{"line":627,"column":5}},"104":{"start":{"line":633,"column":17},"end":{"line":637,"column":23}},"105":{"start":{"line":641,"column":4},"end":{"line":641,"column":76}},"106":{"start":{"line":641,"column":42},"end":{"line":641,"column":76}},"107":{"start":{"line":647,"column":27},"end":{"line":647,"column":29}},"108":{"start":{"line":649,"column":4},"end":{"line":725,"column":5}},"109":{"start":{"line":651,"column":21},"end":{"line":651,"column":34}},"110":{"start":{"line":653,"column":6},"end":{"line":653,"column":61}},"111":{"start":{"line":653,"column":19},"end":{"line":653,"column":61}},"112":{"start":{"line":657,"column":29},"end":{"line":663,"column":25}},"113":{"start":{"line":667,"column":6},"end":{"line":675,"column":7}},"114":{"start":{"line":669,"column":8},"end":{"line":673,"column":10}},"115":{"start":{"line":679,"column":25},"end":{"line":679,"column":53}},"116":{"start":{"line":681,"column":6},"end":{"line":693,"column":7}},"117":{"start":{"line":683,"column":8},"end":{"line":691,"column":10}},"118":{"start":{"line":697,"column":19},"end":{"line":697,"column":75}},"119":{"start":{"line":699,"column":22},"end":{"line":699,"column":58}},"120":{"start":{"line":703,"column":6},"end":{"line":703,"column":56}},"121":{"start":{"line":705,"column":6},"end":{"line":705,"column":58}},"122":{"start":{"line":707,"column":6},"end":{"line":723,"column":9}},"123":{"start":{"line":729,"column":24},"end":{"line":729,"column":51}},"124":{"start":{"line":735,"column":25},"end":{"line":735,"column":29}},"125":{"start":{"line":737,"column":4},"end":{"line":761,"column":5}},"126":{"start":{"line":739,"column":6},"end":{"line":745,"column":26}},"127":{"start":{"line":749,"column":6},"end":{"line":759,"column":7}},"128":{"start":{"line":757,"column":8},"end":{"line":757,"column":59}},"129":{"start":{"line":767,"column":31},"end":{"line":767,"column":33}},"130":{"start":{"line":769,"column":27},"end":{"line":769,"column":28}},"131":{"start":{"line":773,"column":4},"end":{"line":867,"column":5}},"132":{"start":{"line":775,"column":20},"end":{"line":775,"column":46}},"133":{"start":{"line":779,"column":26},"end":{"line":779,"column":37}},"134":{"start":{"line":783,"column":28},"end":{"line":783,"column":29}},"135":{"start":{"line":785,"column":6},"end":{"line":819,"column":7}},"136":{"start":{"line":787,"column":8},"end":{"line":817,"column":9}},"137":{"start":{"line":789,"column":10},"end":{"line":793,"column":12}},"138":{"start":{"line":795,"column":10},"end":{"line":805,"column":11}},"139":{"start":{"line":797,"column":12},"end":{"line":803,"column":14}},"140":{"start":{"line":807,"column":15},"end":{"line":817,"column":9}},"141":{"start":{"line":809,"column":10},"end":{"line":815,"column":12}},"142":{"start":{"line":823,"column":32},"end":{"line":823,"column":70}},"143":{"start":{"line":825,"column":26},"end":{"line":825,"column":75}},"144":{"start":{"line":827,"column":30},"end":{"line":827,"column":61}},"145":{"start":{"line":833,"column":8},"end":{"line":833,"column":61}},"146":{"start":{"line":837,"column":6},"end":{"line":837,"column":43}},"147":{"start":{"line":839,"column":6},"end":{"line":839,"column":38}},"148":{"start":{"line":843,"column":6},"end":{"line":865,"column":9}},"149":{"start":{"line":875,"column":26},"end":{"line":875,"column":28}},"150":{"start":{"line":877,"column":4},"end":{"line":899,"column":5}},"151":{"start":{"line":879,"column":29},"end":{"line":879,"column":31}},"152":{"start":{"line":881,"column":6},"end":{"line":895,"column":7}},"153":{"start":{"line":883,"column":30},"end":{"line":891,"column":9}},"154":{"start":{"line":893,"column":8},"end":{"line":893,"column":56}},"155":{"start":{"line":897,"column":6},"end":{"line":897,"column":61}},"156":{"start":{"line":905,"column":24},"end":{"line":905,"column":32}},"157":{"start":{"line":907,"column":24},"end":{"line":907,"column":29}},"158":{"start":{"line":911,"column":4},"end":{"line":1067,"column":5}},"159":{"start":{"line":913,"column":29},"end":{"line":917,"column":7}},"160":{"start":{"line":919,"column":6},"end":{"line":923,"column":7}},"161":{"start":{"line":921,"column":8},"end":{"line":921,"column":45}},"162":{"start":{"line":929,"column":32},"end":{"line":929,"column":54}},"163":{"start":{"line":931,"column":6},"end":{"line":931,"column":49}},"164":{"start":{"line":933,"column":6},"end":{"line":933,"column":45}},"165":{"start":{"line":937,"column":6},"end":{"line":965,"column":8}},"166":{"start":{"line":971,"column":27},"end":{"line":975,"column":7}},"167":{"start":{"line":977,"column":6},"end":{"line":981,"column":7}},"168":{"start":{"line":979,"column":8},"end":{"line":979,"column":54}},"169":{"start":{"line":985,"column":31},"end":{"line":985,"column":51}},"170":{"start":{"line":987,"column":6},"end":{"line":987,"column":47}},"171":{"start":{"line":989,"column":6},"end":{"line":989,"column":43}},"172":{"start":{"line":993,"column":6},"end":{"line":1021,"column":8}},"173":{"start":{"line":1025,"column":6},"end":{"line":1025,"column":29}},"174":{"start":{"line":1027,"column":6},"end":{"line":1027,"column":27}},"175":{"start":{"line":1033,"column":6},"end":{"line":1061,"column":7}},"176":{"start":{"line":1035,"column":24},"end":{"line":1049,"column":9}},"177":{"start":{"line":1051,"column":8},"end":{"line":1059,"column":9}},"178":{"start":{"line":1053,"column":10},"end":{"line":1057,"column":12}},"179":{"start":{"line":1063,"column":11},"end":{"line":1067,"column":5}},"180":{"start":{"line":1065,"column":6},"end":{"line":1065,"column":31}},"181":{"start":{"line":1073,"column":27},"end":{"line":1073,"column":29}},"182":{"start":{"line":1075,"column":4},"end":{"line":1195,"column":5}},"183":{"start":{"line":1077,"column":25},"end":{"line":1129,"column":7}},"184":{"start":{"line":1133,"column":6},"end":{"line":1141,"column":7}},"185":{"start":{"line":1135,"column":8},"end":{"line":1139,"column":10}},"186":{"start":{"line":1145,"column":23},"end":{"line":1145,"column":69}},"187":{"start":{"line":1151,"column":30},"end":{"line":1173,"column":9}},"188":{"start":{"line":1151,"column":56},"end":{"line":1173,"column":7}},"189":{"start":{"line":1177,"column":6},"end":{"line":1177,"column":64}},"190":{"start":{"line":1183,"column":26},"end":{"line":1183,"column":43}},"191":{"start":{"line":1187,"column":6},"end":{"line":1193,"column":9}},"192":{"start":{"line":1203,"column":4},"end":{"line":1215,"column":5}},"193":{"start":{"line":1205,"column":6},"end":{"line":1213,"column":7}},"194":{"start":{"line":1207,"column":8},"end":{"line":1211,"column":9}},"195":{"start":{"line":1208,"column":10},"end":{"line":1208,"column":60}},"196":{"start":{"line":1210,"column":10},"end":{"line":1210,"column":64}},"197":{"start":{"line":1221,"column":4},"end":{"line":1238,"column":13}},"198":{"start":{"line":1222,"column":6},"end":{"line":1236,"column":7}},"199":{"start":{"line":1224,"column":8},"end":{"line":1234,"column":9}},"200":{"start":{"line":1225,"column":27},"end":{"line":1225,"column":82}},"201":{"start":{"line":1226,"column":10},"end":{"line":1230,"column":11}},"202":{"start":{"line":1227,"column":33},"end":{"line":1227,"column":96}},"203":{"start":{"line":1229,"column":12},"end":{"line":1229,"column":84}},"204":{"start":{"line":1232,"column":10},"end":{"line":1232,"column":102}},"205":{"start":{"line":1245,"column":6},"end":{"line":1360,"column":7}},"206":{"start":{"line":1248,"column":35},"end":{"line":1248,"column":76}},"207":{"start":{"line":1250,"column":25},"end":{"line":1250,"column":57}},"208":{"start":{"line":1252,"column":29},"end":{"line":1252,"column":65}},"209":{"start":{"line":1254,"column":27},"end":{"line":1254,"column":61}},"210":{"start":{"line":1256,"column":23},"end":{"line":1256,"column":53}},"211":{"start":{"line":1258,"column":30},"end":{"line":1258,"column":32}},"212":{"start":{"line":1260,"column":8},"end":{"line":1284,"column":9}},"213":{"start":{"line":1263,"column":25},"end":{"line":1263,"column":86}},"214":{"start":{"line":1266,"column":30},"end":{"line":1270,"column":40}},"215":{"start":{"line":1274,"column":10},"end":{"line":1282,"column":13}},"216":{"start":{"line":1287,"column":20},"end":{"line":1287,"column":86}},"217":{"start":{"line":1290,"column":29},"end":{"line":1310,"column":10}},"218":{"start":{"line":1292,"column":10},"end":{"line":1308,"column":21}},"219":{"start":{"line":1306,"column":32},"end":{"line":1306,"column":71}},"220":{"start":{"line":1313,"column":31},"end":{"line":1341,"column":10}},"221":{"start":{"line":1345,"column":35},"end":{"line":1355,"column":10}},"222":{"start":{"line":1368,"column":4},"end":{"line":1404,"column":5}},"223":{"start":{"line":1370,"column":6},"end":{"line":1384,"column":8}},"224":{"start":{"line":1388,"column":6},"end":{"line":1402,"column":8}},"225":{"start":{"line":1410,"column":4},"end":{"line":1414,"column":24}},"226":{"start":{"line":1412,"column":40},"end":{"line":1412,"column":45}},"227":{"start":{"line":1416,"column":4},"end":{"line":1416,"column":20}},"228":{"start":{"line":1418,"column":4},"end":{"line":1418,"column":33}},"229":{"start":{"line":1424,"column":22},"end":{"line":1424,"column":26}},"230":{"start":{"line":1426,"column":4},"end":{"line":1457,"column":5}},"231":{"start":{"line":1428,"column":24},"end":{"line":1428,"column":60}},"232":{"start":{"line":1430,"column":37},"end":{"line":1430,"column":76}},"233":{"start":{"line":1434,"column":6},"end":{"line":1446,"column":9}},"234":{"start":{"line":1450,"column":27},"end":{"line":1454,"column":7}},"235":{"start":{"line":1451,"column":48},"end":{"line":1451,"column":60}},"236":{"start":{"line":1455,"column":6},"end":{"line":1455,"column":107}},"237":{"start":{"line":1461,"column":4},"end":{"line":1461,"column":38}},"238":{"start":{"line":1463,"column":4},"end":{"line":1481,"column":7}},"239":{"start":{"line":1473,"column":43},"end":{"line":1473,"column":48}},"240":{"start":{"line":1485,"column":4},"end":{"line":1485,"column":37}},"241":{"start":{"line":1487,"column":4},"end":{"line":1487,"column":48}},"242":{"start":{"line":1489,"column":4},"end":{"line":1489,"column":76}},"243":{"start":{"line":1493,"column":4},"end":{"line":1493,"column":25}},"244":{"start":{"line":1505,"column":16},"end":{"line":1515,"column":21}},"245":{"start":{"line":1519,"column":2},"end":{"line":1527,"column":3}},"246":{"start":{"line":1521,"column":4},"end":{"line":1525,"column":6}},"247":{"start":{"line":1533,"column":2},"end":{"line":1539,"column":3}},"248":{"start":{"line":1535,"column":4},"end":{"line":1535,"column":27}},"249":{"start":{"line":1537,"column":4},"end":{"line":1537,"column":33}},"250":{"start":{"line":1546,"column":2},"end":{"line":1546,"column":39}},"251":{"start":{"line":1546,"column":29},"end":{"line":1546,"column":37}},"252":{"start":{"line":1556,"column":0},"end":{"line":1586,"column":2}},"253":{"start":{"line":1558,"column":2},"end":{"line":1584,"column":3}},"254":{"start":{"line":1560,"column":23},"end":{"line":1560,"column":35}},"255":{"start":{"line":1562,"column":21},"end":{"line":1562,"column":40}},"256":{"start":{"line":1568,"column":23},"end":{"line":1574,"column":6}},"257":{"start":{"line":1578,"column":4},"end":{"line":1578,"column":67}},"258":{"start":{"line":1582,"column":4},"end":{"line":1582,"column":67}},"259":{"start":{"line":1590,"column":0},"end":{"line":1662,"column":2}},"260":{"start":{"line":1592,"column":2},"end":{"line":1660,"column":3}},"261":{"start":{"line":1594,"column":27},"end":{"line":1594,"column":37}},"262":{"start":{"line":1596,"column":21},"end":{"line":1596,"column":30}},"263":{"start":{"line":1598,"column":20},"end":{"line":1598,"column":22}},"264":{"start":{"line":1600,"column":4},"end":{"line":1604,"column":5}},"265":{"start":{"line":1602,"column":6},"end":{"line":1602,"column":71}},"266":{"start":{"line":1602,"column":47},"end":{"line":1602,"column":69}},"267":{"start":{"line":1606,"column":18},"end":{"line":1606,"column":32}},"268":{"start":{"line":1608,"column":4},"end":{"line":1612,"column":5}},"269":{"start":{"line":1610,"column":6},"end":{"line":1610,"column":40}},"270":{"start":{"line":1616,"column":20},"end":{"line":1622,"column":30}},"271":{"start":{"line":1628,"column":29},"end":{"line":1648,"column":5}},"272":{"start":{"line":1632,"column":28},"end":{"line":1636,"column":31}},"273":{"start":{"line":1638,"column":8},"end":{"line":1644,"column":10}},"274":{"start":{"line":1652,"column":4},"end":{"line":1652,"column":44}},"275":{"start":{"line":1656,"column":4},"end":{"line":1656,"column":54}},"276":{"start":{"line":1658,"column":4},"end":{"line":1658,"column":53}},"277":{"start":{"line":1666,"column":0},"end":{"line":1780,"column":2}},"278":{"start":{"line":1668,"column":2},"end":{"line":1778,"column":3}},"279":{"start":{"line":1670,"column":18},"end":{"line":1670,"column":42}},"280":{"start":{"line":1674,"column":4},"end":{"line":1684,"column":5}},"281":{"start":{"line":1676,"column":6},"end":{"line":1682,"column":8}},"282":{"start":{"line":1688,"column":20},"end":{"line":1694,"column":30}},"283":{"start":{"line":1698,"column":29},"end":{"line":1766,"column":5}},"284":{"start":{"line":1702,"column":28},"end":{"line":1706,"column":46}},"285":{"start":{"line":1712,"column":27},"end":{"line":1724,"column":17}},"286":{"start":{"line":1730,"column":8},"end":{"line":1750,"column":9}},"287":{"start":{"line":1732,"column":26},"end":{"line":1746,"column":12}},"288":{"start":{"line":1736,"column":49},"end":{"line":1736,"column":62}},"289":{"start":{"line":1748,"column":10},"end":{"line":1748,"column":44}},"290":{"start":{"line":1754,"column":8},"end":{"line":1762,"column":10}},"291":{"start":{"line":1770,"column":4},"end":{"line":1770,"column":44}},"292":{"start":{"line":1774,"column":4},"end":{"line":1774,"column":56}},"293":{"start":{"line":1776,"column":4},"end":{"line":1776,"column":53}},"294":{"start":{"line":1784,"column":0},"end":{"line":1876,"column":2}},"295":{"start":{"line":1786,"column":2},"end":{"line":1874,"column":3}},"296":{"start":{"line":1788,"column":18},"end":{"line":1788,"column":41}},"297":{"start":{"line":1790,"column":4},"end":{"line":1794,"column":5}},"298":{"start":{"line":1792,"column":6},"end":{"line":1792,"column":51}},"299":{"start":{"line":1798,"column":20},"end":{"line":1804,"column":30}},"300":{"start":{"line":1808,"column":29},"end":{"line":1862,"column":5}},"301":{"start":{"line":1814,"column":8},"end":{"line":1828,"column":11}},"302":{"start":{"line":1832,"column":30},"end":{"line":1832,"column":60}},"303":{"start":{"line":1834,"column":35},"end":{"line":1838,"column":9}},"304":{"start":{"line":1836,"column":10},"end":{"line":1836,"column":58}},"305":{"start":{"line":1842,"column":28},"end":{"line":1846,"column":46}},"306":{"start":{"line":1850,"column":8},"end":{"line":1858,"column":10}},"307":{"start":{"line":1866,"column":4},"end":{"line":1866,"column":44}},"308":{"start":{"line":1870,"column":4},"end":{"line":1870,"column":55}},"309":{"start":{"line":1872,"column":4},"end":{"line":1872,"column":53}},"310":{"start":{"line":1880,"column":0},"end":{"line":2082,"column":2}},"311":{"start":{"line":1882,"column":18},"end":{"line":1882,"column":47}},"312":{"start":{"line":1884,"column":2},"end":{"line":1884,"column":29}},"313":{"start":{"line":1888,"column":2},"end":{"line":2080,"column":3}},"314":{"start":{"line":1890,"column":4},"end":{"line":1894,"column":5}},"315":{"start":{"line":1892,"column":6},"end":{"line":1892,"column":65}},"316":{"start":{"line":1898,"column":23},"end":{"line":1898,"column":33}},"317":{"start":{"line":1900,"column":20},"end":{"line":1900,"column":31}},"318":{"start":{"line":1904,"column":25},"end":{"line":1904,"column":77}},"319":{"start":{"line":1906,"column":4},"end":{"line":1910,"column":5}},"320":{"start":{"line":1908,"column":6},"end":{"line":1908,"column":54}},"321":{"start":{"line":1914,"column":4},"end":{"line":1918,"column":5}},"322":{"start":{"line":1916,"column":6},"end":{"line":1916,"column":60}},"323":{"start":{"line":1922,"column":4},"end":{"line":1926,"column":5}},"324":{"start":{"line":1924,"column":6},"end":{"line":1924,"column":58}},"325":{"start":{"line":1930,"column":4},"end":{"line":1940,"column":5}},"326":{"start":{"line":1938,"column":6},"end":{"line":1938,"column":54}},"327":{"start":{"line":1944,"column":24},"end":{"line":1974,"column":5}},"328":{"start":{"line":1978,"column":4},"end":{"line":1982,"column":5}},"329":{"start":{"line":1980,"column":6},"end":{"line":1980,"column":67}},"330":{"start":{"line":1986,"column":25},"end":{"line":2018,"column":5}},"331":{"start":{"line":2022,"column":4},"end":{"line":2026,"column":5}},"332":{"start":{"line":2024,"column":6},"end":{"line":2024,"column":90}},"333":{"start":{"line":2030,"column":4},"end":{"line":2030,"column":38}},"334":{"start":{"line":2034,"column":4},"end":{"line":2048,"column":7}},"335":{"start":{"line":2052,"column":4},"end":{"line":2062,"column":7}},"336":{"start":{"line":2066,"column":4},"end":{"line":2066,"column":37}},"337":{"start":{"line":2068,"column":4},"end":{"line":2074,"column":7}},"338":{"start":{"line":2078,"column":4},"end":{"line":2078,"column":25}},"339":{"start":{"line":2086,"column":0},"end":{"line":2246,"column":2}},"340":{"start":{"line":2088,"column":2},"end":{"line":2244,"column":3}},"341":{"start":{"line":2090,"column":23},"end":{"line":2090,"column":34}},"342":{"start":{"line":2094,"column":18},"end":{"line":2108,"column":13}},"343":{"start":{"line":2112,"column":4},"end":{"line":2228,"column":6}},"344":{"start":{"line":2116,"column":28},"end":{"line":2148,"column":17}},"345":{"start":{"line":2154,"column":33},"end":{"line":2214,"column":9}},"346":{"start":{"line":2158,"column":35},"end":{"line":2172,"column":21}},"347":{"start":{"line":2176,"column":34},"end":{"line":2190,"column":21}},"348":{"start":{"line":2194,"column":12},"end":{"line":2210,"column":14}},"349":{"start":{"line":2206,"column":47},"end":{"line":2206,"column":61}},"350":{"start":{"line":2208,"column":57},"end":{"line":2208,"column":68}},"351":{"start":{"line":2218,"column":8},"end":{"line":2224,"column":10}},"352":{"start":{"line":2232,"column":4},"end":{"line":2232,"column":26}},"353":{"start":{"line":2236,"column":4},"end":{"line":2236,"column":48}},"354":{"start":{"line":2238,"column":4},"end":{"line":2242,"column":72}},"355":{"start":{"line":2252,"column":0},"end":{"line":2299,"column":2}},"356":{"start":{"line":2254,"column":2},"end":{"line":2297,"column":3}},"357":{"start":{"line":2256,"column":25},"end":{"line":2256,"column":35}},"358":{"start":{"line":2258,"column":19},"end":{"line":2258,"column":50}},"359":{"start":{"line":2260,"column":4},"end":{"line":2262,"column":74}},"360":{"start":{"line":2262,"column":6},"end":{"line":2262,"column":74}},"361":{"start":{"line":2264,"column":4},"end":{"line":2266,"column":68}},"362":{"start":{"line":2266,"column":6},"end":{"line":2266,"column":68}},"363":{"start":{"line":2270,"column":4},"end":{"line":2270,"column":31}},"364":{"start":{"line":2272,"column":4},"end":{"line":2272,"column":24}},"365":{"start":{"line":2275,"column":4},"end":{"line":2285,"column":6}},"366":{"start":{"line":2289,"column":4},"end":{"line":2289,"column":70}},"367":{"start":{"line":2293,"column":4},"end":{"line":2293,"column":50}},"368":{"start":{"line":2295,"column":4},"end":{"line":2295,"column":64}},"369":{"start":{"line":2305,"column":0},"end":{"line":2517,"column":2}},"370":{"start":{"line":2307,"column":18},"end":{"line":2307,"column":47}},"371":{"start":{"line":2309,"column":2},"end":{"line":2309,"column":29}},"372":{"start":{"line":2313,"column":2},"end":{"line":2515,"column":3}},"373":{"start":{"line":2315,"column":25},"end":{"line":2315,"column":35}},"374":{"start":{"line":2317,"column":23},"end":{"line":2317,"column":34}},"375":{"start":{"line":2321,"column":49},"end":{"line":2321,"column":57}},"376":{"start":{"line":2325,"column":19},"end":{"line":2325,"column":67}},"377":{"start":{"line":2327,"column":4},"end":{"line":2327,"column":60}},"378":{"start":{"line":2327,"column":17},"end":{"line":2327,"column":60}},"379":{"start":{"line":2331,"column":4},"end":{"line":2335,"column":5}},"380":{"start":{"line":2333,"column":6},"end":{"line":2333,"column":60}},"381":{"start":{"line":2339,"column":4},"end":{"line":2343,"column":5}},"382":{"start":{"line":2341,"column":6},"end":{"line":2341,"column":71}},"383":{"start":{"line":2347,"column":4},"end":{"line":2347,"column":31}},"384":{"start":{"line":2349,"column":4},"end":{"line":2349,"column":63}},"385":{"start":{"line":2351,"column":4},"end":{"line":2351,"column":41}},"386":{"start":{"line":2353,"column":4},"end":{"line":2355,"column":62}},"387":{"start":{"line":2357,"column":4},"end":{"line":2357,"column":35}},"388":{"start":{"line":2361,"column":4},"end":{"line":2361,"column":35}},"389":{"start":{"line":2365,"column":4},"end":{"line":2381,"column":7}},"390":{"start":{"line":2387,"column":24},"end":{"line":2391,"column":5}},"391":{"start":{"line":2393,"column":4},"end":{"line":2411,"column":5}},"392":{"start":{"line":2395,"column":6},"end":{"line":2409,"column":7}},"393":{"start":{"line":2397,"column":8},"end":{"line":2405,"column":10}},"394":{"start":{"line":2407,"column":8},"end":{"line":2407,"column":68}},"395":{"start":{"line":2417,"column":4},"end":{"line":2479,"column":5}},"396":{"start":{"line":2419,"column":21},"end":{"line":2423,"column":7}},"397":{"start":{"line":2425,"column":6},"end":{"line":2471,"column":7}},"398":{"start":{"line":2427,"column":30},"end":{"line":2427,"column":44}},"399":{"start":{"line":2429,"column":8},"end":{"line":2429,"column":45}},"400":{"start":{"line":2431,"column":8},"end":{"line":2431,"column":39}},"401":{"start":{"line":2435,"column":8},"end":{"line":2469,"column":10}},"402":{"start":{"line":2475,"column":6},"end":{"line":2475,"column":40}},"403":{"start":{"line":2477,"column":6},"end":{"line":2477,"column":37}},"404":{"start":{"line":2483,"column":4},"end":{"line":2483,"column":38}},"405":{"start":{"line":2487,"column":4},"end":{"line":2495,"column":7}},"406":{"start":{"line":2499,"column":4},"end":{"line":2499,"column":37}},"407":{"start":{"line":2501,"column":4},"end":{"line":2501,"column":49}},"408":{"start":{"line":2503,"column":4},"end":{"line":2509,"column":7}},"409":{"start":{"line":2513,"column":4},"end":{"line":2513,"column":25}},"410":{"start":{"line":2519,"column":23},"end":{"line":2525,"column":22}},"411":{"start":{"line":2521,"column":2},"end":{"line":2525,"column":22}},"412":{"start":{"line":2529,"column":25},"end":{"line":2531,"column":73}},"413":{"start":{"line":2531,"column":2},"end":{"line":2531,"column":73}},"414":{"start":{"line":2535,"column":24},"end":{"line":2535,"column":57}},"415":{"start":{"line":2535,"column":34},"end":{"line":2535,"column":57}},"416":{"start":{"line":2539,"column":19},"end":{"line":2541,"column":63}},"417":{"start":{"line":2541,"column":2},"end":{"line":2541,"column":63}},"418":{"start":{"line":2543,"column":17},"end":{"line":2561,"column":3}},"419":{"start":{"line":2545,"column":2},"end":{"line":2561,"column":3}},"420":{"start":{"line":2565,"column":18},"end":{"line":2577,"column":1}},"421":{"start":{"line":2567,"column":17},"end":{"line":2573,"column":4}},"422":{"start":{"line":2575,"column":2},"end":{"line":2575,"column":31}},"423":{"start":{"line":2583,"column":0},"end":{"line":3079,"column":2}},"424":{"start":{"line":2585,"column":2},"end":{"line":3077,"column":3}},"425":{"start":{"line":2587,"column":27},"end":{"line":2587,"column":37}},"426":{"start":{"line":2589,"column":4},"end":{"line":2593,"column":5}},"427":{"start":{"line":2591,"column":6},"end":{"line":2591,"column":74}},"428":{"start":{"line":2597,"column":29},"end":{"line":2597,"column":68}},"429":{"start":{"line":2599,"column":16},"end":{"line":2599,"column":26}},"430":{"start":{"line":2603,"column":23},"end":{"line":2603,"column":69}},"431":{"start":{"line":2607,"column":22},"end":{"line":2613,"column":6}},"432":{"start":{"line":2615,"column":26},"end":{"line":2621,"column":6}},"433":{"start":{"line":2623,"column":24},"end":{"line":2631,"column":6}},"434":{"start":{"line":2633,"column":28},"end":{"line":2641,"column":6}},"435":{"start":{"line":2645,"column":27},"end":{"line":2657,"column":5}},"436":{"start":{"line":2659,"column":26},"end":{"line":2665,"column":6}},"437":{"start":{"line":2669,"column":28},"end":{"line":2675,"column":6}},"438":{"start":{"line":2677,"column":22},"end":{"line":2677,"column":56}},"439":{"start":{"line":2681,"column":28},"end":{"line":2687,"column":6}},"440":{"start":{"line":2689,"column":31},"end":{"line":2689,"column":33}},"441":{"start":{"line":2691,"column":4},"end":{"line":2695,"column":7}},"442":{"start":{"line":2693,"column":6},"end":{"line":2693,"column":59}},"443":{"start":{"line":2693,"column":19},"end":{"line":2693,"column":59}},"444":{"start":{"line":2699,"column":24},"end":{"line":2717,"column":6}},"445":{"start":{"line":2719,"column":30},"end":{"line":2725,"column":7}},"446":{"start":{"line":2719,"column":57},"end":{"line":2725,"column":5}},"447":{"start":{"line":2729,"column":22},"end":{"line":2729,"column":59}},"448":{"start":{"line":2731,"column":27},"end":{"line":2739,"column":52}},"449":{"start":{"line":2743,"column":23},"end":{"line":2759,"column":6}},"450":{"start":{"line":2745,"column":19},"end":{"line":2745,"column":32}},"451":{"start":{"line":2747,"column":6},"end":{"line":2747,"column":46}},"452":{"start":{"line":2749,"column":6},"end":{"line":2757,"column":8}},"453":{"start":{"line":2763,"column":25},"end":{"line":2793,"column":6}},"454":{"start":{"line":2765,"column":19},"end":{"line":2765,"column":77}},"455":{"start":{"line":2767,"column":6},"end":{"line":2791,"column":8}},"456":{"start":{"line":2797,"column":24},"end":{"line":2813,"column":6}},"457":{"start":{"line":2799,"column":19},"end":{"line":2799,"column":48}},"458":{"start":{"line":2801,"column":19},"end":{"line":2801,"column":39}},"459":{"start":{"line":2803,"column":6},"end":{"line":2811,"column":8}},"460":{"start":{"line":2817,"column":29},"end":{"line":2871,"column":8}},"461":{"start":{"line":2819,"column":6},"end":{"line":2871,"column":8}},"462":{"start":{"line":2821,"column":22},"end":{"line":2821,"column":23}},"463":{"start":{"line":2823,"column":23},"end":{"line":2823,"column":24}},"464":{"start":{"line":2825,"column":27},"end":{"line":2825,"column":28}},"465":{"start":{"line":2829,"column":8},"end":{"line":2853,"column":11}},"466":{"start":{"line":2831,"column":10},"end":{"line":2851,"column":11}},"467":{"start":{"line":2839,"column":12},"end":{"line":2849,"column":13}},"468":{"start":{"line":2841,"column":14},"end":{"line":2841,"column":44}},"469":{"start":{"line":2843,"column":14},"end":{"line":2843,"column":32}},"470":{"start":{"line":2845,"column":19},"end":{"line":2849,"column":13}},"471":{"start":{"line":2847,"column":14},"end":{"line":2847,"column":45}},"472":{"start":{"line":2857,"column":8},"end":{"line":2869,"column":10}},"473":{"start":{"line":2875,"column":21},"end":{"line":2907,"column":5}},"474":{"start":{"line":2877,"column":52},"end":{"line":2885,"column":7}},"475":{"start":{"line":2887,"column":56},"end":{"line":2895,"column":7}},"476":{"start":{"line":2897,"column":54},"end":{"line":2905,"column":7}},"477":{"start":{"line":2911,"column":29},"end":{"line":2919,"column":7}},"478":{"start":{"line":2911,"column":75},"end":{"line":2919,"column":5}},"479":{"start":{"line":2923,"column":23},"end":{"line":2993,"column":6}},"480":{"start":{"line":2997,"column":26},"end":{"line":3009,"column":15}},"481":{"start":{"line":3013,"column":25},"end":{"line":3039,"column":7}},"482":{"start":{"line":3013,"column":56},"end":{"line":3039,"column":5}},"483":{"start":{"line":3043,"column":4},"end":{"line":3069,"column":7}},"484":{"start":{"line":3073,"column":4},"end":{"line":3073,"column":54}},"485":{"start":{"line":3075,"column":4},"end":{"line":3075,"column":53}},"486":{"start":{"line":3085,"column":0},"end":{"line":3421,"column":2}},"487":{"start":{"line":3087,"column":18},"end":{"line":3087,"column":47}},"488":{"start":{"line":3089,"column":2},"end":{"line":3089,"column":29}},"489":{"start":{"line":3093,"column":2},"end":{"line":3419,"column":3}},"490":{"start":{"line":3095,"column":25},"end":{"line":3095,"column":35}},"491":{"start":{"line":3097,"column":23},"end":{"line":3097,"column":34}},"492":{"start":{"line":3103,"column":19},"end":{"line":3109,"column":23}},"493":{"start":{"line":3113,"column":4},"end":{"line":3117,"column":5}},"494":{"start":{"line":3115,"column":6},"end":{"line":3115,"column":49}},"495":{"start":{"line":3121,"column":4},"end":{"line":3125,"column":5}},"496":{"start":{"line":3123,"column":6},"end":{"line":3123,"column":65}},"497":{"start":{"line":3129,"column":25},"end":{"line":3129,"column":48}},"498":{"start":{"line":3135,"column":4},"end":{"line":3253,"column":5}},"499":{"start":{"line":3137,"column":29},"end":{"line":3141,"column":25}},"500":{"start":{"line":3143,"column":6},"end":{"line":3189,"column":7}},"501":{"start":{"line":3145,"column":30},"end":{"line":3145,"column":52}},"502":{"start":{"line":3147,"column":8},"end":{"line":3147,"column":47}},"503":{"start":{"line":3149,"column":8},"end":{"line":3149,"column":47}},"504":{"start":{"line":3153,"column":8},"end":{"line":3187,"column":10}},"505":{"start":{"line":3195,"column":6},"end":{"line":3251,"column":7}},"506":{"start":{"line":3197,"column":29},"end":{"line":3201,"column":9}},"507":{"start":{"line":3203,"column":8},"end":{"line":3249,"column":9}},"508":{"start":{"line":3205,"column":28},"end":{"line":3205,"column":48}},"509":{"start":{"line":3207,"column":10},"end":{"line":3207,"column":70}},"510":{"start":{"line":3209,"column":10},"end":{"line":3209,"column":47}},"511":{"start":{"line":3213,"column":10},"end":{"line":3247,"column":12}},"512":{"start":{"line":3259,"column":24},"end":{"line":3263,"column":5}},"513":{"start":{"line":3265,"column":4},"end":{"line":3285,"column":5}},"514":{"start":{"line":3267,"column":6},"end":{"line":3283,"column":7}},"515":{"start":{"line":3269,"column":8},"end":{"line":3277,"column":10}},"516":{"start":{"line":3281,"column":8},"end":{"line":3281,"column":68}},"517":{"start":{"line":3291,"column":4},"end":{"line":3313,"column":6}},"518":{"start":{"line":3319,"column":4},"end":{"line":3329,"column":6}},"519":{"start":{"line":3333,"column":4},"end":{"line":3347,"column":6}},"520":{"start":{"line":3351,"column":4},"end":{"line":3351,"column":38}},"521":{"start":{"line":3355,"column":4},"end":{"line":3371,"column":5}},"522":{"start":{"line":3357,"column":6},"end":{"line":3363,"column":9}},"523":{"start":{"line":3369,"column":6},"end":{"line":3369,"column":70}},"524":{"start":{"line":3375,"column":4},"end":{"line":3389,"column":5}},"525":{"start":{"line":3377,"column":6},"end":{"line":3383,"column":9}},"526":{"start":{"line":3387,"column":6},"end":{"line":3387,"column":68}},"527":{"start":{"line":3393,"column":4},"end":{"line":3399,"column":7}},"528":{"start":{"line":3403,"column":4},"end":{"line":3403,"column":37}},"529":{"start":{"line":3405,"column":4},"end":{"line":3405,"column":47}},"530":{"start":{"line":3407,"column":4},"end":{"line":3413,"column":7}},"531":{"start":{"line":3417,"column":4},"end":{"line":3417,"column":25}},"532":{"start":{"line":3425,"column":0},"end":{"line":3525,"column":2}},"533":{"start":{"line":3427,"column":18},"end":{"line":3427,"column":47}},"534":{"start":{"line":3429,"column":2},"end":{"line":3429,"column":29}},"535":{"start":{"line":3431,"column":2},"end":{"line":3523,"column":3}},"536":{"start":{"line":3433,"column":25},"end":{"line":3433,"column":35}},"537":{"start":{"line":3435,"column":23},"end":{"line":3435,"column":34}},"538":{"start":{"line":3437,"column":19},"end":{"line":3437,"column":67}},"539":{"start":{"line":3441,"column":4},"end":{"line":3445,"column":5}},"540":{"start":{"line":3443,"column":6},"end":{"line":3443,"column":49}},"541":{"start":{"line":3449,"column":4},"end":{"line":3453,"column":5}},"542":{"start":{"line":3451,"column":6},"end":{"line":3451,"column":61}},"543":{"start":{"line":3457,"column":4},"end":{"line":3461,"column":5}},"544":{"start":{"line":3459,"column":6},"end":{"line":3459,"column":62}},"545":{"start":{"line":3465,"column":4},"end":{"line":3469,"column":5}},"546":{"start":{"line":3467,"column":6},"end":{"line":3467,"column":62}},"547":{"start":{"line":3473,"column":4},"end":{"line":3473,"column":30}},"548":{"start":{"line":3475,"column":4},"end":{"line":3475,"column":35}},"549":{"start":{"line":3477,"column":4},"end":{"line":3477,"column":35}},"550":{"start":{"line":3481,"column":4},"end":{"line":3491,"column":6}},"551":{"start":{"line":3495,"column":4},"end":{"line":3505,"column":6}},"552":{"start":{"line":3509,"column":4},"end":{"line":3509,"column":38}},"553":{"start":{"line":3511,"column":4},"end":{"line":3511,"column":59}},"554":{"start":{"line":3515,"column":4},"end":{"line":3515,"column":37}},"555":{"start":{"line":3517,"column":4},"end":{"line":3517,"column":74}},"556":{"start":{"line":3521,"column":4},"end":{"line":3521,"column":25}},"557":{"start":{"line":3527,"column":25},"end":{"line":3527,"column":65}},"558":{"start":{"line":3535,"column":0},"end":{"line":3742,"column":2}},"559":{"start":{"line":3537,"column":18},"end":{"line":3537,"column":47}},"560":{"start":{"line":3539,"column":2},"end":{"line":3539,"column":29}},"561":{"start":{"line":3543,"column":2},"end":{"line":3740,"column":3}},"562":{"start":{"line":3545,"column":25},"end":{"line":3545,"column":35}},"563":{"start":{"line":3547,"column":68},"end":{"line":3547,"column":76}},"564":{"start":{"line":3548,"column":4},"end":{"line":3548,"column":71}},"565":{"start":{"line":3548,"column":21},"end":{"line":3548,"column":71}},"566":{"start":{"line":3552,"column":19},"end":{"line":3556,"column":23}},"567":{"start":{"line":3560,"column":4},"end":{"line":3560,"column":60}},"568":{"start":{"line":3560,"column":17},"end":{"line":3560,"column":60}},"569":{"start":{"line":3564,"column":4},"end":{"line":3568,"column":5}},"570":{"start":{"line":3566,"column":6},"end":{"line":3566,"column":64}},"571":{"start":{"line":3574,"column":28},"end":{"line":3574,"column":60}},"572":{"start":{"line":3576,"column":4},"end":{"line":3582,"column":5}},"573":{"start":{"line":3578,"column":6},"end":{"line":3578,"column":66}},"574":{"start":{"line":3580,"column":6},"end":{"line":3580,"column":71}},"575":{"start":{"line":3586,"column":23},"end":{"line":3586,"column":50}},"576":{"start":{"line":3588,"column":24},"end":{"line":3588,"column":44}},"577":{"start":{"line":3592,"column":4},"end":{"line":3598,"column":5}},"578":{"start":{"line":3594,"column":6},"end":{"line":3594,"column":73}},"579":{"start":{"line":3596,"column":6},"end":{"line":3596,"column":61}},"580":{"start":{"line":3602,"column":4},"end":{"line":3608,"column":5}},"581":{"start":{"line":3604,"column":6},"end":{"line":3604,"column":62}},"582":{"start":{"line":3606,"column":6},"end":{"line":3606,"column":55}},"583":{"start":{"line":3612,"column":4},"end":{"line":3616,"column":5}},"584":{"start":{"line":3614,"column":6},"end":{"line":3614,"column":65}},"585":{"start":{"line":3620,"column":32},"end":{"line":3624,"column":5}},"586":{"start":{"line":3628,"column":4},"end":{"line":3632,"column":5}},"587":{"start":{"line":3630,"column":6},"end":{"line":3630,"column":56}},"588":{"start":{"line":3638,"column":29},"end":{"line":3666,"column":5}},"589":{"start":{"line":3672,"column":4},"end":{"line":3680,"column":6}},"590":{"start":{"line":3686,"column":4},"end":{"line":3704,"column":7}},"591":{"start":{"line":3708,"column":4},"end":{"line":3708,"column":38}},"592":{"start":{"line":3712,"column":4},"end":{"line":3720,"column":7}},"593":{"start":{"line":3724,"column":4},"end":{"line":3724,"column":37}},"594":{"start":{"line":3726,"column":4},"end":{"line":3726,"column":47}},"595":{"start":{"line":3728,"column":4},"end":{"line":3734,"column":7}},"596":{"start":{"line":3738,"column":4},"end":{"line":3738,"column":25}},"597":{"start":{"line":3744,"column":0},"end":{"line":3999,"column":2}},"598":{"start":{"line":3746,"column":2},"end":{"line":3997,"column":3}},"599":{"start":{"line":3748,"column":25},"end":{"line":3748,"column":35}},"600":{"start":{"line":3750,"column":23},"end":{"line":3750,"column":34}},"601":{"start":{"line":3754,"column":19},"end":{"line":3754,"column":50}},"602":{"start":{"line":3756,"column":4},"end":{"line":3760,"column":5}},"603":{"start":{"line":3758,"column":6},"end":{"line":3758,"column":67}},"604":{"start":{"line":3764,"column":4},"end":{"line":3772,"column":5}},"605":{"start":{"line":3766,"column":6},"end":{"line":3770,"column":66}},"606":{"start":{"line":3776,"column":4},"end":{"line":3784,"column":5}},"607":{"start":{"line":3778,"column":6},"end":{"line":3782,"column":9}},"608":{"start":{"line":3788,"column":4},"end":{"line":3796,"column":5}},"609":{"start":{"line":3790,"column":6},"end":{"line":3794,"column":9}},"610":{"start":{"line":3800,"column":24},"end":{"line":3800,"column":71}},"611":{"start":{"line":3802,"column":4},"end":{"line":3806,"column":5}},"612":{"start":{"line":3804,"column":6},"end":{"line":3804,"column":81}},"613":{"start":{"line":3810,"column":4},"end":{"line":3820,"column":5}},"614":{"start":{"line":3812,"column":6},"end":{"line":3818,"column":9}},"615":{"start":{"line":3826,"column":4},"end":{"line":3826,"column":33}},"616":{"start":{"line":3828,"column":4},"end":{"line":3828,"column":43}},"617":{"start":{"line":3830,"column":4},"end":{"line":3830,"column":37}},"618":{"start":{"line":3832,"column":4},"end":{"line":3832,"column":24}},"619":{"start":{"line":3835,"column":24},"end":{"line":3835,"column":60}},"620":{"start":{"line":3837,"column":23},"end":{"line":3837,"column":55}},"621":{"start":{"line":3839,"column":28},"end":{"line":3839,"column":38}},"622":{"start":{"line":3843,"column":29},"end":{"line":3859,"column":5}},"623":{"start":{"line":3862,"column":4},"end":{"line":3878,"column":6}},"624":{"start":{"line":3879,"column":4},"end":{"line":3889,"column":6}},"625":{"start":{"line":3893,"column":21},"end":{"line":3905,"column":6}},"626":{"start":{"line":3909,"column":26},"end":{"line":3921,"column":7}},"627":{"start":{"line":3909,"column":53},"end":{"line":3921,"column":5}},"628":{"start":{"line":3923,"column":4},"end":{"line":3923,"column":49}},"629":{"start":{"line":3927,"column":23},"end":{"line":3935,"column":6}},"630":{"start":{"line":3939,"column":15},"end":{"line":3939,"column":25}},"631":{"start":{"line":3941,"column":4},"end":{"line":3955,"column":5}},"632":{"start":{"line":3943,"column":6},"end":{"line":3953,"column":9}},"633":{"start":{"line":3947,"column":45},"end":{"line":3947,"column":58}},"634":{"start":{"line":3959,"column":4},"end":{"line":3969,"column":7}},"635":{"start":{"line":3971,"column":4},"end":{"line":3979,"column":7}},"636":{"start":{"line":3983,"column":4},"end":{"line":3983,"column":48}},"637":{"start":{"line":3985,"column":4},"end":{"line":3985,"column":49}},"638":{"start":{"line":3987,"column":4},"end":{"line":3987,"column":45}},"639":{"start":{"line":3989,"column":4},"end":{"line":3995,"column":7}},"640":{"start":{"line":4003,"column":0},"end":{"line":4143,"column":2}},"641":{"start":{"line":4005,"column":2},"end":{"line":4141,"column":3}},"642":{"start":{"line":4007,"column":25},"end":{"line":4007,"column":35}},"643":{"start":{"line":4009,"column":20},"end":{"line":4009,"column":32}},"644":{"start":{"line":4011,"column":22},"end":{"line":4011,"column":36}},"645":{"start":{"line":4015,"column":19},"end":{"line":4015,"column":50}},"646":{"start":{"line":4017,"column":4},"end":{"line":4017,"column":78}},"647":{"start":{"line":4017,"column":17},"end":{"line":4017,"column":78}},"648":{"start":{"line":4021,"column":4},"end":{"line":4037,"column":5}},"649":{"start":{"line":4023,"column":6},"end":{"line":4027,"column":7}},"650":{"start":{"line":4025,"column":8},"end":{"line":4025,"column":100}},"651":{"start":{"line":4031,"column":6},"end":{"line":4035,"column":7}},"652":{"start":{"line":4033,"column":8},"end":{"line":4033,"column":84}},"653":{"start":{"line":4041,"column":4},"end":{"line":4047,"column":65}},"654":{"start":{"line":4043,"column":6},"end":{"line":4047,"column":65}},"655":{"start":{"line":4049,"column":4},"end":{"line":4051,"column":75}},"656":{"start":{"line":4051,"column":6},"end":{"line":4051,"column":75}},"657":{"start":{"line":4055,"column":4},"end":{"line":4055,"column":35}},"658":{"start":{"line":4057,"column":4},"end":{"line":4057,"column":24}},"659":{"start":{"line":4061,"column":25},"end":{"line":4089,"column":5}},"660":{"start":{"line":4093,"column":21},"end":{"line":4103,"column":6}},"661":{"start":{"line":4107,"column":4},"end":{"line":4117,"column":7}},"662":{"start":{"line":4121,"column":4},"end":{"line":4133,"column":9}},"663":{"start":{"line":4137,"column":4},"end":{"line":4137,"column":23}},"664":{"start":{"line":4139,"column":4},"end":{"line":4139,"column":54}},"665":{"start":{"line":4147,"column":0},"end":{"line":4621,"column":2}},"666":{"start":{"line":4149,"column":18},"end":{"line":4149,"column":47}},"667":{"start":{"line":4151,"column":2},"end":{"line":4151,"column":29}},"668":{"start":{"line":4155,"column":2},"end":{"line":4619,"column":3}},"669":{"start":{"line":4157,"column":25},"end":{"line":4157,"column":35}},"670":{"start":{"line":4159,"column":19},"en
[...]
4},"72":{"loc":{"start":{"line":486,"column":21},"end":{"line":486,"column":39}},"type":"binary-expr","locations":[{"start":{"line":486,"column":21},"end":{"line":486,"column":28}},{"start":{"line":486,"column":32},"end":{"line":486,"column":39}}],"line":486},"73":{"loc":{"start":{"line":492,"column":4},"end":{"line":494,"column":5}},"type":"if","locations":[{"start":{"line":492,"column":4},"end":{"line":494,"column":5}},{"start":{},"end":{}}],"line":492},"74":{"loc":{"start":{"line":496,"column":4},"end":{"line":496,"column":56}},"type":"if","locations":[{"start":{"line":496,"column":4},"end":{"line":496,"column":56}},{"start":{},"end":{}}],"line":496},"75":{"loc":{"start":{"line":499,"column":4},"end":{"line":499,"column":55}},"type":"if","locations":[{"start":{"line":499,"column":4},"end":{"line":499,"column":55}},{"start":{},"end":{}}],"line":499},"76":{"loc":{"start":{"line":502,"column":4},"end":{"line":502,"column":43}},"type":"if","locations":[{"start":{"line":502,"column":4},"end":{"line":502,"column":43}},{"start":{},"end":{}}],"line":502},"77":{"loc":{"start":{"line":510,"column":20},"end":{"line":510,"column":62}},"type":"binary-expr","locations":[{"start":{"line":510,"column":20},"end":{"line":510,"column":27}},{"start":{"line":510,"column":32},"end":{"line":510,"column":61}}],"line":510},"78":{"loc":{"start":{"line":514,"column":4},"end":{"line":514,"column":49}},"type":"if","locations":[{"start":{"line":514,"column":4},"end":{"line":514,"column":49}},{"start":{},"end":{}}],"line":514},"79":{"loc":{"start":{"line":517,"column":4},"end":{"line":519,"column":5}},"type":"if","locations":[{"start":{"line":517,"column":4},"end":{"line":519,"column":5}},{"start":{},"end":{}}],"line":517},"80":{"loc":{"start":{"line":523,"column":4},"end":{"line":526,"column":5}},"type":"if","locations":[{"start":{"line":523,"column":4},"end":{"line":526,"column":5}},{"start":{},"end":{}}],"line":523},"81":{"loc":{"start":{"line":524,"column":6},"end":{"line":524,"column":58}},"type":"if","locations":[{"start":{"line":524,"column":6},"end":{"line":524,"column":58}},{"start":{},"end":{}}],"line":524},"82":{"loc":{"start":{"line":528,"column":4},"end":{"line":530,"column":5}},"type":"if","locations":[{"start":{"line":528,"column":4},"end":{"line":530,"column":5}},{"start":{},"end":{}}],"line":528},"83":{"loc":{"start":{"line":541,"column":22},"end":{"line":541,"column":54}},"type":"binary-expr","locations":[{"start":{"line":541,"column":22},"end":{"line":541,"column":32}},{"start":{"line":541,"column":36},"end":{"line":541,"column":54}}],"line":541},"84":{"loc":{"start":{"line":545,"column":20},"end":{"line":545,"column":39}},"type":"binary-expr","locations":[{"start":{"line":545,"column":20},"end":{"line":545,"column":33}},{"start":{"line":545,"column":37},"end":{"line":545,"column":39}}],"line":545},"85":{"loc":{"start":{"line":546,"column":26},"end":{"line":546,"column":86}},"type":"cond-expr","locations":[{"start":{"line":546,"column":63},"end":{"line":546,"column":81}},{"start":{"line":546,"column":84},"end":{"line":546,"column":86}}],"line":546},"86":{"loc":{"start":{"line":547,"column":26},"end":{"line":547,"column":51}},"type":"binary-expr","locations":[{"start":{"line":547,"column":26},"end":{"line":547,"column":45}},{"start":{"line":547,"column":49},"end":{"line":547,"column":51}}],"line":547},"87":{"loc":{"start":{"line":550,"column":21},"end":{"line":550,"column":52}},"type":"binary-expr","locations":[{"start":{"line":550,"column":21},"end":{"line":550,"column":38}},{"start":{"line":550,"column":42},"end":{"line":550,"column":52}}],"line":550},"88":{"loc":{"start":{"line":552,"column":21},"end":{"line":552,"column":39}},"type":"binary-expr","locations":[{"start":{"line":552,"column":21},"end":{"line":552,"column":28}},{"start":{"line":552,"column":32},"end":{"line":552,"column":39}}],"line":552},"89":{"loc":{"start":{"line":558,"column":4},"end":{"line":560,"column":5}},"type":"if","locations":[{"start":{"line":558,"column":4},"end":{"line":560,"column":5}},{"start":{},"end":{}}],"line":558},"90":{"loc":{"start":{"line":562,"column":4},"end":{"line":562,"column":56}},"type":"if","locations":[{"start":{"line":562,"column":4},"end":{"line":562,"column":56}},{"start":{},"end":{}}],"line":562},"91":{"loc":{"start":{"line":565,"column":4},"end":{"line":565,"column":55}},"type":"if","locations":[{"start":{"line":565,"column":4},"end":{"line":565,"column":55}},{"start":{},"end":{}}],"line":565},"92":{"loc":{"start":{"line":568,"column":4},"end":{"line":568,"column":43}},"type":"if","locations":[{"start":{"line":568,"column":4},"end":{"line":568,"column":43}},{"start":{},"end":{}}],"line":568},"93":{"loc":{"start":{"line":576,"column":2},"end":{"line":578,"column":3}},"type":"if","locations":[{"start":{"line":576,"column":2},"end":{"line":578,"column":3}},{"start":{},"end":{}}],"line":576},"94":{"loc":{"start":{"line":576,"column":6},"end":{"line":576,"column":88}},"type":"binary-expr","locations":[{"start":{"line":576,"column":6},"end":{"line":576,"column":22}},{"start":{"line":576,"column":26},"end":{"line":576,"column":88}}],"line":576},"95":{"loc":{"start":{"line":585,"column":4},"end":{"line":587,"column":5}},"type":"if","locations":[{"start":{"line":585,"column":4},"end":{"line":587,"column":5}},{"start":{},"end":{}}],"line":585},"96":{"loc":{"start":{"line":591,"column":4},"end":{"line":594,"column":5}},"type":"if","locations":[{"start":{"line":591,"column":4},"end":{"line":594,"column":5}},{"start":{},"end":{}}],"line":591},"97":{"loc":{"start":{"line":596,"column":4},"end":{"line":598,"column":5}},"type":"if","locations":[{"start":{"line":596,"column":4},"end":{"line":598,"column":5}},{"start":{},"end":{}}],"line":596},"98":{"loc":{"start":{"line":609,"column":22},"end":{"line":609,"column":54}},"type":"binary-expr","locations":[{"start":{"line":609,"column":22},"end":{"line":609,"column":32}},{"start":{"line":609,"column":36},"end":{"line":609,"column":54}}],"line":609},"99":{"loc":{"start":{"line":612,"column":20},"end":{"line":612,"column":40}},"type":"binary-expr","locations":[{"start":{"line":612,"column":20},"end":{"line":612,"column":34}},{"start":{"line":612,"column":38},"end":{"line":612,"column":40}}],"line":612},"100":{"loc":{"start":{"line":613,"column":26},"end":{"line":613,"column":89}},"type":"cond-expr","locations":[{"start":{"line":613,"column":64},"end":{"line":613,"column":84}},{"start":{"line":613,"column":87},"end":{"line":613,"column":89}}],"line":613},"101":{"loc":{"start":{"line":614,"column":26},"end":{"line":614,"column":52}},"type":"binary-expr","locations":[{"start":{"line":614,"column":26},"end":{"line":614,"column":46}},{"start":{"line":614,"column":50},"end":{"line":614,"column":52}}],"line":614},"102":{"loc":{"start":{"line":616,"column":21},"end":{"line":616,"column":52}},"type":"binary-expr","locations":[{"start":{"line":616,"column":21},"end":{"line":616,"column":38}},{"start":{"line":616,"column":42},"end":{"line":616,"column":52}}],"line":616},"103":{"loc":{"start":{"line":618,"column":21},"end":{"line":618,"column":39}},"type":"binary-expr","locations":[{"start":{"line":618,"column":21},"end":{"line":618,"column":28}},{"start":{"line":618,"column":32},"end":{"line":618,"column":39}}],"line":618},"104":{"loc":{"start":{"line":624,"column":4},"end":{"line":626,"column":5}},"type":"if","locations":[{"start":{"line":624,"column":4},"end":{"line":626,"column":5}},{"start":{},"end":{}}],"line":624},"105":{"loc":{"start":{"line":629,"column":4},"end":{"line":631,"column":5}},"type":"if","locations":[{"start":{"line":629,"column":4},"end":{"line":631,"column":5}},{"start":{},"end":{}}],"line":629},"106":{"loc":{"start":{"line":642,"column":62},"end":{"line":642,"column":86}},"type":"binary-expr","locations":[{"start":{"line":642,"column":62},"end":{"line":642,"column":80}},{"start":{"line":642,"column":84},"end":{"line":642,"column":86}}],"line":642},"107":{"loc":{"start":{"line":643,"column":4},"end":{"line":654,"column":5}},"type":"if","locations":[{"start":{"line":643,"column":4},"end":{"line":654,"column":5}},{"start":{},"end":{}}],"line":643},"108":{"loc":{"start":{"line":672,"column":12},"end":{"line":672,"column":32}},"type":"binary-expr","locations":[{"start":{"line":672,"column":12},"end":{"line":672,"column":26}},{"start":{"line":672,"column":30},"end":{"line":672,"column":32}}],"line":672},"109":{"loc":{"start":{"line":673,"column":12},"end":{"line":673,"column":38}},"type":"binary-expr","locations":[{"start":{"line":673,"column":12},"end":{"line":673,"column":32}},{"start":{"line":673,"column":36},"end":{"line":673,"column":38}}],"line":673},"110":{"loc":{"start":{"line":677,"column":18},"end":{"line":677,"column":81}},"type":"cond-expr","locations":[{"start":{"line":677,"column":56},"end":{"line":677,"column":76}},{"start":{"line":677,"column":79},"end":{"line":677,"column":81}}],"line":677},"111":{"loc":{"start":{"line":702,"column":4},"end":{"line":704,"column":5}},"type":"if","locations":[{"start":{"line":702,"column":4},"end":{"line":704,"column":5}},{"start":{},"end":{}}],"line":702},"112":{"loc":{"start":{"line":706,"column":4},"end":{"line":712,"column":5}},"type":"if","locations":[{"start":{"line":706,"column":4},"end":{"line":712,"column":5}},{"start":{},"end":{}}],"line":706},"113":{"loc":{"start":{"line":721,"column":4},"end":{"line":723,"column":5}},"type":"if","locations":[{"start":{"line":721,"column":4},"end":{"line":723,"column":5}},{"start":{},"end":{}}],"line":721},"114":{"loc":{"start":{"line":759,"column":21},"end":{"line":759,"column":39}},"type":"binary-expr","locations":[{"start":{"line":759,"column":21},"end":{"line":759,"column":28}},{"start":{"line":759,"column":32},"end":{"line":759,"column":39}}],"line":759},"115":{"loc":{"start":{"line":760,"column":21},"end":{"line":760,"column":39}},"type":"binary-expr","locations":[{"start":{"line":760,"column":21},"end":{"line":760,"column":28}},{"start":{"line":760,"column":32},"end":{"line":760,"column":39}}],"line":760},"116":{"loc":{"start":{"line":784,"column":4},"end":{"line":786,"column":5}},"type":"if","locations":[{"start":{"line":784,"column":4},"end":{"line":786,"column":5}},{"start":{},"end":{}}],"line":784},"117":{"loc":{"start":{"line":788,"column":4},"end":{"line":794,"column":5}},"type":"if","locations":[{"start":{"line":788,"column":4},"end":{"line":794,"column":5}},{"start":{},"end":{}}],"line":788},"118":{"loc":{"start":{"line":801,"column":4},"end":{"line":804,"column":5}},"type":"if","locations":[{"start":{"line":801,"column":4},"end":{"line":804,"column":5}},{"start":{},"end":{}}],"line":801},"119":{"loc":{"start":{"line":808,"column":24},"end":{"line":808,"column":77}},"type":"binary-expr","locations":[{"start":{"line":808,"column":24},"end":{"line":808,"column":30}},{"start":{"line":808,"column":34},"end":{"line":808,"column":77}}],"line":808},"120":{"loc":{"start":{"line":810,"column":24},"end":{"line":810,"column":55}},"type":"binary-expr","locations":[{"start":{"line":810,"column":24},"end":{"line":810,"column":41}},{"start":{"line":810,"column":45},"end":{"line":810,"column":55}}],"line":810}},"s":{"0":1,"1":1,"2":1,"3":1,"4":1,"5":1,"6":0,"7":0,"8":0,"9":0,"10":1,"11":1,"12":0,"13":0,"14":0,"15":0,"16":0,"17":1,"18":0,"19":0,"20":0,"21":0,"22":0,"23":1,"24":0,"25":0,"26":0,"27":0,"28":0,"29":0,"30":0,"31":0,"32":0,"33":0,"34":1,"35":0,"36":0,"37":1,"38":0,"39":0,"40":0,"41":0,"42":1,"43":0,"44":0,"45":1,"46":0,"47":0,"48":0,"49":0,"50":0,"51":1,"52":0,"53":0,"54":0,"55":0,"56":0,"57":0,"58":0,"59":0,"60":0,"61":0,"62":0,"63":0,"64":0,"65":0,"66":0,"67":0,"68":0,"69":0,"70":0,"71":1,"72":0,"73":0,"74":1,"75":0,"76":0,"77":0,"78":0,"79":1,"80":0,"81":0,"82":0,"83":0,"84":0,"85":0,"86":0,"87":0,"88":0,"89":0,"90":0,"91":0,"92":0,"93":0,"94":0,"95":0,"96":0,"97":0,"98":0,"99":0,"100":0,"101":0,"102":0,"103":0,"104":0,"105":0,"106":1,"107":0,"108":0,"109":1,"110":0,"111":0,"112":0,"113":0,"114":0,"115":1,"116":0,"117":0,"118":0,"119":0,"120":0,"121":0,"122":0,"123":0,"124":0,"125":0,"126":0,"127":0,"128":0,"129":0,"130":0,"131":0,"132":0,"133":0,"134":0,"135":0,"136":0,"137":0,"138":0,"139":0,"140":0,"141":0,"142":0,"143":0,"144":1,"145":0,"146":0,"147":0,"148":0,"149":0,"150":0,"151":0,"152":0,"153":0,"154":0,"155":0,"156":0,"157":0,"158":0,"159":0,"160":0,"161":0,"162":0,"163":0,"164":0,"165":1,"166":0,"167":0,"168":0,"169":0,"170":0,"171":0,"172":0,"173":0,"174":0,"175":0,"176":0,"177":0,"178":0,"179":0,"180":0,"181":0,"182":0,"183":0,"184":0,"185":0,"186":0,"187":0,"188":0,"189":0,"190":0,"191":0,"192":0,"193":0,"194":1,"195":0,"196":0,"197":0,"198":0,"199":0,"200":0,"201":0,"202":0,"203":0,"204":0,"205":0,"206":0,"207":0,"208":0,"209":0,"210":0,"211":0,"212":0,"213":0,"214":0,"215":0,"216":0,"217":0,"218":0,"219":0,"220":0,"221":0,"222":0,"223":1,"224":0,"225":0,"226":0,"227":0,"228":0,"229":0,"230":0,"231":0,"232":0,"233":0,"234":0,"235":0,"236":0,"237":0,"238":0,"239":0,"240":0,"241":0,"242":0,"243":0,"244":0,"245":0,"246":0,"247":0,"248":0,"249":0,"250":0,"251":0,"252":0,"253":0,"254":0,"255":0,"256":0,"257":0,"258":0,"259":0,"260":0,"261":0,"262":0,"263":0,"264":0,"265":0,"266":0,"267":0,"268":1,"269":0,"270":0,"271":0,"272":0,"273":0,"274":0,"275":0,"276":0,"277":0,"278":0,"279":0,"280":0,"281":0,"282":0,"283":0,"284":0,"285":0,"286":0,"287":0,"288":0,"289":0,"290":1,"291":0,"292":0,"293":0,"294":0,"295":0,"296":0,"297":0,"298":0,"299":0,"300":0,"301":0,"302":0,"303":0,"304":0,"305":0,"306":0,"307":0,"308":0,"309":0,"310":0,"311":0,"312":0,"313":0,"314":0,"315":0,"316":1},"f":{"0":0,"1":0,"2":0,"3":0,"4":0,"5":0,"6":0,"7":0,"8":0,"9":0,"10":0,"11":0,"12":0,"13":0,"14":0,"15":0,"16":0,"17":0,"18":0,"19":0,"20":0,"21":0,"22":0,"23":0,"24":0,"25":0,"26":0,"27":0,"28":0,"29":0,"30":0},"b":{"0":[0],"1":[0],"2":[0,0],"3":[0,0],"4":[0,0],"5":[0,0,0,0,0,0,0,0],"6":[0,0,0,0,0,0,0,0,0],"7":[0,0],"8":[0,0],"9":[0,0],"10":[0,0],"11":[0,0],"12":[0,0],"13":[0,0],"14":[0,0],"15":[0,0],"16":[0,0],"17":[0,0,0],"18":[0,0],"19":[0,0,0],"20":[0,0],"21":[0,0],"22":[0,0],"23":[0,0],"24":[0,0,0],"25":[0,0],"26":[0,0],"27":[0,0],"28":[0,0],"29":[0,0],"30":[0,0],"31":[0,0],"32":[0,0],"33":[0,0],"34":[0,0],"35":[0,0],"36":[0,0],"37":[0,0,0],"38":[0,0,0],"39":[0,0,0],"40":[0,0],"41":[0,0],"42":[0,0],"43":[0,0],"44":[0,0],"45":[0,0],"46":[0,0],"47":[0,0],"48":[0,0],"49":[0,0],"50":[0,0],"51":[0,0],"52":[0,0],"53":[0,0],"54":[0,0],"55":[0,0,0],"56":[0,0],"57":[0,0],"58":[0,0,0],"59":[0,0],"60":[0,0],"61":[0,0],"62":[0,0],"63":[0,0],"64":[0,0],"65":[0,0],"66":[0,0],"67":[0,0],"68":[0,0],"69":[0,0],"70":[0,0],"71":[0,0],"72":[0,0],"73":[0,0],"74":[0,0],"75":[0,0],"76":[0,0],"77":[0,0],"78":[0,0],"79":[0,0],"80":[0,0],"81":[0,0],"82":[0,0],"83":[0,0],"84":[0,0],"85":[0,0],"86":[0,0],"87":[0,0],"88":[0,0],"89":[0,0],"90":[0,0],"91":[0,0],"92":[0,0],"93":[0,0],"94":[0,0],"95":[0,0],"96":[0,0],"97":[0,0],"98":[0,0],"99":[0,0],"100":[0,0],"101":[0,0],"102":[0,0],"103":[0,0],"104":[0,0],"105":[0,0],"106":[0,0],"107":[0,0],"108":[0,0],"109":[0,0],"110":[0,0],"111":[0,0],"112":[0,0],"113":[0,0],"114":[0,0],"115":[0,0],"116":[0,0],"117":[0,0],"118":[0,0],"119":[0,0],"120":[0,0]},"_coverageSchema":"1a1c01bbd47fc00a2c39e90264f33305004495a9","hash":"501281f82cb8f1e9d761e5103eb5d58463dc83da"}
,"D:\\GearXpert\\gearxpertbe\\utils\\operationStaffSocket.js": {"path":"D:\\GearXpert\\gearxpertbe\\utils\\operationStaffSocket.js","statementMap":{"0":{"start":{"line":6,"column":13},"end":{"line":6,"column":30}},"1":{"start":{"line":8,"column":12},"end":{"line":8,"column":16}},"2":{"start":{"line":11,"column":2},"end":{"line":11,"column":13}},"3":{"start":{"line":15,"column":2},"end":{"line":15,"column":21}},"4":{"start":{"line":15,"column":14},"end":{"line":15,"column":21}},"5":{"start":{"line":16,"column":2},"end":{"line":23,"column":3}},"6":{"start":{"line":17,"column":4},"end":{"line":20,"column":7}},"7":{"start":{"line":22,"column":4},"end":{"line":22,"column":68}},"8":{"start":{"line":26,"column":0},"end":{"line":30,"column":2}}},"fnMap":{"0":{"name":"init","decl":{"start":{"line":10,"column":9},"end":{"line":10,"column":13}},"loc":{"start":{"line":10,"column":18},"end":{"line":12,"column":1}},"line":10},"1":{"name":"emitOperationStaffUpdate","decl":{"start":{"line":14,"column":9},"end":{"line":14,"column":33}},"loc":{"start":{"line":14,"column":48},"end":{"line":24,"column":1}},"line":14}},"branchMap":{"0":{"loc":{"start":{"line":14,"column":34},"end":{"line":14,"column":46}},"type":"default-arg","locations":[{"start":{"line":14,"column":44},"end":{"line":14,"column":46}}],"line":14},"1":{"loc":{"start":{"line":15,"column":2},"end":{"line":15,"column":21}},"type":"if","locations":[{"start":{"line":15,"column":2},"end":{"line":15,"column":21}},{"start":{},"end":{}}],"line":15}},"s":{"0":1,"1":1,"2":0,"3":0,"4":0,"5":0,"6":0,"7":0,"8":1},"f":{"0":0,"1":0},"b":{"0":[0],"1":[0,0]},"_coverageSchema":"1a1c01bbd47fc00a2c39e90264f33305004495a9","hash":"71f9e467a7daf959e0cd942393f242183a436e25"}
,"D:\\GearXpert\\gearxpertbe\\utils\\socketUser.js": {"path":"D:\\GearXpert\\gearxpertbe\\utils\\socketUser.js","statementMap":{"0":{"start":{"line":1,"column":12},"end":{"line":1,"column":14}},"1":{"start":{"line":4,"column":16},"end":{"line":11,"column":1}},"2":{"start":{"line":5,"column":19},"end":{"line":5,"column":63}},"3":{"start":{"line":5,"column":40},"end":{"line":5,"column":62}},"4":{"start":{"line":6,"column":2},"end":{"line":10,"column":3}},"5":{"start":{"line":7,"column":4},"end":{"line":7,"column":33}},"6":{"start":{"line":9,"column":4},"end":{"line":9,"column":37}},"7":{"start":{"line":14,"column":19},"end":{"line":16,"column":1}},"8":{"start":{"line":15,"column":2},"end":{"line":15,"column":61}},"9":{"start":{"line":15,"column":33},"end":{"line":15,"column":59}},"10":{"start":{"line":19,"column":16},"end":{"line":21,"column":1}},"11":{"start":{"line":20,"column":2},"end":{"line":20,"column":54}},"12":{"start":{"line":20,"column":30},"end":{"line":20,"column":52}},"13":{"start":{"line":24,"column":17},"end":{"line":24,"column":28}},"14":{"start":{"line":24,"column":23},"end":{"line":24,"column":28}},"15":{"start":{"line":26,"column":0},"end":{"line":31,"column":2}}},"fnMap":{"0":{"name":"(anonymous_0)","decl":{"start":{"line":4,"column":16},"end":{"line":4,"column":17}},"loc":{"start":{"line":4,"column":38},"end":{"line":11,"column":1}},"line":4},"1":{"name":"(anonymous_1)","decl":{"start":{"line":5,"column":30},"end":{"line":5,"column":31}},"loc":{"start":{"line":5,"column":40},"end":{"line":5,"column":62}},"line":5},"2":{"name":"(anonymous_2)","decl":{"start":{"line":14,"column":19},"end":{"line":14,"column":20}},"loc":{"start":{"line":14,"column":33},"end":{"line":16,"column":1}},"line":14},"3":{"name":"(anonymous_3)","decl":{"start":{"line":15,"column":23},"end":{"line":15,"column":24}},"loc":{"start":{"line":15,"column":33},"end":{"line":15,"column":59}},"line":15},"4":{"name":"(anonymous_4)","decl":{"start":{"line":19,"column":16},"end":{"line":19,"column":17}},"loc":{"start":{"line":19,"column":28},"end":{"line":21,"column":1}},"line":19},"5":{"name":"(anonymous_5)","decl":{"start":{"line":20,"column":20},"end":{"line":20,"column":21}},"loc":{"start":{"line":20,"column":30},"end":{"line":20,"column":52}},"line":20},"6":{"name":"(anonymous_6)","decl":{"start":{"line":24,"column":17},"end":{"line":24,"column":18}},"loc":{"start":{"line":24,"column":23},"end":{"line":24,"column":28}},"line":24}},"branchMap":{"0":{"loc":{"start":{"line":6,"column":2},"end":{"line":10,"column":3}},"type":"if","locations":[{"start":{"line":6,"column":2},"end":{"line":10,"column":3}},{"start":{"line":8,"column":9},"end":{"line":10,"column":3}}],"line":6}},"s":{"0":1,"1":1,"2":0,"3":0,"4":0,"5":0,"6":0,"7":1,"8":0,"9":0,"10":1,"11":0,"12":0,"13":1,"14":0,"15":1},"f":{"0":0,"1":0,"2":0,"3":0,"4":0,"5":0,"6":0},"b":{"0":[0,0]},"_coverageSchema":"1a1c01bbd47fc00a2c39e90264f33305004495a9","hash":"bc6022b782930dc23f8f2f99b897e83c6ab978cc"}
}
