TN:
SF:controllers\Auth\AuthController.js
FN:12,(anonymous_0)
FN:72,(anonymous_1)
FN:74,(anonymous_2)
FN:75,(anonymous_3)
FN:129,(anonymous_4)
FN:133,(anonymous_5)
FN:135,(anonymous_6)
FN:167,(anonymous_7)
FN:187,(anonymous_8)
FN:240,(anonymous_9)
FN:268,(anonymous_10)
FN:319,(anonymous_11)
FN:332,(anonymous_12)
FN:366,(anonymous_13)
FN:368,(anonymous_14)
FN:369,(anonymous_15)
FNF:16
FNH:14
FNDA:6,(anonymous_0)
FNDA:9,(anonymous_1)
FNDA:9,(anonymous_2)
FNDA:9,(anonymous_3)
FNDA:1,(anonymous_4)
FNDA:0,(anonymous_5)
FNDA:0,(anonymous_6)
FNDA:3,(anonymous_7)
FNDA:4,(anonymous_8)
FNDA:4,(anonymous_9)
FNDA:5,(anonymous_10)
FNDA:2,(anonymous_11)
FNDA:2,(anonymous_12)
FNDA:4,(anonymous_13)
FNDA:4,(anonymous_14)
FNDA:4,(anonymous_15)
DA:1,1
DA:2,1
DA:3,1
DA:4,1
DA:5,1
DA:7,1
DA:8,1
DA:9,1
DA:10,1
DA:12,1
DA:13,6
DA:14,6
DA:16,6
DA:17,5
DA:19,4
DA:20,1
DA:26,3
DA:27,3
DA:28,1
DA:31,2
DA:37,2
DA:38,2
DA:41,2
DA:42,2
DA:43,1
DA:45,2
DA:46,2
DA:67,1
DA:68,1
DA:72,1
DA:73,9
DA:74,9
DA:75,9
DA:76,9
DA:77,9
DA:78,1
DA:79,1
DA:82,8
DA:83,8
DA:85,8
DA:86,1
DA:87,1
DA:90,7
DA:91,1
DA:92,1
DA:95,6
DA:96,6
DA:97,1
DA:101,1
DA:104,5
DA:105,5
DA:106,1
DA:107,1
DA:110,4
DA:116,4
DA:119,3
DA:122,1
DA:123,1
DA:125,1
DA:128,1
DA:130,1
DA:131,0
DA:133,0
DA:135,1
DA:136,0
DA:137,0
DA:138,0
DA:139,0
DA:140,0
DA:143,0
DA:147,1
DA:152,1
DA:154,3
DA:155,3
DA:156,3
DA:161,0
DA:162,0
DA:167,1
DA:168,3
DA:169,3
DA:170,3
DA:171,2
DA:173,1
DA:174,1
DA:176,1
DA:177,1
DA:179,1
DA:181,1
DA:187,1
DA:188,4
DA:189,4
DA:190,4
DA:192,4
DA:193,1
DA:197,3
DA:198,3
DA:199,1
DA:202,2
DA:203,2
DA:204,1
DA:208,1
DA:211,1
DA:214,1
DA:221,1
DA:222,1
DA:224,1
DA:233,0
DA:234,0
DA:240,1
DA:241,4
DA:242,4
DA:243,4
DA:244,4
DA:246,3
DA:247,3
DA:249,2
DA:251,2
DA:252,2
DA:253,1
DA:259,1
DA:260,1
DA:262,1
DA:264,0
DA:268,1
DA:269,5
DA:270,5
DA:271,5
DA:274,5
DA:275,1
DA:278,4
DA:279,1
DA:283,3
DA:284,3
DA:285,1
DA:289,2
DA:290,2
DA:291,1
DA:295,1
DA:296,1
DA:297,0
DA:301,1
DA:302,1
DA:303,0
DA:309,1
DA:310,1
DA:312,1
DA:314,0
DA:315,0
DA:319,1
DA:320,2
DA:321,2
DA:322,2
DA:323,2
DA:325,1
DA:326,1
DA:328,0
DA:332,1
DA:333,2
DA:334,2
DA:335,2
DA:336,2
DA:339,1
DA:340,1
DA:342,1
DA:362,0
DA:366,1
DA:367,4
DA:368,4
DA:369,4
DA:370,4
DA:371,4
DA:372,1
DA:373,1
DA:376,3
DA:377,3
DA:378,3
DA:380,3
DA:381,2
DA:382,1
DA:383,1
DA:387,1
DA:388,1
DA:389,1
DA:392,1
DA:393,1
DA:401,1
DA:404,1
DA:405,1
DA:407,1
DA:426,1
DA:428,1
DA:429,1
DA:430,1
DA:435,0
DA:436,0
DA:440,1
LF:196
LH:175
BRDA:17,0,0,1
BRDA:17,0,1,4
BRDA:19,1,0,1
BRDA:19,1,1,3
BRDA:27,2,0,1
BRDA:27,2,1,2
BRDA:42,3,0,1
BRDA:42,3,1,1
BRDA:45,4,0,1
BRDA:45,4,1,1
BRDA:77,5,0,1
BRDA:77,5,1,8
BRDA:83,6,0,0
BRDA:83,6,1,8
BRDA:85,7,0,1
BRDA:85,7,1,7
BRDA:85,8,0,8
BRDA:85,8,1,7
BRDA:85,8,2,7
BRDA:85,8,3,7
BRDA:90,9,0,1
BRDA:90,9,1,6
BRDA:96,10,0,1
BRDA:96,10,1,5
BRDA:105,11,0,1
BRDA:105,11,1,4
BRDA:112,12,0,4
BRDA:112,12,1,4
BRDA:130,13,0,1
BRDA:130,13,1,0
BRDA:138,14,0,0
BRDA:138,14,1,0
BRDA:138,15,0,0
BRDA:138,15,1,0
BRDA:171,16,0,1
BRDA:171,16,1,1
BRDA:192,17,0,1
BRDA:192,17,1,3
BRDA:198,18,0,1
BRDA:198,18,1,2
BRDA:203,19,0,1
BRDA:203,19,1,1
BRDA:244,20,0,1
BRDA:244,20,1,3
BRDA:247,21,0,1
BRDA:247,21,1,2
BRDA:249,22,0,0
BRDA:249,22,1,2
BRDA:252,23,0,1
BRDA:252,23,1,1
BRDA:274,24,0,1
BRDA:274,24,1,4
BRDA:274,25,0,5
BRDA:274,25,1,4
BRDA:278,26,0,1
BRDA:278,26,1,3
BRDA:284,27,0,1
BRDA:284,27,1,2
BRDA:284,28,0,3
BRDA:284,28,1,2
BRDA:284,28,2,2
BRDA:290,29,0,1
BRDA:290,29,1,1
BRDA:296,30,0,0
BRDA:296,30,1,1
BRDA:302,31,0,0
BRDA:302,31,1,1
BRDA:323,32,0,1
BRDA:323,32,1,1
BRDA:336,33,0,1
BRDA:336,33,1,1
BRDA:340,34,0,1
BRDA:340,34,1,0
BRDA:353,35,0,1
BRDA:353,35,1,1
BRDA:371,36,0,1
BRDA:371,36,1,3
BRDA:378,37,0,0
BRDA:378,37,1,3
BRDA:381,38,0,1
BRDA:381,38,1,1
BRDA:387,39,0,1
BRDA:387,39,1,0
BRDA:388,40,0,0
BRDA:388,40,1,1
BRDA:389,41,0,0
BRDA:389,41,1,1
BRDA:392,42,0,1
BRDA:392,42,1,0
BRDA:392,43,0,1
BRDA:392,43,1,0
BRDA:392,43,2,0
BRDA:394,44,0,1
BRDA:394,44,1,0
BRDA:394,44,2,0
BRDA:395,45,0,1
BRDA:395,45,1,1
BRDA:395,45,2,1
BRDA:396,46,0,1
BRDA:396,46,1,1
BRDA:396,46,2,1
BRDA:397,47,0,1
BRDA:397,47,1,0
BRDA:397,47,2,0
BRDA:397,48,0,1
BRDA:397,48,1,1
BRDA:397,48,2,1
BRDA:397,49,0,1
BRDA:397,49,1,1
BRDA:397,49,2,1
BRDA:405,50,0,1
BRDA:405,50,1,0
BRDA:418,51,0,1
BRDA:418,51,1,0
BRF:114
BRH:91
end_of_record
