TN:
SF:configs\NotificationConfig.js
FN:6,(anonymous_0)
FN:10,(anonymous_1)
FN:49,(anonymous_2)
FNF:3
FNH:0
FNDA:0,(anonymous_0)
FNDA:0,(anonymous_1)
FNDA:0,(anonymous_2)
DA:1,1
DA:2,1
DA:5,1
DA:7,0
DA:11,0
DA:12,0
DA:21,0
DA:23,0
DA:25,0
DA:28,0
DA:29,0
DA:42,0
DA:44,0
DA:50,0
DA:54,1
LF:15
LH:4
BRDA:10,0,0,0
BRDA:23,1,0,0
BRDA:23,1,1,0
BRDA:23,2,0,0
BRDA:23,2,1,0
BRDA:25,3,0,0
BRDA:25,3,1,0
BRDA:35,4,0,0
BRDA:35,4,1,0
BRDA:36,5,0,0
BRDA:36,5,1,0
BRF:11
BRH:0
end_of_record
TN:
SF:controllers\Cart\CartController.js
FN:14,(anonymous_0)
FN:76,(anonymous_1)
FN:76,(anonymous_2)
FN:110,(anonymous_3)
FN:199,(anonymous_4)
FN:283,(anonymous_5)
FN:307,(anonymous_6)
FN:327,(anonymous_7)
FN:408,(anonymous_8)
FNF:9
FNH:9
FNDA:5,(anonymous_0)
FNDA:4,(anonymous_1)
FNDA:6,(anonymous_2)
FNDA:9,(anonymous_3)
FNDA:3,(anonymous_4)
FNDA:3,(anonymous_5)
FNDA:2,(anonymous_6)
FNDA:2,(anonymous_7)
FNDA:6,(anonymous_8)
DA:1,1
DA:2,1
DA:3,1
DA:4,1
DA:6,1
DA:14,1
DA:15,5
DA:16,5
DA:18,5
DA:20,5
DA:32,4
DA:33,1
DA:36,3
DA:39,3
DA:40,5
DA:42,5
DA:43,0
DA:44,0
DA:48,5
DA:57,5
DA:62,5
DA:63,3
DA:67,3
DA:68,3
DA:69,2
DA:72,2
DA:75,2
DA:76,6
DA:80,1
DA:83,1
DA:94,2
DA:102,2
DA:103,2
DA:110,1
DA:111,9
DA:112,9
DA:114,9
DA:115,9
DA:116,8
DA:117,2
DA:120,6
DA:125,1
DA:130,5
DA:135,5
DA:136,1
DA:141,4
DA:142,4
DA:143,4
DA:144,1
DA:149,3
DA:151,3
DA:152,3
DA:153,1
DA:157,3
DA:164,3
DA:165,1
DA:166,1
DA:167,1
DA:172,2
DA:181,2
DA:182,2
DA:184,2
DA:188,1
DA:189,1
DA:199,1
DA:200,3
DA:201,3
DA:203,3
DA:205,3
DA:210,3
DA:212,3
DA:213,3
DA:214,1
DA:218,2
DA:219,1
DA:222,1
DA:228,1
DA:229,0
DA:236,1
DA:237,1
DA:238,1
DA:239,0
DA:244,1
DA:246,1
DA:248,1
DA:257,1
DA:258,1
DA:260,1
DA:269,1
DA:275,0
DA:276,0
DA:283,1
DA:284,3
DA:285,3
DA:287,3
DA:288,3
DA:289,2
DA:291,1
DA:292,1
DA:294,1
DA:295,1
DA:296,1
DA:298,1
DA:300,1
DA:307,1
DA:308,2
DA:309,2
DA:311,2
DA:312,2
DA:313,2
DA:315,1
DA:316,1
DA:318,1
DA:320,0
DA:327,1
DA:328,2
DA:329,2
DA:331,2
DA:332,0
DA:335,2
DA:336,2
DA:337,2
DA:338,2
DA:339,0
DA:343,2
DA:345,2
DA:346,2
DA:347,1
DA:350,2
DA:351,2
DA:353,2
DA:354,2
DA:355,2
DA:361,0
DA:362,0
DA:365,2
DA:370,2
DA:371,0
DA:372,0
DA:375,2
DA:384,2
DA:385,2
DA:388,2
DA:390,2
DA:398,0
DA:399,0
DA:408,1
DA:409,6
DA:410,6
DA:411,6
DA:413,6
DA:415,6
DA:416,5
DA:417,1
DA:421,4
DA:425,4
DA:426,0
DA:429,4
DA:430,4
DA:431,0
DA:434,4
DA:437,4
DA:438,3
DA:439,3
DA:441,3
DA:442,1
DA:448,2
DA:453,2
DA:454,1
DA:459,1
DA:460,1
DA:461,1
DA:466,1
DA:470,2
DA:471,2
DA:472,0
DA:475,2
DA:480,2
DA:481,0
DA:486,2
DA:487,2
DA:490,2
DA:491,0
DA:494,2
DA:497,2
DA:503,2
DA:509,1
DA:510,1
LF:188
LH:168
BRDA:16,0,0,5
BRDA:16,0,1,4
BRDA:32,1,0,1
BRDA:32,1,1,3
BRDA:32,2,0,4
BRDA:32,2,1,3
BRDA:42,3,0,0
BRDA:42,3,1,5
BRDA:57,4,0,5
BRDA:57,4,1,3
BRDA:57,4,2,3
BRDA:57,4,3,3
BRDA:62,5,0,3
BRDA:62,5,1,2
BRDA:68,6,0,2
BRDA:68,6,1,1
BRDA:97,7,0,1
BRDA:97,7,1,1
BRDA:112,8,0,0
BRDA:116,9,0,2
BRDA:116,9,1,6
BRDA:120,10,0,1
BRDA:120,10,1,5
BRDA:121,11,0,6
BRDA:121,11,1,5
BRDA:121,11,2,5
BRDA:135,12,0,1
BRDA:135,12,1,4
BRDA:143,13,0,1
BRDA:143,13,1,3
BRDA:152,14,0,1
BRDA:152,14,1,2
BRDA:164,15,0,1
BRDA:164,15,1,2
BRDA:201,16,0,2
BRDA:213,17,0,1
BRDA:213,17,1,2
BRDA:218,18,0,1
BRDA:218,18,1,1
BRDA:218,19,0,2
BRDA:218,19,1,1
BRDA:228,20,0,0
BRDA:228,20,1,1
BRDA:238,21,0,0
BRDA:238,21,1,1
BRDA:289,22,0,1
BRDA:289,22,1,1
BRDA:292,23,0,0
BRDA:292,23,1,1
BRDA:309,24,0,2
BRDA:309,24,1,0
BRDA:313,25,0,1
BRDA:313,25,1,1
BRDA:331,26,0,0
BRDA:331,26,1,2
BRDA:331,27,0,2
BRDA:331,27,1,2
BRDA:338,28,0,0
BRDA:338,28,1,2
BRDA:346,29,0,1
BRDA:346,29,1,1
BRDA:353,30,0,0
BRDA:355,31,0,0
BRDA:355,31,1,2
BRDA:356,32,0,2
BRDA:356,32,1,2
BRDA:356,32,2,2
BRDA:356,32,3,2
BRDA:370,33,0,0
BRDA:370,33,1,2
BRDA:416,34,0,1
BRDA:416,34,1,4
BRDA:425,35,0,0
BRDA:425,35,1,4
BRDA:430,36,0,0
BRDA:430,36,1,4
BRDA:430,37,0,4
BRDA:430,37,1,4
BRDA:437,38,0,3
BRDA:437,38,1,1
BRDA:437,39,0,4
BRDA:437,39,1,1
BRDA:438,40,0,3
BRDA:438,40,1,0
BRDA:439,41,0,3
BRDA:439,41,1,0
BRDA:441,42,0,1
BRDA:441,42,1,2
BRDA:453,43,0,1
BRDA:453,43,1,1
BRDA:470,44,0,2
BRDA:470,44,1,0
BRDA:471,45,0,0
BRDA:471,45,1,2
BRDA:480,46,0,0
BRDA:480,46,1,2
BRDA:490,47,0,0
BRDA:490,47,1,2
BRF:98
BRH:79
end_of_record
TN:
SF:controllers\Rental\RentalController.js
FN:77,(anonymous_0)
FN:95,(anonymous_1)
FN:155,(anonymous_2)
FN:173,(anonymous_3)
FN:181,(anonymous_4)
FN:189,(anonymous_5)
FN:321,(anonymous_6)
FN:357,(anonymous_7)
FN:465,(anonymous_8)
FN:511,(anonymous_9)
FN:513,(anonymous_10)
FN:579,(anonymous_11)
FN:1151,(anonymous_12)
FN:1221,(anonymous_13)
FN:1244,createContractForRental
FN:1290,(anonymous_15)
FN:1306,(anonymous_16)
FN:1412,(anonymous_17)
FN:1451,(anonymous_18)
FN:1473,(anonymous_19)
FN:1503,allocateDeviceItems
FN:1546,(anonymous_21)
FN:1556,(anonymous_22)
FN:1590,(anonymous_23)
FN:1602,(anonymous_24)
FN:1630,(anonymous_25)
FN:1666,(anonymous_26)
FN:1700,(anonymous_27)
FN:1736,(anonymous_28)
FN:1784,(anonymous_29)
FN:1810,(anonymous_30)
FN:1834,(anonymous_31)
FN:1880,(anonymous_32)
FN:2086,(anonymous_33)
FN:2114,(anonymous_34)
FN:2156,(anonymous_35)
FN:2206,(anonymous_36)
FN:2208,(anonymous_37)
FN:2252,(anonymous_38)
FN:2305,(anonymous_39)
FN:2519,(anonymous_40)
FN:2529,(anonymous_41)
FN:2535,(anonymous_42)
FN:2539,(anonymous_43)
FN:2543,(anonymous_44)
FN:2565,(anonymous_45)
FN:2583,(anonymous_46)
FN:2691,(anonymous_47)
FN:2719,(anonymous_48)
FN:2743,(anonymous_49)
FN:2763,(anonymous_50)
FN:2797,(anonymous_51)
FN:2817,(anonymous_52)
FN:2819,(anonymous_53)
FN:2829,(anonymous_54)
FN:2877,(anonymous_55)
FN:2887,(anonymous_56)
FN:2897,(anonymous_57)
FN:2911,(anonymous_58)
FN:3013,(anonymous_59)
FN:3085,(anonymous_60)
FN:3425,(anonymous_61)
FN:3535,(anonymous_62)
FN:3744,(anonymous_63)
FN:3909,(anonymous_64)
FN:3947,(anonymous_65)
FN:4003,(anonymous_66)
FN:4147,(anonymous_67)
FN:4623,(anonymous_68)
FN:4687,(anonymous_69)
FN:4733,(anonymous_70)
FN:4787,(anonymous_71)
FN:4855,(anonymous_72)
FN:4947,(anonymous_73)
FNF:74
FNH:3
FNDA:0,(anonymous_0)
FNDA:0,(anonymous_1)
FNDA:0,(anonymous_2)
FNDA:0,(anonymous_3)
FNDA:0,(anonymous_4)
FNDA:0,(anonymous_5)
FNDA:0,(anonymous_6)
FNDA:0,(anonymous_7)
FNDA:0,(anonymous_8)
FNDA:0,(anonymous_9)
FNDA:0,(anonymous_10)
FNDA:4,(anonymous_11)
FNDA:0,(anonymous_12)
FNDA:0,(anonymous_13)
FNDA:0,createContractForRental
FNDA:0,(anonymous_15)
FNDA:0,(anonymous_16)
FNDA:0,(anonymous_17)
FNDA:0,(anonymous_18)
FNDA:0,(anonymous_19)
FNDA:1,allocateDeviceItems
FNDA:1,(anonymous_21)
FNDA:0,(anonymous_22)
FNDA:0,(anonymous_23)
FNDA:0,(anonymous_24)
FNDA:0,(anonymous_25)
FNDA:0,(anonymous_26)
FNDA:0,(anonymous_27)
FNDA:0,(anonymous_28)
FNDA:0,(anonymous_29)
FNDA:0,(anonymous_30)
FNDA:0,(anonymous_31)
FNDA:0,(anonymous_32)
FNDA:0,(anonymous_33)
FNDA:0,(anonymous_34)
FNDA:0,(anonymous_35)
FNDA:0,(anonymous_36)
FNDA:0,(anonymous_37)
FNDA:0,(anonymous_38)
FNDA:0,(anonymous_39)
FNDA:0,(anonymous_40)
FNDA:0,(anonymous_41)
FNDA:0,(anonymous_42)
FNDA:0,(anonymous_43)
FNDA:0,(anonymous_44)
FNDA:0,(anonymous_45)
FNDA:0,(anonymous_46)
FNDA:0,(anonymous_47)
FNDA:0,(anonymous_48)
FNDA:0,(anonymous_49)
FNDA:0,(anonymous_50)
FNDA:0,(anonymous_51)
FNDA:0,(anonymous_52)
FNDA:0,(anonymous_53)
FNDA:0,(anonymous_54)
FNDA:0,(anonymous_55)
FNDA:0,(anonymous_56)
FNDA:0,(anonymous_57)
FNDA:0,(anonymous_58)
FNDA:0,(anonymous_59)
FNDA:0,(anonymous_60)
FNDA:0,(anonymous_61)
FNDA:0,(anonymous_62)
FNDA:0,(anonymous_63)
FNDA:0,(anonymous_64)
FNDA:0,(anonymous_65)
FNDA:0,(anonymous_66)
FNDA:0,(anonymous_67)
FNDA:0,(anonymous_68)
FNDA:0,(anonymous_69)
FNDA:0,(anonymous_70)
FNDA:0,(anonymous_71)
FNDA:0,(anonymous_72)
FNDA:0,(anonymous_73)
DA:1,1
DA:3,1
DA:5,1
DA:7,1
DA:9,1
DA:11,1
DA:13,1
DA:15,1
DA:17,1
DA:19,1
DA:21,1
DA:23,1
DA:25,1
DA:27,1
DA:29,1
DA:37,1
DA:49,1
DA:53,1
DA:57,1
DA:69,1
DA:71,1
DA:77,1
DA:79,0
DA:81,0
DA:83,0
DA:87,0
DA:95,1
DA:111,0
DA:115,0
DA:119,0
DA:123,0
DA:135,0
DA:155,1
DA:157,0
DA:159,0
DA:161,0
DA:165,0
DA:173,1
DA:175,0
DA:181,0
DA:189,1
DA:191,0
DA:195,0
DA:217,0
DA:219,0
DA:227,0
DA:229,0
DA:231,0
DA:239,0
DA:261,0
DA:277,0
DA:291,0
DA:301,0
DA:303,0
DA:321,1
DA:323,0
DA:325,0
DA:327,0
DA:329,0
DA:331,0
DA:333,0
DA:335,0
DA:337,0
DA:339,0
DA:343,0
DA:357,1
DA:359,0
DA:361,0
DA:363,0
DA:367,0
DA:369,0
DA:375,0
DA:411,0
DA:413,0
DA:427,0
DA:463,0
DA:467,0
DA:485,0
DA:503,0
DA:511,0
DA:513,0
DA:523,0
DA:535,0
DA:537,0
DA:539,0
DA:541,0
DA:543,0
DA:545,0
DA:553,0
DA:565,0
DA:567,0
DA:579,1
DA:581,4
DA:583,4
DA:585,4
DA:587,4
DA:591,4
DA:593,4
DA:611,4
DA:615,4
DA:633,4
DA:641,3
DA:647,2
DA:649,2
DA:651,2
DA:653,2
DA:657,2
DA:667,2
DA:669,1
DA:679,1
DA:681,1
DA:683,1
DA:697,1
DA:699,1
DA:703,1
DA:705,1
DA:707,1
DA:729,1
DA:735,1
DA:737,1
DA:739,0
DA:749,0
DA:757,0
DA:767,1
DA:769,1
DA:773,1
DA:775,1
DA:779,1
DA:783,1
DA:785,1
DA:787,0
DA:789,0
DA:795,0
DA:797,0
DA:807,0
DA:809,0
DA:823,1
DA:825,1
DA:827,1
DA:833,1
DA:837,1
DA:839,1
DA:843,1
DA:875,1
DA:877,1
DA:879,1
DA:881,1
DA:883,1
DA:893,1
DA:897,1
DA:905,1
DA:907,1
DA:911,1
DA:913,1
DA:919,1
DA:921,1
DA:929,0
DA:931,0
DA:933,0
DA:937,0
DA:971,0
DA:977,0
DA:979,0
DA:985,0
DA:987,0
DA:989,0
DA:993,0
DA:1025,0
DA:1027,0
DA:1033,0
DA:1035,0
DA:1051,0
DA:1053,0
DA:1063,0
DA:1065,0
DA:1073,0
DA:1075,0
DA:1077,0
DA:1133,0
DA:1135,0
DA:1145,0
DA:1151,0
DA:1177,0
DA:1183,0
DA:1187,0
DA:1203,0
DA:1205,0
DA:1207,0
DA:1208,0
DA:1210,0
DA:1221,0
DA:1222,0
DA:1224,0
DA:1225,0
DA:1226,0
DA:1227,0
DA:1229,0
DA:1232,0
DA:1245,0
DA:1248,0
DA:1250,0
DA:1252,0
DA:1254,0
DA:1256,0
DA:1258,0
DA:1260,0
DA:1263,0
DA:1266,0
DA:1274,0
DA:1287,0
DA:1290,0
DA:1292,0
DA:1306,0
DA:1313,0
DA:1345,0
DA:1368,0
DA:1370,0
DA:1388,0
DA:1410,0
DA:1412,0
DA:1416,0
DA:1418,0
DA:1424,0
DA:1426,0
DA:1428,0
DA:1430,0
DA:1434,0
DA:1450,0
DA:1451,0
DA:1455,0
DA:1461,0
DA:1463,0
DA:1473,0
DA:1485,4
DA:1487,4
DA:1489,4
DA:1493,4
DA:1505,1
DA:1519,1
DA:1521,0
DA:1533,1
DA:1535,1
DA:1537,1
DA:1546,1
DA:1556,1
DA:1558,0
DA:1560,0
DA:1562,0
DA:1568,0
DA:1578,0
DA:1582,0
DA:1590,1
DA:1592,0
DA:1594,0
DA:1596,0
DA:1598,0
DA:1600,0
DA:1602,0
DA:1606,0
DA:1608,0
DA:1610,0
DA:1616,0
DA:1628,0
DA:1632,0
DA:1638,0
DA:1652,0
DA:1656,0
DA:1658,0
DA:1666,1
DA:1668,0
DA:1670,0
DA:1674,0
DA:1676,0
DA:1688,0
DA:1698,0
DA:1702,0
DA:1712,0
DA:1730,0
DA:1732,0
DA:1736,0
DA:1748,0
DA:1754,0
DA:1770,0
DA:1774,0
DA:1776,0
DA:1784,1
DA:1786,0
DA:1788,0
DA:1790,0
DA:1792,0
DA:1798,0
DA:1808,0
DA:1814,0
DA:1832,0
DA:1834,0
DA:1836,0
DA:1842,0
DA:1850,0
DA:1866,0
DA:1870,0
DA:1872,0
DA:1880,1
DA:1882,0
DA:1884,0
DA:1888,0
DA:1890,0
DA:1892,0
DA:1898,0
DA:1900,0
DA:1904,0
DA:1906,0
DA:1908,0
DA:1914,0
DA:1916,0
DA:1922,0
DA:1924,0
DA:1930,0
DA:1938,0
DA:1944,0
DA:1978,0
DA:1980,0
DA:1986,0
DA:2022,0
DA:2024,0
DA:2030,0
DA:2034,0
DA:2052,0
DA:2066,0
DA:2068,0
DA:2078,0
DA:2086,1
DA:2088,0
DA:2090,0
DA:2094,0
DA:2112,0
DA:2116,0
DA:2154,0
DA:2158,0
DA:2176,0
DA:2194,0
DA:2206,0
DA:2208,0
DA:2218,0
DA:2232,0
DA:2236,0
DA:2238,0
DA:2252,1
DA:2254,0
DA:2256,0
DA:2258,0
DA:2260,0
DA:2262,0
DA:2264,0
DA:2266,0
DA:2270,0
DA:2272,0
DA:2275,0
DA:2289,0
DA:2293,0
DA:2295,0
DA:2305,1
DA:2307,0
DA:2309,0
DA:2313,0
DA:2315,0
DA:2317,0
DA:2321,0
DA:2325,0
DA:2327,0
DA:2331,0
DA:2333,0
DA:2339,0
DA:2341,0
DA:2347,0
DA:2349,0
DA:2351,0
DA:2353,0
DA:2357,0
DA:2361,0
DA:2365,0
DA:2387,0
DA:2393,0
DA:2395,0
DA:2397,0
DA:2407,0
DA:2417,0
DA:2419,0
DA:2425,0
DA:2427,0
DA:2429,0
DA:2431,0
DA:2435,0
DA:2475,0
DA:2477,0
DA:2483,0
DA:2487,0
DA:2499,0
DA:2501,0
DA:2503,0
DA:2513,0
DA:2519,1
DA:2521,0
DA:2529,1
DA:2531,0
DA:2535,1
DA:2539,1
DA:2541,0
DA:2543,1
DA:2545,0
DA:2565,1
DA:2567,0
DA:2575,0
DA:2583,1
DA:2585,0
DA:2587,0
DA:2589,0
DA:2591,0
DA:2597,0
DA:2599,0
DA:2603,0
DA:2607,0
DA:2615,0
DA:2623,0
DA:2633,0
DA:2645,0
DA:2659,0
DA:2669,0
DA:2677,0
DA:2681,0
DA:2689,0
DA:2691,0
DA:2693,0
DA:2699,0
DA:2719,0
DA:2729,0
DA:2731,0
DA:2743,0
DA:2745,0
DA:2747,0
DA:2749,0
DA:2763,0
DA:2765,0
DA:2767,0
DA:2797,0
DA:2799,0
DA:2801,0
DA:2803,0
DA:2817,0
DA:2819,0
DA:2821,0
DA:2823,0
DA:2825,0
DA:2829,0
DA:2831,0
DA:2839,0
DA:2841,0
DA:2843,0
DA:2845,0
DA:2847,0
DA:2857,0
DA:2875,0
DA:2877,0
DA:2887,0
DA:2897,0
DA:2911,0
DA:2923,0
DA:2997,0
DA:3013,0
DA:3043,0
DA:3073,0
DA:3075,0
DA:3085,1
DA:3087,0
DA:3089,0
DA:3093,0
DA:3095,0
DA:3097,0
DA:3103,0
DA:3113,0
DA:3115,0
DA:3121,0
DA:3123,0
DA:3129,0
DA:3135,0
DA:3137,0
DA:3143,0
DA:3145,0
DA:3147,0
DA:3149,0
DA:3153,0
DA:3195,0
DA:3197,0
DA:3203,0
DA:3205,0
DA:3207,0
DA:3209,0
DA:3213,0
DA:3259,0
DA:3265,0
DA:3267,0
DA:3269,0
DA:3281,0
DA:3291,0
DA:3319,0
DA:3333,0
DA:3351,0
DA:3355,0
DA:3357,0
DA:3369,0
DA:3375,0
DA:3377,0
DA:3387,0
DA:3393,0
DA:3403,0
DA:3405,0
DA:3407,0
DA:3417,0
DA:3425,1
DA:3427,0
DA:3429,0
DA:3431,0
DA:3433,0
DA:3435,0
DA:3437,0
DA:3441,0
DA:3443,0
DA:3449,0
DA:3451,0
DA:3457,0
DA:3459,0
DA:3465,0
DA:3467,0
DA:3473,0
DA:3475,0
DA:3477,0
DA:3481,0
DA:3495,0
DA:3509,0
DA:3511,0
DA:3515,0
DA:3517,0
DA:3521,0
DA:3527,1
DA:3535,1
DA:3537,0
DA:3539,0
DA:3543,0
DA:3545,0
DA:3547,0
DA:3548,0
DA:3552,0
DA:3560,0
DA:3564,0
DA:3566,0
DA:3574,0
DA:3576,0
DA:3578,0
DA:3580,0
DA:3586,0
DA:3588,0
DA:3592,0
DA:3594,0
DA:3596,0
DA:3602,0
DA:3604,0
DA:3606,0
DA:3612,0
DA:3614,0
DA:3620,0
DA:3628,0
DA:3630,0
DA:3638,0
DA:3672,0
DA:3686,0
DA:3708,0
DA:3712,0
DA:3724,0
DA:3726,0
DA:3728,0
DA:3738,0
DA:3744,1
DA:3746,0
DA:3748,0
DA:3750,0
DA:3754,0
DA:3756,0
DA:3758,0
DA:3764,0
DA:3766,0
DA:3776,0
DA:3778,0
DA:3788,0
DA:3790,0
DA:3800,0
DA:3802,0
DA:3804,0
DA:3810,0
DA:3812,0
DA:3826,0
DA:3828,0
DA:3830,0
DA:3832,0
DA:3835,0
DA:3837,0
DA:3839,0
DA:3843,0
DA:3862,0
DA:3879,0
DA:3893,0
DA:3909,0
DA:3923,0
DA:3927,0
DA:3939,0
DA:3941,0
DA:3943,0
DA:3947,0
DA:3959,0
DA:3971,0
DA:3983,0
DA:3985,0
DA:3987,0
DA:3989,0
DA:4003,1
DA:4005,0
DA:4007,0
DA:4009,0
DA:4011,0
DA:4015,0
DA:4017,0
DA:4021,0
DA:4023,0
DA:4025,0
DA:4031,0
DA:4033,0
DA:4041,0
DA:4043,0
DA:4049,0
DA:4051,0
DA:4055,0
DA:4057,0
DA:4061,0
DA:4093,0
DA:4107,0
DA:4121,0
DA:4137,0
DA:4139,0
DA:4147,1
DA:4149,0
DA:4151,0
DA:4155,0
DA:4157,0
DA:4159,0
DA:4161,0
DA:4163,0
DA:4167,0
DA:4171,0
DA:4173,0
DA:4175,0
DA:4179,0
DA:4181,0
DA:4189,0
DA:4191,0
DA:4197,0
DA:4199,0
DA:4201,0
DA:4203,0
DA:4207,0
DA:4225,0
DA:4227,0
DA:4229,0
DA:4231,0
DA:4233,0
DA:4239,0
DA:4243,0
DA:4245,0
DA:4247,0
DA:4251,0
DA:4291,0
DA:4293,0
DA:4299,0
DA:4301,0
DA:4303,0
DA:4305,0
DA:4309,0
DA:4349,0
DA:4351,0
DA:4355,0
DA:4357,0
DA:4361,0
DA:4363,0
DA:4369,0
DA:4371,0
DA:4377,0
DA:4439,0
DA:4441,0
DA:4443,0
DA:4445,0
DA:4451,0
DA:4465,0
DA:4471,0
DA:4473,0
DA:4475,0
DA:4477,0
DA:4493,0
DA:4541,0
DA:4555,0
DA:4573,0
DA:4577,0
DA:4591,0
DA:4605,0
DA:4607,0
DA:4609,0
DA:4617,0
DA:4623,1
DA:4625,0
DA:4627,0
DA:4631,0
DA:4633,0
DA:4635,0
DA:4641,0
DA:4655,0
DA:4657,0
DA:4663,0
DA:4665,0
DA:4671,0
DA:4673,0
DA:4687,0
DA:4695,0
DA:4701,0
DA:4721,0
DA:4723,0
DA:4731,0
DA:4733,0
DA:4743,0
DA:4747,0
DA:4767,0
DA:4769,0
DA:4771,0
DA:4781,0
DA:4787,1
DA:4789,0
DA:4791,0
DA:4795,0
DA:4797,0
DA:4799,0
DA:4805,0
DA:4815,0
DA:4817,0
DA:4825,0
DA:4827,0
DA:4829,0
DA:4843,0
DA:4845,0
DA:4853,0
DA:4855,0
DA:4873,0
DA:4877,0
DA:4879,0
DA:4881,0
DA:4891,0
DA:4897,0
DA:4899,0
DA:4909,0
DA:4917,0
DA:4927,0
DA:4929,0
DA:4931,0
DA:4941,0
DA:4947,1
DA:4949,0
DA:4951,0
DA:4955,0
DA:4957,0
DA:4959,0
DA:4965,0
DA:4979,0
DA:4981,0
DA:4989,0
DA:4991,0
DA:4997,0
DA:5003,0
DA:5019,0
DA:5021,0
DA:5031,0
DA:5043,0
DA:5047,0
DA:5067,0
DA:5069,0
DA:5071,0
DA:5081,0
LF:790
LH:119
BRDA:81,0,0,0
BRDA:81,0,1,0
BRDA:81,1,0,0
BRDA:81,1,1,0
BRDA:105,2,0,0
BRDA:111,3,0,0
BRDA:111,3,1,0
BRDA:115,4,0,0
BRDA:115,4,1,0
BRDA:119,5,0,0
BRDA:119,5,1,0
BRDA:123,6,0,0
BRDA:123,6,1,0
BRDA:127,7,0,0
BRDA:127,7,1,0
BRDA:157,8,0,0
BRDA:157,8,1,0
BRDA:175,9,0,0
BRDA:175,9,1,0
BRDA:179,10,0,0
BRDA:179,10,1,0
BRDA:217,11,0,0
BRDA:217,11,1,0
BRDA:229,12,0,0
BRDA:229,12,1,0
BRDA:323,13,0,0
BRDA:323,13,1,0
BRDA:333,14,0,0
BRDA:333,14,1,0
BRDA:367,15,0,0
BRDA:367,15,1,0
BRDA:411,16,0,0
BRDA:411,16,1,0
BRDA:511,17,0,0
BRDA:511,17,1,0
BRDA:513,18,0,0
BRDA:513,18,1,0
BRDA:539,19,0,0
BRDA:539,19,1,0
BRDA:543,20,0,0
BRDA:543,20,1,0
BRDA:571,21,0,0
BRDA:571,21,1,0
BRDA:597,22,0,4
BRDA:609,23,0,4
BRDA:617,24,0,4
BRDA:617,24,1,0
BRDA:619,25,0,4
BRDA:619,25,1,4
BRDA:621,26,0,4
BRDA:621,26,1,4
BRDA:623,27,0,4
BRDA:623,27,1,4
BRDA:625,28,0,4
BRDA:625,28,1,4
BRDA:641,29,0,1
BRDA:641,29,1,2
BRDA:641,30,0,3
BRDA:641,30,1,2
BRDA:653,31,0,0
BRDA:653,31,1,2
BRDA:667,32,0,1
BRDA:667,32,1,1
BRDA:681,33,0,1
BRDA:681,33,1,0
BRDA:737,34,0,0
BRDA:737,34,1,1
BRDA:749,35,0,0
BRDA:749,35,1,0
BRDA:751,36,0,0
BRDA:751,36,1,0
BRDA:785,37,0,0
BRDA:785,37,1,1
BRDA:787,38,0,0
BRDA:787,38,1,0
BRDA:795,39,0,0
BRDA:795,39,1,0
BRDA:807,40,0,0
BRDA:807,40,1,0
BRDA:911,41,0,1
BRDA:911,41,1,0
BRDA:919,42,0,1
BRDA:919,42,1,0
BRDA:919,43,0,1
BRDA:919,43,1,1
BRDA:977,44,0,0
BRDA:977,44,1,0
BRDA:1033,45,0,0
BRDA:1033,45,1,0
BRDA:1051,46,0,0
BRDA:1051,46,1,0
BRDA:1063,47,0,0
BRDA:1063,47,1,0
BRDA:1133,48,0,0
BRDA:1133,48,1,0
BRDA:1203,49,0,0
BRDA:1203,49,1,0
BRDA:1226,50,0,0
BRDA:1226,50,1,0
BRDA:1244,51,0,0
BRDA:1268,52,0,0
BRDA:1268,52,1,0
BRDA:1278,53,0,0
BRDA:1278,53,1,0
BRDA:1306,54,0,0
BRDA:1306,54,1,0
BRDA:1323,55,0,0
BRDA:1323,55,1,0
BRDA:1327,56,0,0
BRDA:1327,56,1,0
BRDA:1378,57,0,0
BRDA:1378,57,1,0
BRDA:1394,58,0,0
BRDA:1394,58,1,0
BRDA:1396,59,0,0
BRDA:1396,59,1,0
BRDA:1426,60,0,0
BRDA:1426,60,1,0
BRDA:1467,61,0,0
BRDA:1467,61,1,0
BRDA:1489,62,0,4
BRDA:1489,62,1,0
BRDA:1519,63,0,0
BRDA:1519,63,1,1
BRDA:1578,64,0,0
BRDA:1578,64,1,0
BRDA:1600,65,0,0
BRDA:1600,65,1,0
BRDA:1608,66,0,0
BRDA:1608,66,1,0
BRDA:1674,67,0,0
BRDA:1674,67,1,0
BRDA:1730,68,0,0
BRDA:1730,68,1,0
BRDA:1790,69,0,0
BRDA:1790,69,1,0
BRDA:1820,70,0,0
BRDA:1820,70,1,0
BRDA:1856,71,0,0
BRDA:1856,71,1,0
BRDA:1890,72,0,0
BRDA:1890,72,1,0
BRDA:1906,73,0,0
BRDA:1906,73,1,0
BRDA:1914,74,0,0
BRDA:1914,74,1,0
BRDA:1922,75,0,0
BRDA:1922,75,1,0
BRDA:1930,76,0,0
BRDA:1930,76,1,0
BRDA:1932,77,0,0
BRDA:1932,77,1,0
BRDA:1964,78,0,0
BRDA:1964,78,1,0
BRDA:1966,79,0,0
BRDA:1966,79,1,0
BRDA:1978,80,0,0
BRDA:1978,80,1,0
BRDA:2022,81,0,0
BRDA:2022,81,1,0
BRDA:2072,82,0,0
BRDA:2072,82,1,0
BRDA:2206,83,0,0
BRDA:2206,83,1,0
BRDA:2208,84,0,0
BRDA:2208,84,1,0
BRDA:2242,85,0,0
BRDA:2242,85,1,0
BRDA:2260,86,0,0
BRDA:2260,86,1,0
BRDA:2264,87,0,0
BRDA:2264,87,1,0
BRDA:2327,88,0,0
BRDA:2327,88,1,0
BRDA:2331,89,0,0
BRDA:2331,89,1,0
BRDA:2339,90,0,0
BRDA:2339,90,1,0
BRDA:2349,91,0,0
BRDA:2349,91,1,0
BRDA:2351,92,0,0
BRDA:2351,92,1,0
BRDA:2355,93,0,0
BRDA:2355,93,1,0
BRDA:2373,94,0,0
BRDA:2373,94,1,0
BRDA:2375,95,0,0
BRDA:2375,95,1,0
BRDA:2395,96,0,0
BRDA:2395,96,1,0
BRDA:2395,97,0,0
BRDA:2395,97,1,0
BRDA:2417,98,0,0
BRDA:2417,98,1,0
BRDA:2425,99,0,0
BRDA:2425,99,1,0
BRDA:2507,100,0,0
BRDA:2507,100,1,0
BRDA:2575,101,0,0
BRDA:2575,101,1,0
BRDA:2589,102,0,0
BRDA:2589,102,1,0
BRDA:2677,103,0,0
BRDA:2677,103,1,0
BRDA:2693,104,0,0
BRDA:2693,104,1,0
BRDA:2721,105,0,0
BRDA:2721,105,1,0
BRDA:2831,106,0,0
BRDA:2831,106,1,0
BRDA:2833,107,0,0
BRDA:2833,107,1,0
BRDA:2839,108,0,0
BRDA:2839,108,1,0
BRDA:2845,109,0,0
BRDA:2845,109,1,0
BRDA:3019,110,0,0
BRDA:3019,110,1,0
BRDA:3027,111,0,0
BRDA:3027,111,1,0
BRDA:3037,112,0,0
BRDA:3037,112,1,0
BRDA:3113,113,0,0
BRDA:3113,113,1,0
BRDA:3121,114,0,0
BRDA:3121,114,1,0
BRDA:3129,115,0,0
BRDA:3129,115,1,0
BRDA:3135,116,0,0
BRDA:3135,116,1,0
BRDA:3135,117,0,0
BRDA:3135,117,1,0
BRDA:3143,118,0,0
BRDA:3143,118,1,0
BRDA:3195,119,0,0
BRDA:3195,119,1,0
BRDA:3203,120,0,0
BRDA:3203,120,1,0
BRDA:3267,121,0,0
BRDA:3267,121,1,0
BRDA:3267,122,0,0
BRDA:3267,122,1,0
BRDA:3411,123,0,0
BRDA:3411,123,1,0
BRDA:3441,124,0,0
BRDA:3441,124,1,0
BRDA:3449,125,0,0
BRDA:3449,125,1,0
BRDA:3457,126,0,0
BRDA:3457,126,1,0
BRDA:3465,127,0,0
BRDA:3465,127,1,0
BRDA:3517,128,0,0
BRDA:3517,128,1,0
BRDA:3547,129,0,0
BRDA:3547,130,0,0
BRDA:3548,131,0,0
BRDA:3548,131,1,0
BRDA:3560,132,0,0
BRDA:3560,132,1,0
BRDA:3564,133,0,0
BRDA:3564,133,1,0
BRDA:3576,134,0,0
BRDA:3576,134,1,0
BRDA:3592,135,0,0
BRDA:3592,135,1,0
BRDA:3602,136,0,0
BRDA:3602,136,1,0
BRDA:3612,137,0,0
BRDA:3612,137,1,0
BRDA:3628,138,0,0
BRDA:3628,138,1,0
BRDA:3654,139,0,0
BRDA:3654,139,1,0
BRDA:3732,140,0,0
BRDA:3732,140,1,0
BRDA:3756,141,0,0
BRDA:3756,141,1,0
BRDA:3764,142,0,0
BRDA:3764,142,1,0
BRDA:3776,143,0,0
BRDA:3776,143,1,0
BRDA:3788,144,0,0
BRDA:3788,144,1,0
BRDA:3802,145,0,0
BRDA:3802,145,1,0
BRDA:3810,146,0,0
BRDA:3810,146,1,0
BRDA:3849,147,0,0
BRDA:3849,147,1,0
BRDA:3853,148,0,0
BRDA:3853,148,1,0
BRDA:3901,149,0,0
BRDA:3901,149,1,0
BRDA:3903,150,0,0
BRDA:3903,150,1,0
BRDA:3941,151,0,0
BRDA:3941,151,1,0
BRDA:3967,152,0,0
BRDA:3967,152,1,0
BRDA:4017,153,0,0
BRDA:4017,153,1,0
BRDA:4021,154,0,0
BRDA:4021,154,1,0
BRDA:4023,155,0,0
BRDA:4023,155,1,0
BRDA:4031,156,0,0
BRDA:4031,156,1,0
BRDA:4041,157,0,0
BRDA:4041,157,1,0
BRDA:4049,158,0,0
BRDA:4049,158,1,0
BRDA:4077,159,0,0
BRDA:4077,159,1,0
BRDA:4099,160,0,0
BRDA:4099,160,1,0
BRDA:4167,161,0,0
BRDA:4167,161,1,0
BRDA:4171,162,0,0
BRDA:4171,162,1,0
BRDA:4173,163,0,0
BRDA:4173,163,1,0
BRDA:4179,164,0,0
BRDA:4179,164,1,0
BRDA:4189,165,0,0
BRDA:4189,165,1,0
BRDA:4197,166,0,0
BRDA:4197,166,1,0
BRDA:4239,167,0,0
BRDA:4239,167,1,0
BRDA:4291,168,0,0
BRDA:4291,168,1,0
BRDA:4299,169,0,0
BRDA:4299,169,1,0
BRDA:4351,170,0,0
BRDA:4351,170,1,0
BRDA:4361,171,0,0
BRDA:4361,171,1,0
BRDA:4475,172,0,0
BRDA:4475,172,1,0
BRDA:4475,173,0,0
BRDA:4475,173,1,0
BRDA:4499,174,0,0
BRDA:4499,174,1,0
BRDA:4501,175,0,0
BRDA:4501,175,1,0
BRDA:4503,176,0,0
BRDA:4503,176,1,0
BRDA:4507,177,0,0
BRDA:4507,177,1,0
BRDA:4517,178,0,0
BRDA:4517,178,1,0
BRDA:4525,179,0,0
BRDA:4525,179,1,0
BRDA:4613,180,0,0
BRDA:4613,180,1,0
BRDA:4655,181,0,0
BRDA:4655,181,1,0
BRDA:4671,182,0,0
BRDA:4671,182,1,0
BRDA:4721,183,0,0
BRDA:4721,183,1,0
BRDA:4775,184,0,0
BRDA:4775,184,1,0
BRDA:4815,185,0,0
BRDA:4815,185,1,0
BRDA:4827,186,0,0
BRDA:4827,186,1,0
BRDA:4843,187,0,0
BRDA:4843,187,1,0
BRDA:4935,188,0,0
BRDA:4935,188,1,0
BRDA:4979,189,0,0
BRDA:4979,189,1,0
BRDA:5019,190,0,0
BRDA:5019,190,1,0
BRDA:5075,191,0,0
BRDA:5075,191,1,0
BRF:378
BRH:27
end_of_record
TN:
SF:models\ContractFile.js
FNF:0
FNH:0
DA:1,1
DA:3,1
DA:30,1
LF:3
LH:3
BRF:0
BRH:0
end_of_record
TN:
SF:models\ContractItem.js
FNF:0
FNH:0
DA:1,1
DA:3,1
DA:39,1
LF:3
LH:3
BRF:0
BRH:0
end_of_record
TN:
SF:models\DeliveryIssueReport.js
FNF:0
FNH:0
DA:1,1
DA:3,1
DA:107,1
LF:3
LH:3
BRF:0
BRH:0
end_of_record
TN:
SF:models\DeliveryTask.js
FNF:0
FNH:0
DA:1,1
DA:3,1
DA:39,1
LF:3
LH:3
BRF:0
BRH:0
end_of_record
TN:
SF:models\ExtensionRequest.js
FNF:0
FNH:0
DA:1,1
DA:3,1
DA:69,1
DA:70,1
DA:72,1
LF:5
LH:5
BRF:0
BRH:0
end_of_record
TN:
SF:models\HandoverRecord.js
FNF:0
FNH:0
DA:1,1
DA:3,1
DA:11,1
DA:17,1
DA:28,1
DA:39,1
DA:80,1
DA:190,1
DA:191,1
DA:192,1
DA:194,1
DA:205,1
LF:12
LH:12
BRF:0
BRH:0
end_of_record
TN:
SF:models\ReturnRecord.js
FNF:0
FNH:0
DA:1,1
DA:3,1
DA:12,1
DA:19,1
DA:30,1
DA:41,1
DA:77,1
DA:176,1
DA:177,1
DA:178,1
DA:189,1
LF:11
LH:11
BRF:0
BRH:0
end_of_record
TN:
SF:services\HandoverService.js
FN:15,(anonymous_0)
FN:23,(anonymous_1)
FN:41,(anonymous_2)
FN:59,(anonymous_3)
FN:65,(anonymous_4)
FN:84,(anonymous_5)
FN:91,(anonymous_6)
FN:112,(anonymous_7)
FN:115,(anonymous_8)
FN:128,(anonymous_9)
FN:138,(anonymous_10)
FN:149,(anonymous_11)
FN:172,(anonymous_12)
FN:179,(anonymous_13)
FN:193,(anonymous_14)
FN:278,(anonymous_15)
FN:303,(anonymous_16)
FN:321,(anonymous_17)
FN:329,(anonymous_18)
FN:391,(anonymous_19)
FN:408,(anonymous_20)
FN:472,(anonymous_21)
FN:482,(anonymous_22)
FN:489,(anonymous_23)
FN:601,(anonymous_24)
FN:710,(anonymous_25)
FN:718,(anonymous_26)
FN:739,(anonymous_27)
FN:740,(anonymous_28)
FN:763,(anonymous_29)
FN:841,(anonymous_30)
FNF:31
FNH:0
FNDA:0,(anonymous_0)
FNDA:0,(anonymous_1)
FNDA:0,(anonymous_2)
FNDA:0,(anonymous_3)
FNDA:0,(anonymous_4)
FNDA:0,(anonymous_5)
FNDA:0,(anonymous_6)
FNDA:0,(anonymous_7)
FNDA:0,(anonymous_8)
FNDA:0,(anonymous_9)
FNDA:0,(anonymous_10)
FNDA:0,(anonymous_11)
FNDA:0,(anonymous_12)
FNDA:0,(anonymous_13)
FNDA:0,(anonymous_14)
FNDA:0,(anonymous_15)
FNDA:0,(anonymous_16)
FNDA:0,(anonymous_17)
FNDA:0,(anonymous_18)
FNDA:0,(anonymous_19)
FNDA:0,(anonymous_20)
FNDA:0,(anonymous_21)
FNDA:0,(anonymous_22)
FNDA:0,(anonymous_23)
FNDA:0,(anonymous_24)
FNDA:0,(anonymous_25)
FNDA:0,(anonymous_26)
FNDA:0,(anonymous_27)
FNDA:0,(anonymous_28)
FNDA:0,(anonymous_29)
FNDA:0,(anonymous_30)
DA:1,1
DA:2,1
DA:3,1
DA:4,1
DA:5,1
DA:6,1
DA:12,1
DA:16,0
DA:17,0
DA:18,0
DA:19,0
DA:23,1
DA:24,0
DA:25,0
DA:29,1
DA:30,1
DA:36,1
DA:41,1
DA:42,0
DA:44,0
DA:47,0
DA:49,0
DA:51,0
DA:59,1
DA:60,0
DA:61,0
DA:62,0
DA:65,1
DA:66,0
DA:68,0
DA:70,0
DA:72,0
DA:74,0
DA:76,0
DA:78,0
DA:80,0
DA:84,1
DA:85,0
DA:88,0
DA:89,0
DA:91,0
DA:92,0
DA:94,0
DA:98,0
DA:99,0
DA:106,0
DA:112,0
DA:115,0
DA:128,1
DA:129,0
DA:132,0
DA:133,0
DA:135,0
DA:138,1
DA:139,0
DA:140,0
DA:141,0
DA:142,0
DA:143,0
DA:144,0
DA:146,0
DA:149,1
DA:150,0
DA:151,0
DA:172,1
DA:173,0
DA:174,0
DA:175,0
DA:179,1
DA:180,0
DA:181,0
DA:184,0
DA:185,0
DA:193,1
DA:200,0
DA:201,0
DA:202,0
DA:208,0
DA:210,0
DA:211,0
DA:212,0
DA:213,0
DA:214,0
DA:216,0
DA:217,0
DA:218,0
DA:221,0
DA:225,0
DA:226,0
DA:228,0
DA:229,0
DA:232,0
DA:233,0
DA:235,0
DA:236,0
DA:261,0
DA:263,0
DA:264,0
DA:271,0
DA:274,0
DA:278,1
DA:279,0
DA:281,0
DA:282,0
DA:283,0
DA:286,0
DA:290,0
DA:293,0
DA:300,0
DA:303,1
DA:304,0
DA:305,0
DA:315,0
DA:316,0
DA:318,0
DA:321,1
DA:322,0
DA:323,0
DA:326,0
DA:329,1
DA:330,0
DA:331,0
DA:333,0
DA:334,0
DA:336,0
DA:337,0
DA:338,0
DA:339,0
DA:342,0
DA:344,0
DA:345,0
DA:346,0
DA:349,0
DA:350,0
DA:353,0
DA:354,0
DA:356,0
DA:372,0
DA:373,0
DA:374,0
DA:375,0
DA:376,0
DA:378,0
DA:381,0
DA:382,0
DA:384,0
DA:385,0
DA:387,0
DA:391,1
DA:392,0
DA:393,0
DA:396,0
DA:397,0
DA:398,0
DA:401,0
DA:402,0
DA:403,0
DA:408,1
DA:409,0
DA:410,0
DA:411,0
DA:413,0
DA:414,0
DA:416,0
DA:417,0
DA:418,0
DA:419,0
DA:422,0
DA:424,0
DA:425,0
DA:428,0
DA:429,0
DA:430,0
DA:433,0
DA:444,0
DA:458,0
DA:459,0
DA:462,0
DA:463,0
DA:465,0
DA:466,0
DA:468,0
DA:472,1
DA:473,0
DA:474,0
DA:475,0
DA:476,0
DA:480,0
DA:482,0
DA:483,0
DA:484,0
DA:485,0
DA:489,1
DA:496,0
DA:497,0
DA:499,0
DA:500,0
DA:503,0
DA:504,0
DA:507,0
DA:508,0
DA:510,0
DA:511,0
DA:512,0
DA:513,0
DA:516,0
DA:518,0
DA:519,0
DA:520,0
DA:523,0
DA:524,0
DA:527,0
DA:528,0
DA:529,0
DA:531,0
DA:542,0
DA:543,0
DA:545,0
DA:546,0
DA:547,0
DA:548,0
DA:549,0
DA:553,0
DA:554,0
DA:557,0
DA:560,0
DA:587,0
DA:588,0
DA:591,0
DA:592,0
DA:594,0
DA:595,0
DA:597,0
DA:601,1
DA:608,0
DA:609,0
DA:611,0
DA:612,0
DA:615,0
DA:616,0
DA:619,0
DA:620,0
DA:623,0
DA:624,0
DA:626,0
DA:627,0
DA:628,0
DA:629,0
DA:632,0
DA:634,0
DA:635,0
DA:636,0
DA:639,0
DA:640,0
DA:643,0
DA:644,0
DA:645,0
DA:648,0
DA:666,0
DA:688,0
DA:689,0
DA:692,0
DA:705,0
DA:710,0
DA:711,0
DA:712,0
DA:718,0
DA:719,0
DA:720,0
DA:724,0
DA:725,0
DA:726,0
DA:735,0
DA:739,0
DA:740,0
DA:753,0
DA:754,0
DA:756,0
DA:757,0
DA:759,0
DA:763,1
DA:769,0
DA:770,0
DA:771,0
DA:773,0
DA:774,0
DA:775,0
DA:778,0
DA:779,0
DA:786,0
DA:791,0
DA:792,0
DA:795,0
DA:796,0
DA:797,0
DA:800,0
DA:801,0
DA:803,0
DA:804,0
DA:826,0
DA:828,0
DA:829,0
DA:835,0
DA:837,0
DA:841,1
DA:842,0
DA:844,0
DA:845,0
DA:847,0
DA:848,0
DA:849,0
DA:850,0
DA:853,0
DA:854,0
DA:857,0
DA:859,0
DA:876,0
DA:901,0
DA:903,0
DA:908,0
DA:909,0
DA:911,0
DA:915,1
LF:323
LH:33
BRDA:15,0,0,0
BRDA:15,1,0,0
BRDA:24,2,0,0
BRDA:24,2,1,0
BRDA:42,3,0,0
BRDA:42,3,1,0
BRDA:42,3,2,0
BRDA:42,3,3,0
BRDA:42,3,4,0
BRDA:60,4,0,0
BRDA:60,4,1,0
BRDA:61,5,0,0
BRDA:61,5,1,0
BRDA:61,6,0,0
BRDA:61,6,1,0
BRDA:66,7,0,0
BRDA:66,7,1,0
BRDA:66,7,2,0
BRDA:66,7,3,0
BRDA:66,7,4,0
BRDA:66,7,5,0
BRDA:66,7,6,0
BRDA:88,8,0,0
BRDA:88,8,1,0
BRDA:94,9,0,0
BRDA:94,9,1,0
BRDA:94,10,0,0
BRDA:94,10,1,0
BRDA:94,10,2,0
BRDA:98,11,0,0
BRDA:98,11,1,0
BRDA:109,12,0,0
BRDA:109,12,1,0
BRDA:109,12,2,0
BRDA:112,13,0,0
BRDA:112,13,1,0
BRDA:114,14,0,0
BRDA:114,14,1,0
BRDA:115,15,0,0
BRDA:115,15,1,0
BRDA:115,16,0,0
BRDA:115,16,1,0
BRDA:115,16,2,0
BRDA:132,17,0,0
BRDA:132,17,1,0
BRDA:135,18,0,0
BRDA:135,18,1,0
BRDA:139,19,0,0
BRDA:139,19,1,0
BRDA:141,20,0,0
BRDA:141,20,1,0
BRDA:143,21,0,0
BRDA:143,21,1,0
BRDA:150,22,0,0
BRDA:150,22,1,0
BRDA:173,23,0,0
BRDA:173,23,1,0
BRDA:174,24,0,0
BRDA:174,24,1,0
BRDA:180,25,0,0
BRDA:180,25,1,0
BRDA:184,26,0,0
BRDA:184,26,1,0
BRDA:201,27,0,0
BRDA:201,27,1,0
BRDA:202,28,0,0
BRDA:202,28,1,0
BRDA:208,29,0,0
BRDA:208,29,1,0
BRDA:212,30,0,0
BRDA:212,30,1,0
BRDA:217,31,0,0
BRDA:217,31,1,0
BRDA:217,32,0,0
BRDA:217,32,1,0
BRDA:225,33,0,0
BRDA:225,33,1,0
BRDA:228,34,0,0
BRDA:228,34,1,0
BRDA:235,35,0,0
BRDA:235,35,1,0
BRDA:243,36,0,0
BRDA:243,36,1,0
BRDA:243,36,2,0
BRDA:254,37,0,0
BRDA:254,37,1,0
BRDA:254,37,2,0
BRDA:255,38,0,0
BRDA:255,38,1,0
BRDA:255,38,2,0
BRDA:263,39,0,0
BRDA:263,39,1,0
BRDA:271,40,0,0
BRDA:271,40,1,0
BRDA:282,41,0,0
BRDA:282,41,1,0
BRDA:286,42,0,0
BRDA:286,42,1,0
BRDA:287,43,0,0
BRDA:287,43,1,0
BRDA:315,44,0,0
BRDA:315,44,1,0
BRDA:338,45,0,0
BRDA:338,45,1,0
BRDA:344,46,0,0
BRDA:344,46,1,0
BRDA:349,47,0,0
BRDA:349,47,1,0
BRDA:365,48,0,0
BRDA:365,48,1,0
BRDA:366,49,0,0
BRDA:366,49,1,0
BRDA:372,50,0,0
BRDA:372,50,1,0
BRDA:374,51,0,0
BRDA:374,51,1,0
BRDA:374,52,0,0
BRDA:374,52,1,0
BRDA:392,53,0,0
BRDA:392,53,1,0
BRDA:392,54,0,0
BRDA:392,54,1,0
BRDA:396,55,0,0
BRDA:396,55,1,0
BRDA:397,56,0,0
BRDA:397,56,1,0
BRDA:402,57,0,0
BRDA:402,57,1,0
BRDA:402,58,0,0
BRDA:402,58,1,0
BRDA:418,59,0,0
BRDA:418,59,1,0
BRDA:424,60,0,0
BRDA:424,60,1,0
BRDA:429,61,0,0
BRDA:429,61,1,0
BRDA:429,62,0,0
BRDA:429,62,1,0
BRDA:440,63,0,0
BRDA:440,63,1,0
BRDA:441,64,0,0
BRDA:441,64,1,0
BRDA:450,65,0,0
BRDA:450,65,1,0
BRDA:451,66,0,0
BRDA:451,66,1,0
BRDA:452,67,0,0
BRDA:452,67,1,0
BRDA:458,68,0,0
BRDA:458,68,1,0
BRDA:475,69,0,0
BRDA:475,69,1,0
BRDA:480,70,0,0
BRDA:480,70,1,0
BRDA:484,71,0,0
BRDA:484,71,1,0
BRDA:499,72,0,0
BRDA:499,72,1,0
BRDA:503,73,0,0
BRDA:503,73,1,0
BRDA:512,74,0,0
BRDA:512,74,1,0
BRDA:518,75,0,0
BRDA:518,75,1,0
BRDA:523,76,0,0
BRDA:523,76,1,0
BRDA:527,77,0,0
BRDA:527,77,1,0
BRDA:542,78,0,0
BRDA:542,78,1,0
BRDA:545,79,0,0
BRDA:545,79,1,0
BRDA:547,80,0,0
BRDA:547,80,1,0
BRDA:553,81,0,0
BRDA:553,81,1,0
BRDA:572,82,0,0
BRDA:572,82,1,0
BRDA:574,83,0,0
BRDA:574,83,1,0
BRDA:575,84,0,0
BRDA:575,84,1,0
BRDA:576,85,0,0
BRDA:576,85,1,0
BRDA:579,86,0,0
BRDA:579,86,1,0
BRDA:581,87,0,0
BRDA:581,87,1,0
BRDA:587,88,0,0
BRDA:587,88,1,0
BRDA:611,89,0,0
BRDA:611,89,1,0
BRDA:615,90,0,0
BRDA:615,90,1,0
BRDA:619,91,0,0
BRDA:619,91,1,0
BRDA:619,92,0,0
BRDA:619,92,1,0
BRDA:628,93,0,0
BRDA:628,93,1,0
BRDA:634,94,0,0
BRDA:634,94,1,0
BRDA:639,95,0,0
BRDA:639,95,1,0
BRDA:643,96,0,0
BRDA:643,96,1,0
BRDA:650,97,0,0
BRDA:650,97,1,0
BRDA:652,98,0,0
BRDA:652,98,1,0
BRDA:653,99,0,0
BRDA:653,99,1,0
BRDA:655,100,0,0
BRDA:655,100,1,0
BRDA:658,101,0,0
BRDA:658,101,1,0
BRDA:661,102,0,0
BRDA:661,102,1,0
BRDA:662,103,0,0
BRDA:662,103,1,0
BRDA:663,104,0,0
BRDA:663,104,1,0
BRDA:676,105,0,0
BRDA:676,105,1,0
BRDA:680,106,0,0
BRDA:680,106,1,0
BRDA:682,107,0,0
BRDA:682,107,1,0
BRDA:688,108,0,0
BRDA:688,108,1,0
BRDA:710,109,0,0
BRDA:710,109,1,0
BRDA:711,110,0,0
BRDA:711,110,1,0
BRDA:730,111,0,0
BRDA:730,111,1,0
BRDA:770,112,0,0
BRDA:770,112,1,0
BRDA:774,113,0,0
BRDA:774,113,1,0
BRDA:778,114,0,0
BRDA:778,114,1,0
BRDA:791,115,0,0
BRDA:791,115,1,0
BRDA:796,116,0,0
BRDA:796,116,1,0
BRDA:796,117,0,0
BRDA:796,117,1,0
BRDA:810,118,0,0
BRDA:810,118,1,0
BRDA:810,118,2,0
BRDA:821,119,0,0
BRDA:821,119,1,0
BRDA:821,119,2,0
BRDA:822,120,0,0
BRDA:822,120,1,0
BRDA:822,120,2,0
BRDA:828,121,0,0
BRDA:828,121,1,0
BRDA:835,122,0,0
BRDA:835,122,1,0
BRDA:849,123,0,0
BRDA:849,123,1,0
BRDA:853,124,0,0
BRDA:853,124,1,0
BRF:265
BRH:0
end_of_record
TN:
SF:services\ReturnService.js
FN:14,(anonymous_0)
FN:25,(anonymous_1)
FN:31,(anonymous_2)
FN:48,(anonymous_3)
FN:71,(anonymous_4)
FN:77,(anonymous_5)
FN:84,(anonymous_6)
FN:107,(anonymous_7)
FN:117,(anonymous_8)
FN:134,(anonymous_9)
FN:137,(anonymous_10)
FN:159,(anonymous_11)
FN:163,(anonymous_12)
FN:178,(anonymous_13)
FN:184,(anonymous_14)
FN:198,(anonymous_15)
FN:278,(anonymous_16)
FN:283,(anonymous_17)
FN:301,(anonymous_18)
FN:354,(anonymous_19)
FN:355,(anonymous_20)
FN:384,(anonymous_21)
FN:447,(anonymous_22)
FN:506,(anonymous_23)
FN:572,(anonymous_24)
FN:642,(anonymous_25)
FN:650,(anonymous_26)
FN:663,(anonymous_27)
FN:664,(anonymous_28)
FN:693,(anonymous_29)
FN:776,(anonymous_30)
FNF:31
FNH:0
FNDA:0,(anonymous_0)
FNDA:0,(anonymous_1)
FNDA:0,(anonymous_2)
FNDA:0,(anonymous_3)
FNDA:0,(anonymous_4)
FNDA:0,(anonymous_5)
FNDA:0,(anonymous_6)
FNDA:0,(anonymous_7)
FNDA:0,(anonymous_8)
FNDA:0,(anonymous_9)
FNDA:0,(anonymous_10)
FNDA:0,(anonymous_11)
FNDA:0,(anonymous_12)
FNDA:0,(anonymous_13)
FNDA:0,(anonymous_14)
FNDA:0,(anonymous_15)
FNDA:0,(anonymous_16)
FNDA:0,(anonymous_17)
FNDA:0,(anonymous_18)
FNDA:0,(anonymous_19)
FNDA:0,(anonymous_20)
FNDA:0,(anonymous_21)
FNDA:0,(anonymous_22)
FNDA:0,(anonymous_23)
FNDA:0,(anonymous_24)
FNDA:0,(anonymous_25)
FNDA:0,(anonymous_26)
FNDA:0,(anonymous_27)
FNDA:0,(anonymous_28)
FNDA:0,(anonymous_29)
FNDA:0,(anonymous_30)
DA:1,1
DA:2,1
DA:3,1
DA:4,1
DA:5,1
DA:11,1
DA:15,0
DA:16,0
DA:17,0
DA:18,0
DA:22,1
DA:25,1
DA:26,0
DA:27,0
DA:28,0
DA:31,1
DA:32,0
DA:34,0
DA:36,0
DA:38,0
DA:44,0
DA:48,1
DA:49,0
DA:51,0
DA:53,0
DA:55,0
DA:57,0
DA:59,0
DA:61,0
DA:63,0
DA:65,0
DA:67,0
DA:71,1
DA:72,0
DA:73,0
DA:77,1
DA:78,0
DA:79,0
DA:80,0
DA:84,1
DA:85,0
DA:86,0
DA:107,1
DA:108,0
DA:111,0
DA:112,0
DA:114,0
DA:117,1
DA:118,0
DA:121,0
DA:122,0
DA:124,0
DA:130,0
DA:131,0
DA:133,0
DA:134,0
DA:137,0
DA:138,0
DA:139,0
DA:141,0
DA:145,0
DA:146,0
DA:153,0
DA:159,0
DA:163,0
DA:178,1
DA:179,0
DA:180,0
DA:184,1
DA:185,0
DA:186,0
DA:189,0
DA:190,0
DA:198,1
DA:199,0
DA:200,0
DA:202,0
DA:204,0
DA:205,0
DA:206,0
DA:207,0
DA:209,0
DA:213,0
DA:214,0
DA:216,0
DA:217,0
DA:220,0
DA:221,0
DA:223,0
DA:224,0
DA:225,0
DA:263,0
DA:265,0
DA:266,0
DA:272,0
DA:274,0
DA:278,1
DA:279,0
DA:280,0
DA:283,1
DA:284,0
DA:285,0
DA:295,0
DA:296,0
DA:298,0
DA:301,1
DA:302,0
DA:303,0
DA:305,0
DA:306,0
DA:308,0
DA:309,0
DA:310,0
DA:311,0
DA:314,0
DA:316,0
DA:317,0
DA:318,0
DA:321,0
DA:322,0
DA:325,0
DA:338,0
DA:339,0
DA:342,0
DA:347,0
DA:348,0
DA:350,0
DA:354,0
DA:355,0
DA:374,0
DA:375,0
DA:377,0
DA:378,0
DA:380,0
DA:384,1
DA:385,0
DA:386,0
DA:387,0
DA:389,0
DA:390,0
DA:392,0
DA:393,0
DA:394,0
DA:395,0
DA:398,0
DA:400,0
DA:401,0
DA:404,0
DA:433,0
DA:434,0
DA:437,0
DA:438,0
DA:440,0
DA:441,0
DA:443,0
DA:447,1
DA:448,0
DA:449,0
DA:451,0
DA:452,0
DA:454,0
DA:455,0
DA:457,0
DA:458,0
DA:459,0
DA:462,0
DA:464,0
DA:465,0
DA:466,0
DA:469,0
DA:470,0
DA:473,0
DA:492,0
DA:493,0
DA:496,0
DA:497,0
DA:499,0
DA:500,0
DA:502,0
DA:506,1
DA:507,0
DA:508,0
DA:510,0
DA:511,0
DA:513,0
DA:514,0
DA:516,0
DA:517,0
DA:518,0
DA:521,0
DA:523,0
DA:524,0
DA:525,0
DA:528,0
DA:529,0
DA:532,0
DA:558,0
DA:559,0
DA:562,0
DA:563,0
DA:565,0
DA:566,0
DA:568,0
DA:572,1
DA:573,0
DA:574,0
DA:576,0
DA:577,0
DA:580,0
DA:581,0
DA:583,0
DA:584,0
DA:585,0
DA:586,0
DA:589,0
DA:591,0
DA:592,0
DA:593,0
DA:596,0
DA:597,0
DA:600,0
DA:624,0
DA:625,0
DA:628,0
DA:629,0
DA:630,0
DA:633,0
DA:634,0
DA:635,0
DA:637,0
DA:642,0
DA:643,0
DA:644,0
DA:650,0
DA:651,0
DA:652,0
DA:656,0
DA:657,0
DA:659,0
DA:663,0
DA:664,0
DA:683,0
DA:684,0
DA:686,0
DA:687,0
DA:689,0
DA:693,1
DA:694,0
DA:695,0
DA:697,0
DA:698,0
DA:700,0
DA:701,0
DA:702,0
DA:703,0
DA:706,0
DA:707,0
DA:714,0
DA:721,0
DA:722,0
DA:725,0
DA:726,0
DA:728,0
DA:766,0
DA:767,0
DA:769,0
DA:770,0
DA:772,0
DA:776,1
DA:777,0
DA:779,0
DA:780,0
DA:782,0
DA:783,0
DA:784,0
DA:785,0
DA:788,0
DA:789,0
DA:796,0
DA:801,0
DA:802,0
DA:803,0
DA:806,0
DA:807,0
DA:808,0
DA:809,0
DA:810,0
DA:811,0
DA:812,0
DA:814,0
DA:815,0
DA:817,0
DA:818,0
DA:820,0
DA:824,1
LF:295
LH:28
BRDA:14,0,0,0
BRDA:14,1,0,0
BRDA:26,2,0,0
BRDA:26,2,1,0
BRDA:27,3,0,0
BRDA:27,3,1,0
BRDA:27,4,0,0
BRDA:27,4,1,0
BRDA:32,5,0,0
BRDA:32,5,1,0
BRDA:32,5,2,0
BRDA:32,5,3,0
BRDA:32,5,4,0
BRDA:32,5,5,0
BRDA:32,5,6,0
BRDA:32,5,7,0
BRDA:49,6,0,0
BRDA:49,6,1,0
BRDA:49,6,2,0
BRDA:49,6,3,0
BRDA:49,6,4,0
BRDA:49,6,5,0
BRDA:49,6,6,0
BRDA:49,6,7,0
BRDA:49,6,8,0
BRDA:72,7,0,0
BRDA:72,7,1,0
BRDA:78,8,0,0
BRDA:78,8,1,0
BRDA:79,9,0,0
BRDA:79,9,1,0
BRDA:85,10,0,0
BRDA:85,10,1,0
BRDA:111,11,0,0
BRDA:111,11,1,0
BRDA:114,12,0,0
BRDA:114,12,1,0
BRDA:121,13,0,0
BRDA:121,13,1,0
BRDA:130,14,0,0
BRDA:130,14,1,0
BRDA:134,15,0,0
BRDA:134,15,1,0
BRDA:141,16,0,0
BRDA:141,16,1,0
BRDA:141,17,0,0
BRDA:141,17,1,0
BRDA:141,17,2,0
BRDA:145,18,0,0
BRDA:145,18,1,0
BRDA:156,19,0,0
BRDA:156,19,1,0
BRDA:156,19,2,0
BRDA:157,20,0,0
BRDA:157,20,1,0
BRDA:158,21,0,0
BRDA:158,21,1,0
BRDA:161,22,0,0
BRDA:161,22,1,0
BRDA:163,23,0,0
BRDA:163,23,1,0
BRDA:163,24,0,0
BRDA:163,24,1,0
BRDA:163,24,2,0
BRDA:166,25,0,0
BRDA:166,25,1,0
BRDA:169,26,0,0
BRDA:169,26,1,0
BRDA:179,27,0,0
BRDA:179,27,1,0
BRDA:179,28,0,0
BRDA:179,28,1,0
BRDA:185,29,0,0
BRDA:185,29,1,0
BRDA:189,30,0,0
BRDA:189,30,1,0
BRDA:200,31,0,0
BRDA:200,31,1,0
BRDA:202,32,0,0
BRDA:202,32,1,0
BRDA:205,33,0,0
BRDA:205,33,1,0
BRDA:213,34,0,0
BRDA:213,34,1,0
BRDA:216,35,0,0
BRDA:216,35,1,0
BRDA:223,36,0,0
BRDA:223,36,1,0
BRDA:231,37,0,0
BRDA:231,37,1,0
BRDA:231,37,2,0
BRDA:256,38,0,0
BRDA:256,38,1,0
BRDA:256,38,2,0
BRDA:257,39,0,0
BRDA:257,39,1,0
BRDA:257,39,2,0
BRDA:265,40,0,0
BRDA:265,40,1,0
BRDA:272,41,0,0
BRDA:272,41,1,0
BRDA:295,42,0,0
BRDA:295,42,1,0
BRDA:310,43,0,0
BRDA:310,43,1,0
BRDA:316,44,0,0
BRDA:316,44,1,0
BRDA:321,45,0,0
BRDA:321,45,1,0
BRDA:330,46,0,0
BRDA:330,46,1,0
BRDA:331,47,0,0
BRDA:331,47,1,0
BRDA:332,48,0,0
BRDA:332,48,1,0
BRDA:338,49,0,0
BRDA:338,49,1,0
BRDA:363,50,0,0
BRDA:363,50,1,0
BRDA:364,51,0,0
BRDA:364,51,1,0
BRDA:368,52,0,0
BRDA:368,52,1,0
BRDA:394,53,0,0
BRDA:394,53,1,0
BRDA:400,54,0,0
BRDA:400,54,1,0
BRDA:417,55,0,0
BRDA:417,55,1,0
BRDA:417,55,2,0
BRDA:419,56,0,0
BRDA:419,56,1,0
BRDA:420,57,0,0
BRDA:420,57,1,0
BRDA:422,58,0,0
BRDA:422,58,1,0
BRDA:422,58,2,0
BRDA:423,59,0,0
BRDA:423,59,1,0
BRDA:424,60,0,0
BRDA:424,60,1,0
BRDA:427,61,0,0
BRDA:427,61,1,0
BRDA:433,62,0,0
BRDA:433,62,1,0
BRDA:451,63,0,0
BRDA:451,63,1,0
BRDA:455,64,0,0
BRDA:455,64,1,0
BRDA:458,65,0,0
BRDA:458,65,1,0
BRDA:464,66,0,0
BRDA:464,66,1,0
BRDA:465,67,0,0
BRDA:465,67,1,0
BRDA:469,68,0,0
BRDA:469,68,1,0
BRDA:482,69,0,0
BRDA:482,69,1,0
BRDA:483,70,0,0
BRDA:483,70,1,0
BRDA:484,71,0,0
BRDA:484,71,1,0
BRDA:486,72,0,0
BRDA:486,72,1,0
BRDA:492,73,0,0
BRDA:492,73,1,0
BRDA:496,74,0,0
BRDA:496,74,1,0
BRDA:499,75,0,0
BRDA:499,75,1,0
BRDA:502,76,0,0
BRDA:502,76,1,0
BRDA:510,77,0,0
BRDA:510,77,1,0
BRDA:514,78,0,0
BRDA:514,78,1,0
BRDA:517,79,0,0
BRDA:517,79,1,0
BRDA:523,80,0,0
BRDA:523,80,1,0
BRDA:524,81,0,0
BRDA:524,81,1,0
BRDA:528,82,0,0
BRDA:528,82,1,0
BRDA:541,83,0,0
BRDA:541,83,1,0
BRDA:545,84,0,0
BRDA:545,84,1,0
BRDA:546,85,0,0
BRDA:546,85,1,0
BRDA:547,86,0,0
BRDA:547,86,1,0
BRDA:550,87,0,0
BRDA:550,87,1,0
BRDA:552,88,0,0
BRDA:552,88,1,0
BRDA:558,89,0,0
BRDA:558,89,1,0
BRDA:562,90,0,0
BRDA:562,90,1,0
BRDA:565,91,0,0
BRDA:565,91,1,0
BRDA:568,92,0,0
BRDA:568,92,1,0
BRDA:576,93,0,0
BRDA:576,93,1,0
BRDA:576,94,0,0
BRDA:576,94,1,0
BRDA:585,95,0,0
BRDA:585,95,1,0
BRDA:591,96,0,0
BRDA:591,96,1,0
BRDA:596,97,0,0
BRDA:596,97,1,0
BRDA:609,98,0,0
BRDA:609,98,1,0
BRDA:612,99,0,0
BRDA:612,99,1,0
BRDA:613,100,0,0
BRDA:613,100,1,0
BRDA:614,101,0,0
BRDA:614,101,1,0
BRDA:616,102,0,0
BRDA:616,102,1,0
BRDA:618,103,0,0
BRDA:618,103,1,0
BRDA:624,104,0,0
BRDA:624,104,1,0
BRDA:629,105,0,0
BRDA:629,105,1,0
BRDA:642,106,0,0
BRDA:642,106,1,0
BRDA:643,107,0,0
BRDA:643,107,1,0
BRDA:672,108,0,0
BRDA:672,108,1,0
BRDA:673,109,0,0
BRDA:673,109,1,0
BRDA:677,110,0,0
BRDA:677,110,1,0
BRDA:702,111,0,0
BRDA:702,111,1,0
BRDA:706,112,0,0
BRDA:706,112,1,0
BRDA:721,113,0,0
BRDA:721,113,1,0
BRDA:759,114,0,0
BRDA:759,114,1,0
BRDA:760,115,0,0
BRDA:760,115,1,0
BRDA:784,116,0,0
BRDA:784,116,1,0
BRDA:788,117,0,0
BRDA:788,117,1,0
BRDA:801,118,0,0
BRDA:801,118,1,0
BRDA:808,119,0,0
BRDA:808,119,1,0
BRDA:810,120,0,0
BRDA:810,120,1,0
BRF:261
BRH:0
end_of_record
TN:
SF:utils\operationStaffSocket.js
FN:10,init
FN:14,emitOperationStaffUpdate
FNF:2
FNH:0
FNDA:0,init
FNDA:0,emitOperationStaffUpdate
DA:6,1
DA:8,1
DA:11,0
DA:15,0
DA:16,0
DA:17,0
DA:22,0
DA:26,1
LF:8
LH:3
BRDA:14,0,0,0
BRDA:15,1,0,0
BRDA:15,1,1,0
BRF:3
BRH:0
end_of_record
TN:
SF:utils\socketUser.js
FN:4,(anonymous_0)
FN:5,(anonymous_1)
FN:14,(anonymous_2)
FN:15,(anonymous_3)
FN:19,(anonymous_4)
FN:20,(anonymous_5)
FN:24,(anonymous_6)
FNF:7
FNH:0
FNDA:0,(anonymous_0)
FNDA:0,(anonymous_1)
FNDA:0,(anonymous_2)
FNDA:0,(anonymous_3)
FNDA:0,(anonymous_4)
FNDA:0,(anonymous_5)
FNDA:0,(anonymous_6)
DA:1,1
DA:4,1
DA:5,0
DA:6,0
DA:7,0
DA:9,0
DA:14,1
DA:15,0
DA:19,1
DA:20,0
DA:24,1
DA:26,1
LF:12
LH:6
BRDA:6,0,0,0
BRDA:6,0,1,0
BRF:2
BRH:0
end_of_record
